[2024-10-03T13:14:21.923+0000] {local_task_job_runner.py:123} INFO - ::group::Pre task execution logs
[2024-10-03T13:14:21.943+0000] {taskinstance.py:2612} INFO - Dependencies all met for dep_context=non-requeueable deps ti=<TaskInstance: youtube_pipeline.youtube_extration manual__2024-10-03T13:14:20.883460+00:00 [queued]>
[2024-10-03T13:14:21.956+0000] {taskinstance.py:2612} INFO - Dependencies all met for dep_context=requeueable deps ti=<TaskInstance: youtube_pipeline.youtube_extration manual__2024-10-03T13:14:20.883460+00:00 [queued]>
[2024-10-03T13:14:21.958+0000] {taskinstance.py:2865} INFO - Starting attempt 1 of 1
[2024-10-03T13:14:21.973+0000] {taskinstance.py:2888} INFO - Executing <Task(PythonOperator): youtube_extration> on 2024-10-03 13:14:20.883460+00:00
[2024-10-03T13:14:21.981+0000] {standard_task_runner.py:72} INFO - Started process 168 to run task
[2024-10-03T13:14:21.985+0000] {standard_task_runner.py:104} INFO - Running: ['airflow', 'tasks', 'run', 'youtube_pipeline', 'youtube_extration', 'manual__2024-10-03T13:14:20.883460+00:00', '--job-id', '22', '--raw', '--subdir', 'DAGS_FOLDER/youtube_dag.py', '--cfg-path', '/tmp/tmp42zbk_1h']
[2024-10-03T13:14:21.988+0000] {standard_task_runner.py:105} INFO - Job 22: Subtask youtube_extration
[2024-10-03T13:14:22.036+0000] {task_command.py:467} INFO - Running <TaskInstance: youtube_pipeline.youtube_extration manual__2024-10-03T13:14:20.883460+00:00 [running]> on host 4d91c6c5073f
[2024-10-03T13:14:22.115+0000] {taskinstance.py:3131} INFO - Exporting env vars: AIRFLOW_CTX_DAG_OWNER='Haziq' AIRFLOW_CTX_DAG_ID='youtube_pipeline' AIRFLOW_CTX_TASK_ID='youtube_extration' AIRFLOW_CTX_EXECUTION_DATE='2024-10-03T13:14:20.883460+00:00' AIRFLOW_CTX_TRY_NUMBER='1' AIRFLOW_CTX_DAG_RUN_ID='manual__2024-10-03T13:14:20.883460+00:00'
[2024-10-03T13:14:22.117+0000] {taskinstance.py:731} INFO - ::endgroup::
[2024-10-03T13:14:22.133+0000] {__init__.py:49} INFO - file_cache is only supported with oauth2client<4.0.0
[2024-10-03T13:14:25.720+0000] {logging_mixin.py:190} INFO - playlist id isUUX6OQ3DkcsbYNE6H8uQQuVA
[2024-10-03T13:14:26.455+0000] {logging_mixin.py:190} INFO - ['vDrSCXFMAKk', 'snX5YyflrGw', 'nbzQdlWrcnk', '8krJy31Diow', 'aRcUVhVlSHg', 'Jo7sfpeWqwE', 'QtD-CeUdRUQ', 'ndAQfTzlVjc', 'AydS-vA3qa4', 'UPrkC1LdlLY', '8bTQMDM4qvY', '4SNThp0YiU4', 'XhuisK0bTSA', 'lkCRPp7cnP8', 'KkCXLABwHP0', 'PWirijQkH4M', 'U_LlX4t0A9I', 'T8I165Qxeo8', 'i-9V21MqlhY', 'f0cXJ6mJxGc', 'F6PqxbvOCUI', 'oA4LSZvX4iE', 'ZKxnjszkZto', '8_gdcaX9Xqk', 'snUyLbGx6U4', 'Pv0iVoSZzN8', 'CWbV3NItSdY', 'l-nMKJ5J3Uc', 'XE1Qyss8GIY', '6GzHPS0rEgc', 'imhY0pe-Sd8', 'erLbbextvlY', 'OnTTThIzuNU', 'mKdjycj-7eE', 'tWYsfOSY9vY', 'sH48lKbayNU', 'AFXoSFNMwIA', 'AjwAdtlRKf8', 'KOEfDvr4DcQ', 'krsBRQbOPQ4', '7ESeQBeikKs', 'K_CbgLpvH9E', 'lOKASgtr6kU', '9RhWXPcKBI8', 'ZVt9ZJfWV1c', 'rWBOITBjitE', 'tnTPaLOaHz8', 'Wdjh81uH6FU', '7dYTw-jAYkY', 'AjZDwxt7S8w']
[2024-10-03T13:14:50.002+0000] {logging_mixin.py:190} INFO - {'viewCount': '60005966102', 'subscriberCount': '318000000', 'videoCount': '818'}
[2024-10-03T13:14:50.016+0000] {python.py:240} INFO - Done. Returned value was: /opt/airflow/data/output
[2024-10-03T13:14:50.038+0000] {taskinstance.py:340} INFO - ::group::Post task execution logs
[2024-10-03T13:14:50.040+0000] {taskinstance.py:352} INFO - Marking task as SUCCESS. dag_id=youtube_pipeline, task_id=youtube_extration, run_id=manual__2024-10-03T13:14:20.883460+00:00, execution_date=20241003T131420, start_date=20241003T131421, end_date=20241003T131450
[2024-10-03T13:14:50.064+0000] {local_task_job_runner.py:266} INFO - Task exited with return code 0
[2024-10-03T13:14:50.084+0000] {taskinstance.py:3900} INFO - 1 downstream tasks scheduled from follow-on schedule check
[2024-10-03T13:14:50.086+0000] {local_task_job_runner.py:245} INFO - ::endgroup::
