[2024-10-05T09:46:20.951+0000] {local_task_job_runner.py:123} INFO - ::group::Pre task execution logs
[2024-10-05T09:46:20.967+0000] {taskinstance.py:2612} INFO - Dependencies all met for dep_context=non-requeueable deps ti=<TaskInstance: youtube_pipeline.youtube_extration manual__2024-10-05T09:46:19.794469+00:00 [queued]>
[2024-10-05T09:46:20.977+0000] {taskinstance.py:2612} INFO - Dependencies all met for dep_context=requeueable deps ti=<TaskInstance: youtube_pipeline.youtube_extration manual__2024-10-05T09:46:19.794469+00:00 [queued]>
[2024-10-05T09:46:20.979+0000] {taskinstance.py:2865} INFO - Starting attempt 1 of 1
[2024-10-05T09:46:20.994+0000] {taskinstance.py:2888} INFO - Executing <Task(PythonOperator): youtube_extration> on 2024-10-05 09:46:19.794469+00:00
[2024-10-05T09:46:20.999+0000] {standard_task_runner.py:72} INFO - Started process 109 to run task
[2024-10-05T09:46:21.003+0000] {standard_task_runner.py:104} INFO - Running: ['airflow', 'tasks', 'run', 'youtube_pipeline', 'youtube_extration', 'manual__2024-10-05T09:46:19.794469+00:00', '--job-id', '13', '--raw', '--subdir', 'DAGS_FOLDER/youtube_dag.py', '--cfg-path', '/tmp/tmpy9yf943e']
[2024-10-05T09:46:21.007+0000] {standard_task_runner.py:105} INFO - Job 13: Subtask youtube_extration
[2024-10-05T09:46:21.054+0000] {task_command.py:467} INFO - Running <TaskInstance: youtube_pipeline.youtube_extration manual__2024-10-05T09:46:19.794469+00:00 [running]> on host 4715c926778f
[2024-10-05T09:46:21.133+0000] {taskinstance.py:3131} INFO - Exporting env vars: AIRFLOW_CTX_DAG_OWNER='Haziq' AIRFLOW_CTX_DAG_ID='youtube_pipeline' AIRFLOW_CTX_TASK_ID='youtube_extration' AIRFLOW_CTX_EXECUTION_DATE='2024-10-05T09:46:19.794469+00:00' AIRFLOW_CTX_TRY_NUMBER='1' AIRFLOW_CTX_DAG_RUN_ID='manual__2024-10-05T09:46:19.794469+00:00'
[2024-10-05T09:46:21.136+0000] {taskinstance.py:731} INFO - ::endgroup::
[2024-10-05T09:46:21.151+0000] {__init__.py:49} INFO - file_cache is only supported with oauth2client<4.0.0
[2024-10-05T09:46:22.834+0000] {logging_mixin.py:190} INFO - playlist id isUUX6OQ3DkcsbYNE6H8uQQuVA
[2024-10-05T09:46:23.308+0000] {logging_mixin.py:190} INFO - The token is EAAafVBUOkNESWlFRGs1TkVNMlFrVXdSREZETVRjeE5UZ29BVWl5NUs3aDJmU0lBMUFCV2pnaVEyaG9WbFpXWnpKVU1VVjZVa2QwYW1NeVNscFVhMVV5VTBSb01WVldSakZXYTBWVFJFRnBXWFZRTFROQ2FFUlJlSFJVUlVGM0ln and the number is 0
[2024-10-05T09:46:23.846+0000] {logging_mixin.py:190} INFO - The token is EAAafVBUOkNHUWlFRE5HTVRFNVFqZENOVEpCUmpGQk5VWW9BVWl5NUs3aDJmU0lBMUFCV2pnaVEyaG9WbFpXWnpKVU1VVjZVa2QwYW1NeVNscFVhMVV5VTBSb01WVldSakZXYTBWVFJFRnBXWFZRTFROQ2FFUlJlSFJVUlVGM0ln and the number is 1
[2024-10-05T09:46:24.343+0000] {logging_mixin.py:190} INFO - The token is EAAaflBUOkNKWUJJaEF4TmpKRFFUTkZPRVJDUTBFMlFrUXlLQUZJc3VTdTRkbjBpQU5RQVZvNElrTm9hRlpXVm1jeVZERkZlbEpIZEdwak1rcGFWR3RWTWxORWFERlZWa1l4Vm10RlUwUkJhVmwxVUMwelFtaEVVWGgwVkVWQmR5SQ and the number is 2
[2024-10-05T09:46:24.854+0000] {logging_mixin.py:190} INFO - The token is EAAaflBUOkNNZ0JJaEE1T0RkRlFUSkVNVVpETTBORk1VVXlLQUZJc3VTdTRkbjBpQU5RQVZvNElrTm9hRlpXVm1jeVZERkZlbEpIZEdwak1rcGFWR3RWTWxORWFERlZWa1l4Vm10RlUwUkJhVmwxVUMwelFtaEVVWGgwVkVWQmR5SQ and the number is 3
[2024-10-05T09:46:25.331+0000] {logging_mixin.py:190} INFO - The token is EAAaflBUOkNQb0JJaEJDUXpReE5Ua3hSVUU0UkVZMk5rVkNLQUZJc3VTdTRkbjBpQU5RQVZvNElrTm9hRlpXVm1jeVZERkZlbEpIZEdwak1rcGFWR3RWTWxORWFERlZWa1l4Vm10RlUwUkJhVmwxVUMwelFtaEVVWGgwVkVWQmR5SQ and the number is 4
[2024-10-05T09:46:25.833+0000] {logging_mixin.py:190} INFO - The token is EAAaflBUOkNLd0NJaEJDTlRreVJEY3pPVFJDT0RnMU9VRXlLQUZJc3VTdTRkbjBpQU5RQVZvNElrTm9hRlpXVm1jeVZERkZlbEpIZEdwak1rcGFWR3RWTWxORWFERlZWa1l4Vm10RlUwUkJhVmwxVUMwelFtaEVVWGgwVkVWQmR5SQ and the number is 5
[2024-10-05T09:46:26.337+0000] {logging_mixin.py:190} INFO - The token is EAAaflBUOkNONENJaEJHUkROR09UVTFOalk1TXpVd016WkVLQUZJc3VTdTRkbjBpQU5RQVZvNElrTm9hRlpXVm1jeVZERkZlbEpIZEdwak1rcGFWR3RWTWxORWFERlZWa1l4Vm10RlUwUkJhVmwxVUMwelFtaEVVWGgwVkVWQmR5SQ and the number is 6
[2024-10-05T09:46:26.809+0000] {logging_mixin.py:190} INFO - The token is EAAaflBUOkNKQURJaEEwT0RNMU1FRTVNRGcxTTBVMU1EVkZLQUZJc3VTdTRkbjBpQU5RQVZvNElrTm9hRlpXVm1jeVZERkZlbEpIZEdwak1rcGFWR3RWTWxORWFERlZWa1l4Vm10RlUwUkJhVmwxVUMwelFtaEVVWGgwVkVWQmR5SQ and the number is 7
[2024-10-05T09:46:27.325+0000] {logging_mixin.py:190} INFO - The token is EAAaflBUOkNNSURJaEE0T0VZM01VRTNRME00UkVZMk1qWkRLQUZJc3VTdTRkbjBpQU5RQVZvNElrTm9hRlpXVm1jeVZERkZlbEpIZEdwak1rcGFWR3RWTWxORWFERlZWa1l4Vm10RlUwUkJhVmwxVUMwelFtaEVVWGgwVkVWQmR5SQ and the number is 8
[2024-10-05T09:46:27.822+0000] {logging_mixin.py:190} INFO - The token is EAAaflBUOkNQUURJaEE0TjBReE5ERXhOME5ETlRBMk9EQXpLQUZJc3VTdTRkbjBpQU5RQVZvNElrTm9hRlpXVm1jeVZERkZlbEpIZEdwak1rcGFWR3RWTWxORWFERlZWa1l4Vm10RlUwUkJhVmwxVUMwelFtaEVVWGgwVkVWQmR5SQ and the number is 9
[2024-10-05T09:46:28.312+0000] {logging_mixin.py:190} INFO - The token is EAAaflBUOkNLWUVJaEJFTnpZeU5VRTVOa0pETkRjelJUY3dLQUZJc3VTdTRkbjBpQU5RQVZvNElrTm9hRlpXVm1jeVZERkZlbEpIZEdwak1rcGFWR3RWTWxORWFERlZWa1l4Vm10RlUwUkJhVmwxVUMwelFtaEVVWGgwVkVWQmR5SQ and the number is 10
[2024-10-05T09:46:28.816+0000] {logging_mixin.py:190} INFO - The token is EAAaflBUOkNOZ0VJaEF4UWpCR01qWTRRa0pDT1RVNU5URTNLQUZJc3VTdTRkbjBpQU5RQVZvNElrTm9hRlpXVm1jeVZERkZlbEpIZEdwak1rcGFWR3RWTWxORWFERlZWa1l4Vm10RlUwUkJhVmwxVUMwelFtaEVVWGgwVkVWQmR5SQ and the number is 11
[2024-10-05T09:46:29.295+0000] {logging_mixin.py:190} INFO - The token is EAAaflBUOkNJb0ZJaEEyTVRNMVFUaEJOVE00TURjelFUZ3hLQUZJc3VTdTRkbjBpQU5RQVZvNElrTm9hRlpXVm1jeVZERkZlbEpIZEdwak1rcGFWR3RWTWxORWFERlZWa1l4Vm10RlUwUkJhVmwxVUMwelFtaEVVWGgwVkVWQmR5SQ and the number is 12
[2024-10-05T09:46:29.723+0000] {logging_mixin.py:190} INFO - The token is EAAaflBUOkNMd0ZJaEF3TnpJeFJFTTBRa00zT1RBMk9FSTVLQUZJc3VTdTRkbjBpQU5RQVZvNElrTm9hRlpXVm1jeVZERkZlbEpIZEdwak1rcGFWR3RWTWxORWFERlZWa1l4Vm10RlUwUkJhVmwxVUMwelFtaEVVWGgwVkVWQmR5SQ and the number is 13
[2024-10-05T09:46:30.164+0000] {logging_mixin.py:190} INFO - The token is EAAaflBUOkNPNEZJaEJETlVaRk1FSTRSRU5EUXpJNU16QTNLQUZJc3VTdTRkbjBpQU5RQVZvNElrTm9hRlpXVm1jeVZERkZlbEpIZEdwak1rcGFWR3RWTWxORWFERlZWa1l4Vm10RlUwUkJhVmwxVUMwelFtaEVVWGgwVkVWQmR5SQ and the number is 14
[2024-10-05T09:46:30.630+0000] {logging_mixin.py:190} INFO - The token is EAAaflBUOkNLQUdJaEF5TVRFd1JVRXdNREZCUmpZME9FTkZLQUZJc3VTdTRkbjBpQU5RQVZvNElrTm9hRlpXVm1jeVZERkZlbEpIZEdwak1rcGFWR3RWTWxORWFERlZWa1l4Vm10RlUwUkJhVmwxVUMwelFtaEVVWGgwVkVWQmR5SQ and the number is 15
[2024-10-05T09:46:30.631+0000] {logging_mixin.py:190} INFO - 800
[2024-10-05T09:47:57.237+0000] {logging_mixin.py:190} INFO - 'commentCount'
[2024-10-05T09:47:57.239+0000] {logging_mixin.py:190} INFO - {'viewCount': '60144649959', 'subscriberCount': '319000000', 'videoCount': '819'}
[2024-10-05T09:47:57.260+0000] {python.py:240} INFO - Done. Returned value was: /opt/airflow/data/output
[2024-10-05T09:47:57.284+0000] {taskinstance.py:340} INFO - ::group::Post task execution logs
[2024-10-05T09:47:57.286+0000] {taskinstance.py:352} INFO - Marking task as SUCCESS. dag_id=youtube_pipeline, task_id=youtube_extration, run_id=manual__2024-10-05T09:46:19.794469+00:00, execution_date=20241005T094619, start_date=20241005T094620, end_date=20241005T094757
[2024-10-05T09:47:57.351+0000] {local_task_job_runner.py:266} INFO - Task exited with return code 0
[2024-10-05T09:47:57.373+0000] {taskinstance.py:3900} INFO - 1 downstream tasks scheduled from follow-on schedule check
[2024-10-05T09:47:57.376+0000] {local_task_job_runner.py:245} INFO - ::endgroup::
