[2024-10-02T21:03:40.919+0000] {local_task_job_runner.py:123} INFO - ::group::Pre task execution logs
[2024-10-02T21:03:40.942+0000] {taskinstance.py:2612} INFO - Dependencies all met for dep_context=non-requeueable deps ti=<TaskInstance: youtube_pipeline.youtube_extration manual__2024-10-02T21:03:37.577341+00:00 [queued]>
[2024-10-02T21:03:40.958+0000] {taskinstance.py:2612} INFO - Dependencies all met for dep_context=requeueable deps ti=<TaskInstance: youtube_pipeline.youtube_extration manual__2024-10-02T21:03:37.577341+00:00 [queued]>
[2024-10-02T21:03:40.960+0000] {taskinstance.py:2865} INFO - Starting attempt 1 of 1
[2024-10-02T21:03:40.977+0000] {taskinstance.py:2888} INFO - Executing <Task(PythonOperator): youtube_extration> on 2024-10-02 21:03:37.577341+00:00
[2024-10-02T21:03:40.988+0000] {standard_task_runner.py:72} INFO - Started process 57 to run task
[2024-10-02T21:03:40.992+0000] {standard_task_runner.py:104} INFO - Running: ['airflow', 'tasks', 'run', 'youtube_pipeline', 'youtube_extration', 'manual__2024-10-02T21:03:37.577341+00:00', '--job-id', '43', '--raw', '--subdir', 'DAGS_FOLDER/youtube_dag.py', '--cfg-path', '/tmp/tmp6wwaiy32']
[2024-10-02T21:03:40.998+0000] {standard_task_runner.py:105} INFO - Job 43: Subtask youtube_extration
[2024-10-02T21:03:41.070+0000] {task_command.py:467} INFO - Running <TaskInstance: youtube_pipeline.youtube_extration manual__2024-10-02T21:03:37.577341+00:00 [running]> on host c06171771335
[2024-10-02T21:03:41.157+0000] {taskinstance.py:3131} INFO - Exporting env vars: AIRFLOW_CTX_DAG_OWNER='Haziq' AIRFLOW_CTX_DAG_ID='youtube_pipeline' AIRFLOW_CTX_TASK_ID='youtube_extration' AIRFLOW_CTX_EXECUTION_DATE='2024-10-02T21:03:37.577341+00:00' AIRFLOW_CTX_TRY_NUMBER='1' AIRFLOW_CTX_DAG_RUN_ID='manual__2024-10-02T21:03:37.577341+00:00'
[2024-10-02T21:03:41.160+0000] {taskinstance.py:731} INFO - ::endgroup::
[2024-10-02T21:03:41.185+0000] {__init__.py:49} INFO - file_cache is only supported with oauth2client<4.0.0
[2024-10-02T21:03:44.489+0000] {logging_mixin.py:190} INFO - playlist id isUUX6OQ3DkcsbYNE6H8uQQuVA
[2024-10-02T21:03:45.065+0000] {logging_mixin.py:190} INFO - ['vDrSCXFMAKk', 'snX5YyflrGw', 'nbzQdlWrcnk', '8krJy31Diow', 'aRcUVhVlSHg', 'Jo7sfpeWqwE', 'QtD-CeUdRUQ', 'ndAQfTzlVjc', 'AydS-vA3qa4', 'UPrkC1LdlLY']
[2024-10-02T21:03:49.601+0000] {logging_mixin.py:190} INFO - {'viewCount': '59957323744', 'subscriberCount': '318000000', 'videoCount': '818'}
[2024-10-02T21:03:49.636+0000] {python.py:240} INFO - Done. Returned value was: /opt/airflow/data/output
[2024-10-02T21:03:49.667+0000] {taskinstance.py:340} INFO - ::group::Post task execution logs
[2024-10-02T21:03:49.669+0000] {taskinstance.py:352} INFO - Marking task as SUCCESS. dag_id=youtube_pipeline, task_id=youtube_extration, run_id=manual__2024-10-02T21:03:37.577341+00:00, execution_date=20241002T210337, start_date=20241002T210340, end_date=20241002T210349
[2024-10-02T21:03:49.698+0000] {local_task_job_runner.py:266} INFO - Task exited with return code 0
[2024-10-02T21:03:49.717+0000] {taskinstance.py:3900} INFO - 0 downstream tasks scheduled from follow-on schedule check
[2024-10-02T21:03:49.721+0000] {local_task_job_runner.py:245} INFO - ::endgroup::
