[2024-10-01T15:47:43.454+0000] {local_task_job_runner.py:123} INFO - ::group::Pre task execution logs
[2024-10-01T15:47:43.468+0000] {taskinstance.py:2612} INFO - Dependencies all met for dep_context=non-requeueable deps ti=<TaskInstance: reddit_pipeline.s3_upload scheduled__2024-09-30T00:00:00+00:00 [queued]>
[2024-10-01T15:47:43.477+0000] {taskinstance.py:2612} INFO - Dependencies all met for dep_context=requeueable deps ti=<TaskInstance: reddit_pipeline.s3_upload scheduled__2024-09-30T00:00:00+00:00 [queued]>
[2024-10-01T15:47:43.478+0000] {taskinstance.py:2865} INFO - Starting attempt 1 of 1
[2024-10-01T15:47:43.490+0000] {taskinstance.py:2888} INFO - Executing <Task(PythonOperator): s3_upload> on 2024-09-30 00:00:00+00:00
[2024-10-01T15:47:43.496+0000] {standard_task_runner.py:72} INFO - Started process 58 to run task
[2024-10-01T15:47:43.498+0000] {standard_task_runner.py:104} INFO - Running: ['airflow', 'tasks', 'run', 'reddit_pipeline', 's3_upload', 'scheduled__2024-09-30T00:00:00+00:00', '--job-id', '36', '--raw', '--subdir', 'DAGS_FOLDER/reddit_dag.py', '--cfg-path', '/tmp/tmp905dptow']
[2024-10-01T15:47:43.501+0000] {standard_task_runner.py:105} INFO - Job 36: Subtask s3_upload
[2024-10-01T15:47:43.547+0000] {task_command.py:467} INFO - Running <TaskInstance: reddit_pipeline.s3_upload scheduled__2024-09-30T00:00:00+00:00 [running]> on host 0e63f9394fb3
[2024-10-01T15:47:43.615+0000] {taskinstance.py:3131} INFO - Exporting env vars: AIRFLOW_CTX_DAG_OWNER='Haziq' AIRFLOW_CTX_DAG_ID='reddit_pipeline' AIRFLOW_CTX_TASK_ID='s3_upload' AIRFLOW_CTX_EXECUTION_DATE='2024-09-30T00:00:00+00:00' AIRFLOW_CTX_TRY_NUMBER='1' AIRFLOW_CTX_DAG_RUN_ID='scheduled__2024-09-30T00:00:00+00:00'
[2024-10-01T15:47:43.618+0000] {taskinstance.py:731} INFO - ::endgroup::
[2024-10-01T15:47:43.641+0000] {logging_mixin.py:190} INFO - connected successfully
[2024-10-01T15:47:43.643+0000] {logging_mixin.py:190} INFO - 'S3FileSystem' object has no attribute 'exist'
[2024-10-01T15:47:44.521+0000] {logging_mixin.py:190} INFO - The AWS Access Key Id you provided does not exist in our records.
[2024-10-01T15:47:44.523+0000] {python.py:240} INFO - Done. Returned value was: None
[2024-10-01T15:47:44.532+0000] {taskinstance.py:340} INFO - ::group::Post task execution logs
[2024-10-01T15:47:44.534+0000] {taskinstance.py:352} INFO - Marking task as SUCCESS. dag_id=reddit_pipeline, task_id=s3_upload, run_id=scheduled__2024-09-30T00:00:00+00:00, execution_date=20240930T000000, start_date=20241001T154743, end_date=20241001T154744
[2024-10-01T15:47:44.557+0000] {local_task_job_runner.py:266} INFO - Task exited with return code 0
[2024-10-01T15:47:44.570+0000] {taskinstance.py:3900} INFO - 0 downstream tasks scheduled from follow-on schedule check
[2024-10-01T15:47:44.573+0000] {local_task_job_runner.py:245} INFO - ::endgroup::
[2024-10-01T18:19:53.446+0000] {local_task_job_runner.py:123} INFO - ::group::Pre task execution logs
[2024-10-01T18:19:53.474+0000] {taskinstance.py:2612} INFO - Dependencies all met for dep_context=non-requeueable deps ti=<TaskInstance: reddit_pipeline.s3_upload scheduled__2024-09-30T00:00:00+00:00 [queued]>
[2024-10-01T18:19:53.490+0000] {taskinstance.py:2612} INFO - Dependencies all met for dep_context=requeueable deps ti=<TaskInstance: reddit_pipeline.s3_upload scheduled__2024-09-30T00:00:00+00:00 [queued]>
[2024-10-01T18:19:53.493+0000] {taskinstance.py:2865} INFO - Starting attempt 1 of 1
[2024-10-01T18:19:53.517+0000] {taskinstance.py:2888} INFO - Executing <Task(PythonOperator): s3_upload> on 2024-09-30 00:00:00+00:00
[2024-10-01T18:19:53.526+0000] {standard_task_runner.py:72} INFO - Started process 63 to run task
[2024-10-01T18:19:53.530+0000] {standard_task_runner.py:104} INFO - Running: ['airflow', 'tasks', 'run', 'reddit_pipeline', 's3_upload', 'scheduled__2024-09-30T00:00:00+00:00', '--job-id', '4', '--raw', '--subdir', 'DAGS_FOLDER/reddit_dag.py', '--cfg-path', '/tmp/tmp_c7xbaa5']
[2024-10-01T18:19:53.535+0000] {standard_task_runner.py:105} INFO - Job 4: Subtask s3_upload
[2024-10-01T18:19:53.600+0000] {task_command.py:467} INFO - Running <TaskInstance: reddit_pipeline.s3_upload scheduled__2024-09-30T00:00:00+00:00 [running]> on host 92f426e0583c
[2024-10-01T18:19:53.700+0000] {taskinstance.py:3131} INFO - Exporting env vars: AIRFLOW_CTX_DAG_OWNER='Haziq' AIRFLOW_CTX_DAG_ID='reddit_pipeline' AIRFLOW_CTX_TASK_ID='s3_upload' AIRFLOW_CTX_EXECUTION_DATE='2024-09-30T00:00:00+00:00' AIRFLOW_CTX_TRY_NUMBER='1' AIRFLOW_CTX_DAG_RUN_ID='scheduled__2024-09-30T00:00:00+00:00'
[2024-10-01T18:19:53.704+0000] {taskinstance.py:731} INFO - ::endgroup::
[2024-10-01T18:19:53.736+0000] {logging_mixin.py:190} INFO - connected successfully to s3
[2024-10-01T18:19:54.484+0000] {logging_mixin.py:190} INFO - bucket already exist
[2024-10-01T18:19:55.217+0000] {logging_mixin.py:190} INFO - file uploaded successfully
[2024-10-01T18:19:55.221+0000] {python.py:240} INFO - Done. Returned value was: None
[2024-10-01T18:19:55.237+0000] {taskinstance.py:340} INFO - ::group::Post task execution logs
[2024-10-01T18:19:55.240+0000] {taskinstance.py:352} INFO - Marking task as SUCCESS. dag_id=reddit_pipeline, task_id=s3_upload, run_id=scheduled__2024-09-30T00:00:00+00:00, execution_date=20240930T000000, start_date=20241001T181953, end_date=20241001T181955
[2024-10-01T18:19:55.276+0000] {local_task_job_runner.py:266} INFO - Task exited with return code 0
[2024-10-01T18:19:55.301+0000] {taskinstance.py:3900} INFO - 0 downstream tasks scheduled from follow-on schedule check
[2024-10-01T18:19:55.306+0000] {local_task_job_runner.py:245} INFO - ::endgroup::
