[2024-10-01T16:50:05.784+0000] {local_task_job_runner.py:123} INFO - ::group::Pre task execution logs
[2024-10-01T16:50:05.798+0000] {taskinstance.py:2612} INFO - Dependencies all met for dep_context=non-requeueable deps ti=<TaskInstance: reddit_pipeline.s3_upload manual__2024-10-01T16:50:01.503243+00:00 [queued]>
[2024-10-01T16:50:05.807+0000] {taskinstance.py:2612} INFO - Dependencies all met for dep_context=requeueable deps ti=<TaskInstance: reddit_pipeline.s3_upload manual__2024-10-01T16:50:01.503243+00:00 [queued]>
[2024-10-01T16:50:05.808+0000] {taskinstance.py:2865} INFO - Starting attempt 1 of 1
[2024-10-01T16:50:05.820+0000] {taskinstance.py:2888} INFO - Executing <Task(PythonOperator): s3_upload> on 2024-10-01 16:50:01.503243+00:00
[2024-10-01T16:50:05.825+0000] {standard_task_runner.py:72} INFO - Started process 188 to run task
[2024-10-01T16:50:05.828+0000] {standard_task_runner.py:104} INFO - Running: ['airflow', 'tasks', 'run', 'reddit_pipeline', 's3_upload', 'manual__2024-10-01T16:50:01.503243+00:00', '--job-id', '62', '--raw', '--subdir', 'DAGS_FOLDER/reddit_dag.py', '--cfg-path', '/tmp/tmpyg2pt6og']
[2024-10-01T16:50:05.831+0000] {standard_task_runner.py:105} INFO - Job 62: Subtask s3_upload
[2024-10-01T16:50:05.868+0000] {task_command.py:467} INFO - Running <TaskInstance: reddit_pipeline.s3_upload manual__2024-10-01T16:50:01.503243+00:00 [running]> on host 0e63f9394fb3
[2024-10-01T16:50:05.933+0000] {taskinstance.py:3131} INFO - Exporting env vars: AIRFLOW_CTX_DAG_OWNER='Haziq' AIRFLOW_CTX_DAG_ID='reddit_pipeline' AIRFLOW_CTX_TASK_ID='s3_upload' AIRFLOW_CTX_EXECUTION_DATE='2024-10-01T16:50:01.503243+00:00' AIRFLOW_CTX_TRY_NUMBER='1' AIRFLOW_CTX_DAG_RUN_ID='manual__2024-10-01T16:50:01.503243+00:00'
[2024-10-01T16:50:05.936+0000] {taskinstance.py:731} INFO - ::endgroup::
[2024-10-01T16:50:05.956+0000] {logging_mixin.py:190} INFO - connected successfully to s3
[2024-10-01T16:50:06.715+0000] {logging_mixin.py:190} INFO - bucket already exist
[2024-10-01T16:50:07.411+0000] {logging_mixin.py:190} INFO - file uploaded successfully
[2024-10-01T16:50:07.413+0000] {python.py:240} INFO - Done. Returned value was: ('hello', 'heklop')
[2024-10-01T16:50:07.433+0000] {taskinstance.py:340} INFO - ::group::Post task execution logs
[2024-10-01T16:50:07.435+0000] {taskinstance.py:352} INFO - Marking task as SUCCESS. dag_id=reddit_pipeline, task_id=s3_upload, run_id=manual__2024-10-01T16:50:01.503243+00:00, execution_date=20241001T165001, start_date=20241001T165005, end_date=20241001T165007
[2024-10-01T16:50:07.489+0000] {local_task_job_runner.py:266} INFO - Task exited with return code 0
[2024-10-01T16:50:07.503+0000] {taskinstance.py:3900} INFO - 0 downstream tasks scheduled from follow-on schedule check
[2024-10-01T16:50:07.506+0000] {local_task_job_runner.py:245} INFO - ::endgroup::
