[2024-10-02T21:03:40.908+0000] {local_task_job_runner.py:123} INFO - ::group::Pre task execution logs
[2024-10-02T21:03:40.934+0000] {taskinstance.py:2612} INFO - Dependencies all met for dep_context=non-requeueable deps ti=<TaskInstance: youtube_pipeline.youtube_extration scheduled__2024-10-01T00:00:00+00:00 [queued]>
[2024-10-02T21:03:40.948+0000] {taskinstance.py:2612} INFO - Dependencies all met for dep_context=requeueable deps ti=<TaskInstance: youtube_pipeline.youtube_extration scheduled__2024-10-01T00:00:00+00:00 [queued]>
[2024-10-02T21:03:40.951+0000] {taskinstance.py:2865} INFO - Starting attempt 1 of 1
[2024-10-02T21:03:40.969+0000] {taskinstance.py:2888} INFO - Executing <Task(PythonOperator): youtube_extration> on 2024-10-01 00:00:00+00:00
[2024-10-02T21:03:40.979+0000] {standard_task_runner.py:72} INFO - Started process 55 to run task
[2024-10-02T21:03:40.989+0000] {standard_task_runner.py:104} INFO - Running: ['airflow', 'tasks', 'run', 'youtube_pipeline', 'youtube_extration', 'scheduled__2024-10-01T00:00:00+00:00', '--job-id', '42', '--raw', '--subdir', 'DAGS_FOLDER/youtube_dag.py', '--cfg-path', '/tmp/tmp1_vbygls']
[2024-10-02T21:03:40.994+0000] {standard_task_runner.py:105} INFO - Job 42: Subtask youtube_extration
[2024-10-02T21:03:41.068+0000] {task_command.py:467} INFO - Running <TaskInstance: youtube_pipeline.youtube_extration scheduled__2024-10-01T00:00:00+00:00 [running]> on host c06171771335
[2024-10-02T21:03:41.156+0000] {taskinstance.py:3131} INFO - Exporting env vars: AIRFLOW_CTX_DAG_OWNER='Haziq' AIRFLOW_CTX_DAG_ID='youtube_pipeline' AIRFLOW_CTX_TASK_ID='youtube_extration' AIRFLOW_CTX_EXECUTION_DATE='2024-10-01T00:00:00+00:00' AIRFLOW_CTX_TRY_NUMBER='1' AIRFLOW_CTX_DAG_RUN_ID='scheduled__2024-10-01T00:00:00+00:00'
[2024-10-02T21:03:41.159+0000] {taskinstance.py:731} INFO - ::endgroup::
[2024-10-02T21:03:41.186+0000] {__init__.py:49} INFO - file_cache is only supported with oauth2client<4.0.0
[2024-10-02T21:03:44.390+0000] {logging_mixin.py:190} INFO - playlist id isUUX6OQ3DkcsbYNE6H8uQQuVA
[2024-10-02T21:03:44.731+0000] {logging_mixin.py:190} INFO - ['vDrSCXFMAKk', 'snX5YyflrGw', 'nbzQdlWrcnk', '8krJy31Diow', 'aRcUVhVlSHg', 'Jo7sfpeWqwE', 'QtD-CeUdRUQ', 'ndAQfTzlVjc', 'AydS-vA3qa4', 'UPrkC1LdlLY']
[2024-10-02T21:03:50.003+0000] {logging_mixin.py:190} INFO - {'viewCount': '59957323744', 'subscriberCount': '318000000', 'videoCount': '818'}
[2024-10-02T21:03:50.026+0000] {python.py:240} INFO - Done. Returned value was: /opt/airflow/data/output
[2024-10-02T21:03:50.052+0000] {taskinstance.py:340} INFO - ::group::Post task execution logs
[2024-10-02T21:03:50.055+0000] {taskinstance.py:352} INFO - Marking task as SUCCESS. dag_id=youtube_pipeline, task_id=youtube_extration, run_id=scheduled__2024-10-01T00:00:00+00:00, execution_date=20241001T000000, start_date=20241002T210340, end_date=20241002T210350
[2024-10-02T21:03:50.100+0000] {local_task_job_runner.py:266} INFO - Task exited with return code 0
[2024-10-02T21:03:50.116+0000] {taskinstance.py:3900} INFO - 0 downstream tasks scheduled from follow-on schedule check
[2024-10-02T21:03:50.119+0000] {local_task_job_runner.py:245} INFO - ::endgroup::
