[2024-10-05T09:45:34.620+0000] {local_task_job_runner.py:123} INFO - ::group::Pre task execution logs
[2024-10-05T09:45:34.635+0000] {taskinstance.py:2612} INFO - Dependencies all met for dep_context=non-requeueable deps ti=<TaskInstance: youtube_pipeline.youtube_extration manual__2024-10-05T09:45:33.631981+00:00 [queued]>
[2024-10-05T09:45:34.646+0000] {taskinstance.py:2612} INFO - Dependencies all met for dep_context=requeueable deps ti=<TaskInstance: youtube_pipeline.youtube_extration manual__2024-10-05T09:45:33.631981+00:00 [queued]>
[2024-10-05T09:45:34.648+0000] {taskinstance.py:2865} INFO - Starting attempt 1 of 1
[2024-10-05T09:45:34.663+0000] {taskinstance.py:2888} INFO - Executing <Task(PythonOperator): youtube_extration> on 2024-10-05 09:45:33.631981+00:00
[2024-10-05T09:45:34.670+0000] {standard_task_runner.py:72} INFO - Started process 105 to run task
[2024-10-05T09:45:34.675+0000] {standard_task_runner.py:104} INFO - Running: ['airflow', 'tasks', 'run', 'youtube_pipeline', 'youtube_extration', 'manual__2024-10-05T09:45:33.631981+00:00', '--job-id', '12', '--raw', '--subdir', 'DAGS_FOLDER/youtube_dag.py', '--cfg-path', '/tmp/tmpaz1ngulk']
[2024-10-05T09:45:34.680+0000] {standard_task_runner.py:105} INFO - Job 12: Subtask youtube_extration
[2024-10-05T09:45:34.740+0000] {task_command.py:467} INFO - Running <TaskInstance: youtube_pipeline.youtube_extration manual__2024-10-05T09:45:33.631981+00:00 [running]> on host 4715c926778f
[2024-10-05T09:45:34.829+0000] {taskinstance.py:3131} INFO - Exporting env vars: AIRFLOW_CTX_DAG_OWNER='Haziq' AIRFLOW_CTX_DAG_ID='youtube_pipeline' AIRFLOW_CTX_TASK_ID='youtube_extration' AIRFLOW_CTX_EXECUTION_DATE='2024-10-05T09:45:33.631981+00:00' AIRFLOW_CTX_TRY_NUMBER='1' AIRFLOW_CTX_DAG_RUN_ID='manual__2024-10-05T09:45:33.631981+00:00'
[2024-10-05T09:45:34.832+0000] {taskinstance.py:731} INFO - ::endgroup::
[2024-10-05T09:45:34.848+0000] {__init__.py:49} INFO - file_cache is only supported with oauth2client<4.0.0
[2024-10-05T09:45:36.548+0000] {logging_mixin.py:190} INFO - playlist id isUUX6OQ3DkcsbYNE6H8uQQuVA
[2024-10-05T09:45:37.058+0000] {logging_mixin.py:190} INFO - The token is EAAafVBUOkNESWlFRGs1TkVNMlFrVXdSREZETVRjeE5UZ29BVWl5NUs3aDJmU0lBMUFCV2pnaVEyaG9WbFpXWnpKVU1VVjZVa2QwYW1NeVNscFVhMVV5VTBSb01WVldSakZXYTBWVFJFRnBXWFZRTFROQ2FFUlJlSFJVUlVGM0ln and the number is 0
[2024-10-05T09:45:37.598+0000] {logging_mixin.py:190} INFO - The token is EAAafVBUOkNHUWlFRE5HTVRFNVFqZENOVEpCUmpGQk5VWW9BVWl5NUs3aDJmU0lBMUFCV2pnaVEyaG9WbFpXWnpKVU1VVjZVa2QwYW1NeVNscFVhMVV5VTBSb01WVldSakZXYTBWVFJFRnBXWFZRTFROQ2FFUlJlSFJVUlVGM0ln and the number is 2
[2024-10-05T09:45:38.109+0000] {logging_mixin.py:190} INFO - The token is EAAaflBUOkNKWUJJaEF4TmpKRFFUTkZPRVJDUTBFMlFrUXlLQUZJc3VTdTRkbjBpQU5RQVZvNElrTm9hRlpXVm1jeVZERkZlbEpIZEdwak1rcGFWR3RWTWxORWFERlZWa1l4Vm10RlUwUkJhVmwxVUMwelFtaEVVWGgwVkVWQmR5SQ and the number is 4
[2024-10-05T09:45:38.618+0000] {logging_mixin.py:190} INFO - The token is EAAaflBUOkNNZ0JJaEE1T0RkRlFUSkVNVVpETTBORk1VVXlLQUZJc3VTdTRkbjBpQU5RQVZvNElrTm9hRlpXVm1jeVZERkZlbEpIZEdwak1rcGFWR3RWTWxORWFERlZWa1l4Vm10RlUwUkJhVmwxVUMwelFtaEVVWGgwVkVWQmR5SQ and the number is 6
[2024-10-05T09:45:39.080+0000] {logging_mixin.py:190} INFO - The token is EAAaflBUOkNQb0JJaEJDUXpReE5Ua3hSVUU0UkVZMk5rVkNLQUZJc3VTdTRkbjBpQU5RQVZvNElrTm9hRlpXVm1jeVZERkZlbEpIZEdwak1rcGFWR3RWTWxORWFERlZWa1l4Vm10RlUwUkJhVmwxVUMwelFtaEVVWGgwVkVWQmR5SQ and the number is 8
[2024-10-05T09:45:39.557+0000] {logging_mixin.py:190} INFO - The token is EAAaflBUOkNLd0NJaEJDTlRreVJEY3pPVFJDT0RnMU9VRXlLQUZJc3VTdTRkbjBpQU5RQVZvNElrTm9hRlpXVm1jeVZERkZlbEpIZEdwak1rcGFWR3RWTWxORWFERlZWa1l4Vm10RlUwUkJhVmwxVUMwelFtaEVVWGgwVkVWQmR5SQ and the number is 10
[2024-10-05T09:45:40.062+0000] {logging_mixin.py:190} INFO - The token is EAAaflBUOkNONENJaEJHUkROR09UVTFOalk1TXpVd016WkVLQUZJc3VTdTRkbjBpQU5RQVZvNElrTm9hRlpXVm1jeVZERkZlbEpIZEdwak1rcGFWR3RWTWxORWFERlZWa1l4Vm10RlUwUkJhVmwxVUMwelFtaEVVWGgwVkVWQmR5SQ and the number is 12
[2024-10-05T09:45:40.535+0000] {logging_mixin.py:190} INFO - The token is EAAaflBUOkNKQURJaEEwT0RNMU1FRTVNRGcxTTBVMU1EVkZLQUZJc3VTdTRkbjBpQU5RQVZvNElrTm9hRlpXVm1jeVZERkZlbEpIZEdwak1rcGFWR3RWTWxORWFERlZWa1l4Vm10RlUwUkJhVmwxVUMwelFtaEVVWGgwVkVWQmR5SQ and the number is 14
[2024-10-05T09:45:40.537+0000] {logging_mixin.py:190} INFO - 400
[2024-10-05T09:47:05.361+0000] {logging_mixin.py:190} INFO - 'commentCount'
[2024-10-05T09:47:05.364+0000] {logging_mixin.py:190} INFO - {'viewCount': '60144649959', 'subscriberCount': '319000000', 'videoCount': '819'}
[2024-10-05T09:47:05.384+0000] {python.py:240} INFO - Done. Returned value was: /opt/airflow/data/output
[2024-10-05T09:47:05.406+0000] {taskinstance.py:340} INFO - ::group::Post task execution logs
[2024-10-05T09:47:05.408+0000] {taskinstance.py:352} INFO - Marking task as SUCCESS. dag_id=youtube_pipeline, task_id=youtube_extration, run_id=manual__2024-10-05T09:45:33.631981+00:00, execution_date=20241005T094533, start_date=20241005T094534, end_date=20241005T094705
[2024-10-05T09:47:05.451+0000] {local_task_job_runner.py:266} INFO - Task exited with return code 0
[2024-10-05T09:47:05.469+0000] {taskinstance.py:3900} INFO - 0 downstream tasks scheduled from follow-on schedule check
[2024-10-05T09:47:05.471+0000] {local_task_job_runner.py:245} INFO - ::endgroup::
