[2024-10-04T14:59:24.302+0000] {local_task_job_runner.py:123} INFO - ::group::Pre task execution logs
[2024-10-04T14:59:24.360+0000] {taskinstance.py:2612} INFO - Dependencies all met for dep_context=non-requeueable deps ti=<TaskInstance: youtube_pipeline.youtube_extration scheduled__2024-10-03T00:00:00+00:00 [queued]>
[2024-10-04T14:59:24.395+0000] {taskinstance.py:2612} INFO - Dependencies all met for dep_context=requeueable deps ti=<TaskInstance: youtube_pipeline.youtube_extration scheduled__2024-10-03T00:00:00+00:00 [queued]>
[2024-10-04T14:59:24.401+0000] {taskinstance.py:2865} INFO - Starting attempt 1 of 1
[2024-10-04T14:59:24.452+0000] {taskinstance.py:2888} INFO - Executing <Task(PythonOperator): youtube_extration> on 2024-10-03 00:00:00+00:00
[2024-10-04T14:59:24.469+0000] {standard_task_runner.py:72} INFO - Started process 188 to run task
[2024-10-04T14:59:24.484+0000] {standard_task_runner.py:104} INFO - Running: ['airflow', 'tasks', 'run', 'youtube_pipeline', 'youtube_extration', 'scheduled__2024-10-03T00:00:00+00:00', '--job-id', '26', '--raw', '--subdir', 'DAGS_FOLDER/youtube_dag.py', '--cfg-path', '/tmp/tmpuf0b0r1p']
[2024-10-04T14:59:24.490+0000] {standard_task_runner.py:105} INFO - Job 26: Subtask youtube_extration
[2024-10-04T14:59:24.602+0000] {task_command.py:467} INFO - Running <TaskInstance: youtube_pipeline.youtube_extration scheduled__2024-10-03T00:00:00+00:00 [running]> on host 4d91c6c5073f
[2024-10-04T14:59:24.783+0000] {taskinstance.py:3131} INFO - Exporting env vars: AIRFLOW_CTX_DAG_OWNER='Haziq' AIRFLOW_CTX_DAG_ID='youtube_pipeline' AIRFLOW_CTX_TASK_ID='youtube_extration' AIRFLOW_CTX_EXECUTION_DATE='2024-10-03T00:00:00+00:00' AIRFLOW_CTX_TRY_NUMBER='1' AIRFLOW_CTX_DAG_RUN_ID='scheduled__2024-10-03T00:00:00+00:00'
[2024-10-04T14:59:24.787+0000] {taskinstance.py:731} INFO - ::endgroup::
[2024-10-04T14:59:24.919+0000] {__init__.py:49} INFO - file_cache is only supported with oauth2client<4.0.0
[2024-10-04T14:59:26.446+0000] {logging_mixin.py:190} INFO - playlist id isUUX6OQ3DkcsbYNE6H8uQQuVA
[2024-10-04T14:59:26.790+0000] {logging_mixin.py:190} INFO - ['IHNQhb-mjZc', 'vDrSCXFMAKk', 'snX5YyflrGw', 'nbzQdlWrcnk', '8krJy31Diow', 'aRcUVhVlSHg', 'Jo7sfpeWqwE', 'QtD-CeUdRUQ', 'ndAQfTzlVjc', 'AydS-vA3qa4', 'UPrkC1LdlLY', '8bTQMDM4qvY', '4SNThp0YiU4', 'XhuisK0bTSA', 'lkCRPp7cnP8', 'KkCXLABwHP0', 'PWirijQkH4M', 'U_LlX4t0A9I', 'T8I165Qxeo8', 'i-9V21MqlhY', 'f0cXJ6mJxGc', 'F6PqxbvOCUI', 'oA4LSZvX4iE', 'ZKxnjszkZto', '8_gdcaX9Xqk', 'snUyLbGx6U4', 'Pv0iVoSZzN8', 'CWbV3NItSdY', 'l-nMKJ5J3Uc', 'XE1Qyss8GIY', '6GzHPS0rEgc', 'imhY0pe-Sd8', 'erLbbextvlY', 'OnTTThIzuNU', 'mKdjycj-7eE', 'tWYsfOSY9vY', 'sH48lKbayNU', 'AFXoSFNMwIA', 'AjwAdtlRKf8', 'KOEfDvr4DcQ', 'krsBRQbOPQ4', '7ESeQBeikKs', 'K_CbgLpvH9E', 'lOKASgtr6kU', '9RhWXPcKBI8', 'ZVt9ZJfWV1c', 'rWBOITBjitE', 'tnTPaLOaHz8', 'Wdjh81uH6FU', '7dYTw-jAYkY']
[2024-10-04T14:59:28.162+0000] {logging_mixin.py:190} INFO - [Errno 111] Connection refused
[2024-10-04T14:59:28.165+0000] {logging_mixin.py:190} INFO - {'viewCount': '60065943543', 'subscriberCount': '318000000', 'videoCount': '819'}
[2024-10-04T14:59:28.215+0000] {python.py:240} INFO - Done. Returned value was: /opt/airflow/data/output
[2024-10-04T14:59:28.262+0000] {taskinstance.py:340} INFO - ::group::Post task execution logs
[2024-10-04T14:59:28.264+0000] {taskinstance.py:352} INFO - Marking task as SUCCESS. dag_id=youtube_pipeline, task_id=youtube_extration, run_id=scheduled__2024-10-03T00:00:00+00:00, execution_date=20241003T000000, start_date=20241004T145924, end_date=20241004T145928
[2024-10-04T14:59:28.325+0000] {local_task_job_runner.py:266} INFO - Task exited with return code 0
[2024-10-04T14:59:28.357+0000] {taskinstance.py:3900} INFO - 1 downstream tasks scheduled from follow-on schedule check
[2024-10-04T14:59:28.361+0000] {local_task_job_runner.py:245} INFO - ::endgroup::
[2024-10-04T20:26:22.601+0000] {local_task_job_runner.py:123} INFO - ::group::Pre task execution logs
[2024-10-04T20:26:22.631+0000] {taskinstance.py:2612} INFO - Dependencies all met for dep_context=non-requeueable deps ti=<TaskInstance: youtube_pipeline.youtube_extration scheduled__2024-10-03T00:00:00+00:00 [queued]>
[2024-10-04T20:26:22.649+0000] {taskinstance.py:2612} INFO - Dependencies all met for dep_context=requeueable deps ti=<TaskInstance: youtube_pipeline.youtube_extration scheduled__2024-10-03T00:00:00+00:00 [queued]>
[2024-10-04T20:26:22.651+0000] {taskinstance.py:2865} INFO - Starting attempt 1 of 1
[2024-10-04T20:26:22.672+0000] {taskinstance.py:2888} INFO - Executing <Task(PythonOperator): youtube_extration> on 2024-10-03 00:00:00+00:00
[2024-10-04T20:26:22.708+0000] {standard_task_runner.py:72} INFO - Started process 54 to run task
[2024-10-04T20:26:22.715+0000] {standard_task_runner.py:104} INFO - Running: ['airflow', 'tasks', 'run', 'youtube_pipeline', 'youtube_extration', 'scheduled__2024-10-03T00:00:00+00:00', '--job-id', '2', '--raw', '--subdir', 'DAGS_FOLDER/youtube_dag.py', '--cfg-path', '/tmp/tmp5tizi_rj']
[2024-10-04T20:26:22.720+0000] {standard_task_runner.py:105} INFO - Job 2: Subtask youtube_extration
[2024-10-04T20:26:22.796+0000] {task_command.py:467} INFO - Running <TaskInstance: youtube_pipeline.youtube_extration scheduled__2024-10-03T00:00:00+00:00 [running]> on host 85380cf6bf50
[2024-10-04T20:26:22.898+0000] {taskinstance.py:3131} INFO - Exporting env vars: AIRFLOW_CTX_DAG_OWNER='Haziq' AIRFLOW_CTX_DAG_ID='youtube_pipeline' AIRFLOW_CTX_TASK_ID='youtube_extration' AIRFLOW_CTX_EXECUTION_DATE='2024-10-03T00:00:00+00:00' AIRFLOW_CTX_TRY_NUMBER='1' AIRFLOW_CTX_DAG_RUN_ID='scheduled__2024-10-03T00:00:00+00:00'
[2024-10-04T20:26:22.900+0000] {taskinstance.py:731} INFO - ::endgroup::
[2024-10-04T20:26:22.922+0000] {__init__.py:49} INFO - file_cache is only supported with oauth2client<4.0.0
[2024-10-04T20:26:25.107+0000] {logging_mixin.py:190} INFO - playlist id isUUX6OQ3DkcsbYNE6H8uQQuVA
[2024-10-04T20:26:25.655+0000] {logging_mixin.py:190} INFO - ['IHNQhb-mjZc', 'vDrSCXFMAKk', 'snX5YyflrGw', 'nbzQdlWrcnk', '8krJy31Diow', 'aRcUVhVlSHg', 'Jo7sfpeWqwE', 'QtD-CeUdRUQ', 'ndAQfTzlVjc', 'AydS-vA3qa4', 'UPrkC1LdlLY', '8bTQMDM4qvY', '4SNThp0YiU4', 'XhuisK0bTSA', 'lkCRPp7cnP8', 'KkCXLABwHP0', 'PWirijQkH4M', 'U_LlX4t0A9I', 'T8I165Qxeo8', 'i-9V21MqlhY', 'f0cXJ6mJxGc', 'F6PqxbvOCUI', 'oA4LSZvX4iE', 'ZKxnjszkZto', '8_gdcaX9Xqk', 'snUyLbGx6U4', 'Pv0iVoSZzN8', 'CWbV3NItSdY', 'l-nMKJ5J3Uc', 'XE1Qyss8GIY', '6GzHPS0rEgc', 'imhY0pe-Sd8', 'erLbbextvlY', 'OnTTThIzuNU', 'mKdjycj-7eE', 'tWYsfOSY9vY', 'sH48lKbayNU', 'AFXoSFNMwIA', 'AjwAdtlRKf8', 'KOEfDvr4DcQ', 'krsBRQbOPQ4', '7ESeQBeikKs', 'K_CbgLpvH9E', 'lOKASgtr6kU', '9RhWXPcKBI8', 'ZVt9ZJfWV1c', 'rWBOITBjitE', 'tnTPaLOaHz8', 'Wdjh81uH6FU', '7dYTw-jAYkY']
[2024-10-04T20:26:41.976+0000] {logging_mixin.py:190} INFO - {'viewCount': '60065943543', 'subscriberCount': '318000000', 'videoCount': '819'}
[2024-10-04T20:26:42.005+0000] {python.py:240} INFO - Done. Returned value was: /opt/airflow/data/output
[2024-10-04T20:26:42.029+0000] {taskinstance.py:340} INFO - ::group::Post task execution logs
[2024-10-04T20:26:42.031+0000] {taskinstance.py:352} INFO - Marking task as SUCCESS. dag_id=youtube_pipeline, task_id=youtube_extration, run_id=scheduled__2024-10-03T00:00:00+00:00, execution_date=20241003T000000, start_date=20241004T202622, end_date=20241004T202642
[2024-10-04T20:26:42.090+0000] {local_task_job_runner.py:266} INFO - Task exited with return code 0
[2024-10-04T20:26:42.115+0000] {taskinstance.py:3900} INFO - 1 downstream tasks scheduled from follow-on schedule check
[2024-10-04T20:26:42.119+0000] {local_task_job_runner.py:245} INFO - ::endgroup::
[2024-10-04T21:36:45.157+0000] {local_task_job_runner.py:123} INFO - ::group::Pre task execution logs
[2024-10-04T21:36:45.179+0000] {taskinstance.py:2612} INFO - Dependencies all met for dep_context=non-requeueable deps ti=<TaskInstance: youtube_pipeline.youtube_extration scheduled__2024-10-03T00:00:00+00:00 [queued]>
[2024-10-04T21:36:45.191+0000] {taskinstance.py:2612} INFO - Dependencies all met for dep_context=requeueable deps ti=<TaskInstance: youtube_pipeline.youtube_extration scheduled__2024-10-03T00:00:00+00:00 [queued]>
[2024-10-04T21:36:45.194+0000] {taskinstance.py:2865} INFO - Starting attempt 1 of 1
[2024-10-04T21:36:45.210+0000] {taskinstance.py:2888} INFO - Executing <Task(PythonOperator): youtube_extration> on 2024-10-03 00:00:00+00:00
[2024-10-04T21:36:45.217+0000] {standard_task_runner.py:72} INFO - Started process 54 to run task
[2024-10-04T21:36:45.221+0000] {standard_task_runner.py:104} INFO - Running: ['airflow', 'tasks', 'run', 'youtube_pipeline', 'youtube_extration', 'scheduled__2024-10-03T00:00:00+00:00', '--job-id', '2', '--raw', '--subdir', 'DAGS_FOLDER/youtube_dag.py', '--cfg-path', '/tmp/tmp1oc_uumv']
[2024-10-04T21:36:45.226+0000] {standard_task_runner.py:105} INFO - Job 2: Subtask youtube_extration
[2024-10-04T21:36:45.285+0000] {task_command.py:467} INFO - Running <TaskInstance: youtube_pipeline.youtube_extration scheduled__2024-10-03T00:00:00+00:00 [running]> on host 4715c926778f
[2024-10-04T21:36:45.368+0000] {taskinstance.py:3131} INFO - Exporting env vars: AIRFLOW_CTX_DAG_OWNER='Haziq' AIRFLOW_CTX_DAG_ID='youtube_pipeline' AIRFLOW_CTX_TASK_ID='youtube_extration' AIRFLOW_CTX_EXECUTION_DATE='2024-10-03T00:00:00+00:00' AIRFLOW_CTX_TRY_NUMBER='1' AIRFLOW_CTX_DAG_RUN_ID='scheduled__2024-10-03T00:00:00+00:00'
[2024-10-04T21:36:45.372+0000] {taskinstance.py:731} INFO - ::endgroup::
[2024-10-04T21:36:45.394+0000] {__init__.py:49} INFO - file_cache is only supported with oauth2client<4.0.0
[2024-10-04T21:36:47.292+0000] {logging_mixin.py:190} INFO - playlist id isUUX6OQ3DkcsbYNE6H8uQQuVA
[2024-10-04T21:38:46.425+0000] {http.py:140} WARNING - Encountered 403 Forbidden with reason "quotaExceeded"
[2024-10-04T21:38:46.428+0000] {logging_mixin.py:190} INFO - <HttpError 403 when requesting https://youtube.googleapis.com/youtube/v3/videos?part=statistics%2Csnippet%2CcontentDetails&id=yzGmnjDFuZE&key=AIzaSyBE16xeNvwouRgDBDDzl9KWo-AIq4kAe3o&alt=json returned "The request cannot be completed because you have exceeded your <a href="/youtube/v3/getting-started#quota">quota</a>.". Details: "[{'message': 'The request cannot be completed because you have exceeded your <a href="/youtube/v3/getting-started#quota">quota</a>.', 'domain': 'youtube.quota', 'reason': 'quotaExceeded'}]">
[2024-10-04T21:38:46.431+0000] {logging_mixin.py:190} INFO - {'viewCount': '60065943543', 'subscriberCount': '318000000', 'videoCount': '819'}
[2024-10-04T21:38:46.464+0000] {python.py:240} INFO - Done. Returned value was: /opt/airflow/data/output
[2024-10-04T21:38:46.498+0000] {taskinstance.py:340} INFO - ::group::Post task execution logs
[2024-10-04T21:38:46.500+0000] {taskinstance.py:352} INFO - Marking task as SUCCESS. dag_id=youtube_pipeline, task_id=youtube_extration, run_id=scheduled__2024-10-03T00:00:00+00:00, execution_date=20241003T000000, start_date=20241004T213645, end_date=20241004T213846
[2024-10-04T21:38:46.544+0000] {local_task_job_runner.py:266} INFO - Task exited with return code 0
[2024-10-04T21:38:46.569+0000] {taskinstance.py:3900} INFO - 1 downstream tasks scheduled from follow-on schedule check
[2024-10-04T21:38:46.575+0000] {local_task_job_runner.py:245} INFO - ::endgroup::
