[2024-10-04T20:57:45.322+0000] {local_task_job_runner.py:123} INFO - ::group::Pre task execution logs
[2024-10-04T20:57:45.342+0000] {taskinstance.py:2612} INFO - Dependencies all met for dep_context=non-requeueable deps ti=<TaskInstance: youtube_pipeline.s3_upload manual__2024-10-04T20:57:08.812724+00:00 [queued]>
[2024-10-04T20:57:45.354+0000] {taskinstance.py:2612} INFO - Dependencies all met for dep_context=requeueable deps ti=<TaskInstance: youtube_pipeline.s3_upload manual__2024-10-04T20:57:08.812724+00:00 [queued]>
[2024-10-04T20:57:45.357+0000] {taskinstance.py:2865} INFO - Starting attempt 1 of 1
[2024-10-04T20:57:45.374+0000] {taskinstance.py:2888} INFO - Executing <Task(PythonOperator): s3_upload> on 2024-10-04 20:57:08.812724+00:00
[2024-10-04T20:57:45.383+0000] {standard_task_runner.py:72} INFO - Started process 88 to run task
[2024-10-04T20:57:45.387+0000] {standard_task_runner.py:104} INFO - Running: ['airflow', 'tasks', 'run', 'youtube_pipeline', 's3_upload', 'manual__2024-10-04T20:57:08.812724+00:00', '--job-id', '9', '--raw', '--subdir', 'DAGS_FOLDER/youtube_dag.py', '--cfg-path', '/tmp/tmprno7k3_a']
[2024-10-04T20:57:45.391+0000] {standard_task_runner.py:105} INFO - Job 9: Subtask s3_upload
[2024-10-04T20:57:45.443+0000] {task_command.py:467} INFO - Running <TaskInstance: youtube_pipeline.s3_upload manual__2024-10-04T20:57:08.812724+00:00 [running]> on host 85380cf6bf50
[2024-10-04T20:57:45.530+0000] {taskinstance.py:3131} INFO - Exporting env vars: AIRFLOW_CTX_DAG_OWNER='Haziq' AIRFLOW_CTX_DAG_ID='youtube_pipeline' AIRFLOW_CTX_TASK_ID='s3_upload' AIRFLOW_CTX_EXECUTION_DATE='2024-10-04T20:57:08.812724+00:00' AIRFLOW_CTX_TRY_NUMBER='1' AIRFLOW_CTX_DAG_RUN_ID='manual__2024-10-04T20:57:08.812724+00:00'
[2024-10-04T20:57:45.534+0000] {taskinstance.py:731} INFO - ::endgroup::
[2024-10-04T20:57:45.561+0000] {logging_mixin.py:190} INFO - connected successfully to s3
[2024-10-04T20:57:47.389+0000] {logging_mixin.py:190} INFO - bucket already exist
[2024-10-04T20:57:47.396+0000] {logging_mixin.py:190} INFO - /opt/airflow/data/output/top_videos_stats.csv
[2024-10-04T20:57:47.398+0000] {logging_mixin.py:190} INFO - destination is s3-reddit-storage-haziq/raw/top_videos_stats.csv
[2024-10-04T20:57:48.465+0000] {logging_mixin.py:190} INFO - file uploaded successfully
[2024-10-04T20:57:48.468+0000] {logging_mixin.py:190} INFO - /opt/airflow/data/output/view_stats.csv
[2024-10-04T20:57:48.470+0000] {logging_mixin.py:190} INFO - destination is s3-reddit-storage-haziq/raw/view_stats.csv
[2024-10-04T20:57:49.511+0000] {logging_mixin.py:190} INFO - file uploaded successfully
[2024-10-04T20:57:49.513+0000] {python.py:240} INFO - Done. Returned value was: /opt/airflow/data/output
[2024-10-04T20:57:49.542+0000] {taskinstance.py:340} INFO - ::group::Post task execution logs
[2024-10-04T20:57:49.544+0000] {taskinstance.py:352} INFO - Marking task as SUCCESS. dag_id=youtube_pipeline, task_id=s3_upload, run_id=manual__2024-10-04T20:57:08.812724+00:00, execution_date=20241004T205708, start_date=20241004T205745, end_date=20241004T205749
[2024-10-04T20:57:49.590+0000] {local_task_job_runner.py:266} INFO - Task exited with return code 0
[2024-10-04T20:57:49.615+0000] {taskinstance.py:3900} INFO - 0 downstream tasks scheduled from follow-on schedule check
[2024-10-04T20:57:49.621+0000] {local_task_job_runner.py:245} INFO - ::endgroup::
