[2024-10-03T10:04:31.052+0000] {local_task_job_runner.py:123} INFO - ::group::Pre task execution logs
[2024-10-03T10:04:31.124+0000] {taskinstance.py:2612} INFO - Dependencies all met for dep_context=non-requeueable deps ti=<TaskInstance: youtube_pipeline.youtube_extration scheduled__2024-10-02T00:00:00+00:00 [queued]>
[2024-10-03T10:04:31.168+0000] {taskinstance.py:2612} INFO - Dependencies all met for dep_context=requeueable deps ti=<TaskInstance: youtube_pipeline.youtube_extration scheduled__2024-10-02T00:00:00+00:00 [queued]>
[2024-10-03T10:04:31.171+0000] {taskinstance.py:2865} INFO - Starting attempt 1 of 1
[2024-10-03T10:04:31.238+0000] {taskinstance.py:2888} INFO - Executing <Task(PythonOperator): youtube_extration> on 2024-10-02 00:00:00+00:00
[2024-10-03T10:04:31.257+0000] {standard_task_runner.py:72} INFO - Started process 65 to run task
[2024-10-03T10:04:31.284+0000] {standard_task_runner.py:104} INFO - Running: ['airflow', 'tasks', 'run', 'youtube_pipeline', 'youtube_extration', 'scheduled__2024-10-02T00:00:00+00:00', '--job-id', '45', '--raw', '--subdir', 'DAGS_FOLDER/youtube_dag.py', '--cfg-path', '/tmp/tmp7miuhnee']
[2024-10-03T10:04:31.290+0000] {standard_task_runner.py:105} INFO - Job 45: Subtask youtube_extration
[2024-10-03T10:04:31.449+0000] {task_command.py:467} INFO - Running <TaskInstance: youtube_pipeline.youtube_extration scheduled__2024-10-02T00:00:00+00:00 [running]> on host c06171771335
[2024-10-03T10:04:31.739+0000] {taskinstance.py:3131} INFO - Exporting env vars: AIRFLOW_CTX_DAG_OWNER='Haziq' AIRFLOW_CTX_DAG_ID='youtube_pipeline' AIRFLOW_CTX_TASK_ID='youtube_extration' AIRFLOW_CTX_EXECUTION_DATE='2024-10-02T00:00:00+00:00' AIRFLOW_CTX_TRY_NUMBER='1' AIRFLOW_CTX_DAG_RUN_ID='scheduled__2024-10-02T00:00:00+00:00'
[2024-10-03T10:04:31.745+0000] {taskinstance.py:731} INFO - ::endgroup::
[2024-10-03T10:04:31.802+0000] {__init__.py:49} INFO - file_cache is only supported with oauth2client<4.0.0
[2024-10-03T10:04:34.183+0000] {logging_mixin.py:190} INFO - Unable to find the server at youtube.googleapis.com
[2024-10-03T10:04:34.222+0000] {logging_mixin.py:190} INFO - Unable to find the server at youtube.googleapis.com
[2024-10-03T10:04:34.239+0000] {logging_mixin.py:190} INFO - Unable to find the server at youtube.googleapis.com
[2024-10-03T10:04:34.245+0000] {logging_mixin.py:190} INFO - None
[2024-10-03T10:04:34.309+0000] {python.py:240} INFO - Done. Returned value was: /opt/airflow/data/output
[2024-10-03T10:04:34.374+0000] {taskinstance.py:340} INFO - ::group::Post task execution logs
[2024-10-03T10:04:34.383+0000] {taskinstance.py:352} INFO - Marking task as SUCCESS. dag_id=youtube_pipeline, task_id=youtube_extration, run_id=scheduled__2024-10-02T00:00:00+00:00, execution_date=20241002T000000, start_date=20241003T100431, end_date=20241003T100434
[2024-10-03T10:04:34.477+0000] {local_task_job_runner.py:266} INFO - Task exited with return code 0
[2024-10-03T10:04:34.514+0000] {taskinstance.py:3900} INFO - 0 downstream tasks scheduled from follow-on schedule check
[2024-10-03T10:04:34.519+0000] {local_task_job_runner.py:245} INFO - ::endgroup::
[2024-10-03T12:11:04.437+0000] {local_task_job_runner.py:123} INFO - ::group::Pre task execution logs
[2024-10-03T12:11:04.464+0000] {taskinstance.py:2612} INFO - Dependencies all met for dep_context=non-requeueable deps ti=<TaskInstance: youtube_pipeline.youtube_extration scheduled__2024-10-02T00:00:00+00:00 [queued]>
[2024-10-03T12:11:04.482+0000] {taskinstance.py:2612} INFO - Dependencies all met for dep_context=requeueable deps ti=<TaskInstance: youtube_pipeline.youtube_extration scheduled__2024-10-02T00:00:00+00:00 [queued]>
[2024-10-03T12:11:04.484+0000] {taskinstance.py:2865} INFO - Starting attempt 1 of 1
[2024-10-03T12:11:04.509+0000] {taskinstance.py:2888} INFO - Executing <Task(PythonOperator): youtube_extration> on 2024-10-02 00:00:00+00:00
[2024-10-03T12:11:04.520+0000] {standard_task_runner.py:72} INFO - Started process 54 to run task
[2024-10-03T12:11:04.528+0000] {standard_task_runner.py:104} INFO - Running: ['airflow', 'tasks', 'run', 'youtube_pipeline', 'youtube_extration', 'scheduled__2024-10-02T00:00:00+00:00', '--job-id', '2', '--raw', '--subdir', 'DAGS_FOLDER/youtube_dag.py', '--cfg-path', '/tmp/tmpv85py33k']
[2024-10-03T12:11:04.535+0000] {standard_task_runner.py:105} INFO - Job 2: Subtask youtube_extration
[2024-10-03T12:11:04.610+0000] {task_command.py:467} INFO - Running <TaskInstance: youtube_pipeline.youtube_extration scheduled__2024-10-02T00:00:00+00:00 [running]> on host 4d91c6c5073f
[2024-10-03T12:11:04.713+0000] {taskinstance.py:3131} INFO - Exporting env vars: AIRFLOW_CTX_DAG_OWNER='Haziq' AIRFLOW_CTX_DAG_ID='youtube_pipeline' AIRFLOW_CTX_TASK_ID='youtube_extration' AIRFLOW_CTX_EXECUTION_DATE='2024-10-02T00:00:00+00:00' AIRFLOW_CTX_TRY_NUMBER='1' AIRFLOW_CTX_DAG_RUN_ID='scheduled__2024-10-02T00:00:00+00:00'
[2024-10-03T12:11:04.717+0000] {taskinstance.py:731} INFO - ::endgroup::
[2024-10-03T12:11:04.740+0000] {__init__.py:49} INFO - file_cache is only supported with oauth2client<4.0.0
[2024-10-03T12:11:08.551+0000] {logging_mixin.py:190} INFO - playlist id isUUX6OQ3DkcsbYNE6H8uQQuVA
[2024-10-03T12:11:09.285+0000] {logging_mixin.py:190} INFO - ['vDrSCXFMAKk', 'snX5YyflrGw', 'nbzQdlWrcnk', '8krJy31Diow', 'aRcUVhVlSHg', 'Jo7sfpeWqwE', 'QtD-CeUdRUQ', 'ndAQfTzlVjc', 'AydS-vA3qa4', 'UPrkC1LdlLY', '8bTQMDM4qvY', '4SNThp0YiU4', 'XhuisK0bTSA', 'lkCRPp7cnP8', 'KkCXLABwHP0', 'PWirijQkH4M', 'U_LlX4t0A9I', 'T8I165Qxeo8', 'i-9V21MqlhY', 'f0cXJ6mJxGc', 'F6PqxbvOCUI', 'oA4LSZvX4iE', 'ZKxnjszkZto', '8_gdcaX9Xqk', 'snUyLbGx6U4', 'Pv0iVoSZzN8', 'CWbV3NItSdY', 'l-nMKJ5J3Uc', 'XE1Qyss8GIY', '6GzHPS0rEgc', 'imhY0pe-Sd8', 'erLbbextvlY', 'OnTTThIzuNU', 'mKdjycj-7eE', 'tWYsfOSY9vY', 'sH48lKbayNU', 'AFXoSFNMwIA', 'AjwAdtlRKf8', 'KOEfDvr4DcQ', 'krsBRQbOPQ4', '7ESeQBeikKs', 'K_CbgLpvH9E', 'lOKASgtr6kU', '9RhWXPcKBI8', 'ZVt9ZJfWV1c', 'rWBOITBjitE', 'tnTPaLOaHz8', 'Wdjh81uH6FU', '7dYTw-jAYkY', 'AjZDwxt7S8w']
[2024-10-03T12:11:31.585+0000] {logging_mixin.py:190} INFO - {'viewCount': '60005966102', 'subscriberCount': '318000000', 'videoCount': '818'}
[2024-10-03T12:11:31.625+0000] {python.py:240} INFO - Done. Returned value was: /opt/airflow/data/output
[2024-10-03T12:11:31.658+0000] {taskinstance.py:340} INFO - ::group::Post task execution logs
[2024-10-03T12:11:31.661+0000] {taskinstance.py:352} INFO - Marking task as SUCCESS. dag_id=youtube_pipeline, task_id=youtube_extration, run_id=scheduled__2024-10-02T00:00:00+00:00, execution_date=20241002T000000, start_date=20241003T121104, end_date=20241003T121131
[2024-10-03T12:11:31.697+0000] {local_task_job_runner.py:266} INFO - Task exited with return code 0
[2024-10-03T12:11:31.725+0000] {taskinstance.py:3900} INFO - 1 downstream tasks scheduled from follow-on schedule check
[2024-10-03T12:11:31.730+0000] {local_task_job_runner.py:245} INFO - ::endgroup::
