[2024-10-01T18:19:54.665+0000] {local_task_job_runner.py:123} INFO - ::group::Pre task execution logs
[2024-10-01T18:19:54.690+0000] {taskinstance.py:2612} INFO - Dependencies all met for dep_context=non-requeueable deps ti=<TaskInstance: reddit_pipeline.s3_upload manual__2024-10-01T18:19:48.076495+00:00 [queued]>
[2024-10-01T18:19:54.705+0000] {taskinstance.py:2612} INFO - Dependencies all met for dep_context=requeueable deps ti=<TaskInstance: reddit_pipeline.s3_upload manual__2024-10-01T18:19:48.076495+00:00 [queued]>
[2024-10-01T18:19:54.708+0000] {taskinstance.py:2865} INFO - Starting attempt 1 of 1
[2024-10-01T18:19:54.731+0000] {taskinstance.py:2888} INFO - Executing <Task(PythonOperator): s3_upload> on 2024-10-01 18:19:48.076495+00:00
[2024-10-01T18:19:54.739+0000] {standard_task_runner.py:72} INFO - Started process 68 to run task
[2024-10-01T18:19:54.745+0000] {standard_task_runner.py:104} INFO - Running: ['airflow', 'tasks', 'run', 'reddit_pipeline', 's3_upload', 'manual__2024-10-01T18:19:48.076495+00:00', '--job-id', '5', '--raw', '--subdir', 'DAGS_FOLDER/reddit_dag.py', '--cfg-path', '/tmp/tmp5dbpt87s']
[2024-10-01T18:19:54.749+0000] {standard_task_runner.py:105} INFO - Job 5: Subtask s3_upload
[2024-10-01T18:19:54.811+0000] {task_command.py:467} INFO - Running <TaskInstance: reddit_pipeline.s3_upload manual__2024-10-01T18:19:48.076495+00:00 [running]> on host 92f426e0583c
[2024-10-01T18:19:54.916+0000] {taskinstance.py:3131} INFO - Exporting env vars: AIRFLOW_CTX_DAG_OWNER='Haziq' AIRFLOW_CTX_DAG_ID='reddit_pipeline' AIRFLOW_CTX_TASK_ID='s3_upload' AIRFLOW_CTX_EXECUTION_DATE='2024-10-01T18:19:48.076495+00:00' AIRFLOW_CTX_TRY_NUMBER='1' AIRFLOW_CTX_DAG_RUN_ID='manual__2024-10-01T18:19:48.076495+00:00'
[2024-10-01T18:19:54.920+0000] {taskinstance.py:731} INFO - ::endgroup::
[2024-10-01T18:19:54.958+0000] {logging_mixin.py:190} INFO - connected successfully to s3
[2024-10-01T18:19:55.732+0000] {logging_mixin.py:190} INFO - bucket already exist
[2024-10-01T18:19:56.556+0000] {logging_mixin.py:190} INFO - file uploaded successfully
[2024-10-01T18:19:56.560+0000] {python.py:240} INFO - Done. Returned value was: None
[2024-10-01T18:19:56.584+0000] {taskinstance.py:340} INFO - ::group::Post task execution logs
[2024-10-01T18:19:56.588+0000] {taskinstance.py:352} INFO - Marking task as SUCCESS. dag_id=reddit_pipeline, task_id=s3_upload, run_id=manual__2024-10-01T18:19:48.076495+00:00, execution_date=20241001T181948, start_date=20241001T181954, end_date=20241001T181956
[2024-10-01T18:19:56.652+0000] {local_task_job_runner.py:266} INFO - Task exited with return code 0
[2024-10-01T18:19:56.691+0000] {taskinstance.py:3900} INFO - 0 downstream tasks scheduled from follow-on schedule check
[2024-10-01T18:19:56.697+0000] {local_task_job_runner.py:245} INFO - ::endgroup::
