[2024-10-01T12:39:05.073+0000] {local_task_job_runner.py:120} INFO - ::group::Pre task execution logs
[2024-10-01T12:39:05.120+0000] {taskinstance.py:2076} INFO - Dependencies all met for dep_context=non-requeueable deps ti=<TaskInstance: reddit_pipeline.reddit_extration scheduled__2024-09-30T00:00:00+00:00 [queued]>
[2024-10-01T12:39:05.139+0000] {taskinstance.py:2076} INFO - Dependencies all met for dep_context=requeueable deps ti=<TaskInstance: reddit_pipeline.reddit_extration scheduled__2024-09-30T00:00:00+00:00 [queued]>
[2024-10-01T12:39:05.141+0000] {taskinstance.py:2306} INFO - Starting attempt 1 of 1
[2024-10-01T12:39:05.171+0000] {taskinstance.py:2330} INFO - Executing <Task(PythonOperator): reddit_extration> on 2024-09-30 00:00:00+00:00
[2024-10-01T12:39:05.183+0000] {standard_task_runner.py:63} INFO - Started process 121 to run task
[2024-10-01T12:39:05.189+0000] {standard_task_runner.py:90} INFO - Running: ['airflow', 'tasks', 'run', 'reddit_pipeline', 'reddit_extration', 'scheduled__2024-09-30T00:00:00+00:00', '--job-id', '30', '--raw', '--subdir', 'DAGS_FOLDER/reddit_dag.py', '--cfg-path', '/tmp/tmpku22bfz6']
[2024-10-01T12:39:05.194+0000] {standard_task_runner.py:91} INFO - Job 30: Subtask reddit_extration
[2024-10-01T12:39:05.286+0000] {task_command.py:426} INFO - Running <TaskInstance: reddit_pipeline.reddit_extration scheduled__2024-09-30T00:00:00+00:00 [running]> on host d18f347f1f63
[2024-10-01T12:39:05.456+0000] {taskinstance.py:2648} INFO - Exporting env vars: AIRFLOW_CTX_DAG_OWNER='Haziq' AIRFLOW_CTX_DAG_ID='reddit_pipeline' AIRFLOW_CTX_TASK_ID='reddit_extration' AIRFLOW_CTX_EXECUTION_DATE='2024-09-30T00:00:00+00:00' AIRFLOW_CTX_TRY_NUMBER='1' AIRFLOW_CTX_DAG_RUN_ID='scheduled__2024-09-30T00:00:00+00:00'
[2024-10-01T12:39:05.466+0000] {taskinstance.py:430} INFO - ::endgroup::
[2024-10-01T12:39:08.189+0000] {logging_mixin.py:188} INFO - connected to reddit hello
[2024-10-01T12:39:09.875+0000] {python.py:237} INFO - Done. Returned value was: None
[2024-10-01T12:39:09.876+0000] {taskinstance.py:441} INFO - ::group::Post task execution logs
[2024-10-01T12:39:09.892+0000] {taskinstance.py:1206} INFO - Marking task as SUCCESS. dag_id=reddit_pipeline, task_id=reddit_extration, run_id=scheduled__2024-09-30T00:00:00+00:00, execution_date=20240930T000000, start_date=20241001T123905, end_date=20241001T123909
[2024-10-01T12:39:09.945+0000] {local_task_job_runner.py:240} INFO - Task exited with return code 0
[2024-10-01T12:39:09.970+0000] {taskinstance.py:3503} INFO - 0 downstream tasks scheduled from follow-on schedule check
[2024-10-01T12:39:09.972+0000] {local_task_job_runner.py:222} INFO - ::endgroup::
[2024-10-01T15:47:40.321+0000] {local_task_job_runner.py:123} INFO - ::group::Pre task execution logs
[2024-10-01T15:47:40.337+0000] {taskinstance.py:2612} INFO - Dependencies all met for dep_context=non-requeueable deps ti=<TaskInstance: reddit_pipeline.reddit_extration scheduled__2024-09-30T00:00:00+00:00 [queued]>
[2024-10-01T15:47:40.345+0000] {taskinstance.py:2612} INFO - Dependencies all met for dep_context=requeueable deps ti=<TaskInstance: reddit_pipeline.reddit_extration scheduled__2024-09-30T00:00:00+00:00 [queued]>
[2024-10-01T15:47:40.346+0000] {taskinstance.py:2865} INFO - Starting attempt 1 of 1
[2024-10-01T15:47:40.357+0000] {taskinstance.py:2888} INFO - Executing <Task(PythonOperator): reddit_extration> on 2024-09-30 00:00:00+00:00
[2024-10-01T15:47:40.362+0000] {standard_task_runner.py:72} INFO - Started process 54 to run task
[2024-10-01T15:47:40.365+0000] {standard_task_runner.py:104} INFO - Running: ['airflow', 'tasks', 'run', 'reddit_pipeline', 'reddit_extration', 'scheduled__2024-09-30T00:00:00+00:00', '--job-id', '35', '--raw', '--subdir', 'DAGS_FOLDER/reddit_dag.py', '--cfg-path', '/tmp/tmp83ox5jhq']
[2024-10-01T15:47:40.368+0000] {standard_task_runner.py:105} INFO - Job 35: Subtask reddit_extration
[2024-10-01T15:47:40.411+0000] {task_command.py:467} INFO - Running <TaskInstance: reddit_pipeline.reddit_extration scheduled__2024-09-30T00:00:00+00:00 [running]> on host 0e63f9394fb3
[2024-10-01T15:47:40.472+0000] {taskinstance.py:3131} INFO - Exporting env vars: AIRFLOW_CTX_DAG_OWNER='Haziq' AIRFLOW_CTX_DAG_ID='reddit_pipeline' AIRFLOW_CTX_TASK_ID='reddit_extration' AIRFLOW_CTX_EXECUTION_DATE='2024-09-30T00:00:00+00:00' AIRFLOW_CTX_TRY_NUMBER='1' AIRFLOW_CTX_DAG_RUN_ID='scheduled__2024-09-30T00:00:00+00:00'
[2024-10-01T15:47:40.475+0000] {taskinstance.py:731} INFO - ::endgroup::
[2024-10-01T15:47:40.893+0000] {logging_mixin.py:190} INFO - connected to reddit hello
[2024-10-01T15:47:42.220+0000] {python.py:240} INFO - Done. Returned value was: /opt/airflow/data/output/reddit_20241001.csv
[2024-10-01T15:47:42.238+0000] {taskinstance.py:340} INFO - ::group::Post task execution logs
[2024-10-01T15:47:42.240+0000] {taskinstance.py:352} INFO - Marking task as SUCCESS. dag_id=reddit_pipeline, task_id=reddit_extration, run_id=scheduled__2024-09-30T00:00:00+00:00, execution_date=20240930T000000, start_date=20241001T154740, end_date=20241001T154742
[2024-10-01T15:47:42.268+0000] {local_task_job_runner.py:266} INFO - Task exited with return code 0
[2024-10-01T15:47:42.284+0000] {taskinstance.py:3900} INFO - 1 downstream tasks scheduled from follow-on schedule check
[2024-10-01T15:47:42.287+0000] {local_task_job_runner.py:245} INFO - ::endgroup::
[2024-10-01T18:19:49.375+0000] {local_task_job_runner.py:123} INFO - ::group::Pre task execution logs
[2024-10-01T18:19:49.439+0000] {taskinstance.py:2612} INFO - Dependencies all met for dep_context=non-requeueable deps ti=<TaskInstance: reddit_pipeline.reddit_extration scheduled__2024-09-30T00:00:00+00:00 [queued]>
[2024-10-01T18:19:49.456+0000] {taskinstance.py:2612} INFO - Dependencies all met for dep_context=requeueable deps ti=<TaskInstance: reddit_pipeline.reddit_extration scheduled__2024-09-30T00:00:00+00:00 [queued]>
[2024-10-01T18:19:49.460+0000] {taskinstance.py:2865} INFO - Starting attempt 1 of 1
[2024-10-01T18:19:49.483+0000] {taskinstance.py:2888} INFO - Executing <Task(PythonOperator): reddit_extration> on 2024-09-30 00:00:00+00:00
[2024-10-01T18:19:49.493+0000] {standard_task_runner.py:72} INFO - Started process 55 to run task
[2024-10-01T18:19:49.503+0000] {standard_task_runner.py:104} INFO - Running: ['airflow', 'tasks', 'run', 'reddit_pipeline', 'reddit_extration', 'scheduled__2024-09-30T00:00:00+00:00', '--job-id', '2', '--raw', '--subdir', 'DAGS_FOLDER/reddit_dag.py', '--cfg-path', '/tmp/tmp4nys4qfa']
[2024-10-01T18:19:49.510+0000] {standard_task_runner.py:105} INFO - Job 2: Subtask reddit_extration
[2024-10-01T18:19:49.607+0000] {task_command.py:467} INFO - Running <TaskInstance: reddit_pipeline.reddit_extration scheduled__2024-09-30T00:00:00+00:00 [running]> on host 92f426e0583c
[2024-10-01T18:19:49.714+0000] {taskinstance.py:3131} INFO - Exporting env vars: AIRFLOW_CTX_DAG_OWNER='Haziq' AIRFLOW_CTX_DAG_ID='reddit_pipeline' AIRFLOW_CTX_TASK_ID='reddit_extration' AIRFLOW_CTX_EXECUTION_DATE='2024-09-30T00:00:00+00:00' AIRFLOW_CTX_TRY_NUMBER='1' AIRFLOW_CTX_DAG_RUN_ID='scheduled__2024-09-30T00:00:00+00:00'
[2024-10-01T18:19:49.717+0000] {taskinstance.py:731} INFO - ::endgroup::
[2024-10-01T18:19:50.309+0000] {logging_mixin.py:190} INFO - connected to reddit hello
[2024-10-01T18:19:51.641+0000] {python.py:240} INFO - Done. Returned value was: /opt/airflow/data/output/reddit_20241001.csv
[2024-10-01T18:19:51.677+0000] {taskinstance.py:340} INFO - ::group::Post task execution logs
[2024-10-01T18:19:51.680+0000] {taskinstance.py:352} INFO - Marking task as SUCCESS. dag_id=reddit_pipeline, task_id=reddit_extration, run_id=scheduled__2024-09-30T00:00:00+00:00, execution_date=20240930T000000, start_date=20241001T181949, end_date=20241001T181951
[2024-10-01T18:19:51.731+0000] {local_task_job_runner.py:266} INFO - Task exited with return code 0
[2024-10-01T18:19:51.763+0000] {taskinstance.py:3900} INFO - 1 downstream tasks scheduled from follow-on schedule check
[2024-10-01T18:19:51.768+0000] {local_task_job_runner.py:245} INFO - ::endgroup::
