[2024-10-02T13:32:33.200+0000] {local_task_job_runner.py:123} INFO - ::group::Pre task execution logs
[2024-10-02T13:32:33.225+0000] {taskinstance.py:2612} INFO - Dependencies all met for dep_context=non-requeueable deps ti=<TaskInstance: reddit_pipeline.s3_upload scheduled__2024-10-01T00:00:00+00:00 [queued]>
[2024-10-02T13:32:33.240+0000] {taskinstance.py:2612} INFO - Dependencies all met for dep_context=requeueable deps ti=<TaskInstance: reddit_pipeline.s3_upload scheduled__2024-10-01T00:00:00+00:00 [queued]>
[2024-10-02T13:32:33.243+0000] {taskinstance.py:2865} INFO - Starting attempt 1 of 1
[2024-10-02T13:32:33.266+0000] {taskinstance.py:2888} INFO - Executing <Task(PythonOperator): s3_upload> on 2024-10-01 00:00:00+00:00
[2024-10-02T13:32:33.275+0000] {standard_task_runner.py:72} INFO - Started process 88 to run task
[2024-10-02T13:32:33.280+0000] {standard_task_runner.py:104} INFO - Running: ['airflow', 'tasks', 'run', 'reddit_pipeline', 's3_upload', 'scheduled__2024-10-01T00:00:00+00:00', '--job-id', '9', '--raw', '--subdir', 'DAGS_FOLDER/reddit_dag.py', '--cfg-path', '/tmp/tmpys_fojbl']
[2024-10-02T13:32:33.285+0000] {standard_task_runner.py:105} INFO - Job 9: Subtask s3_upload
[2024-10-02T13:32:33.355+0000] {task_command.py:467} INFO - Running <TaskInstance: reddit_pipeline.s3_upload scheduled__2024-10-01T00:00:00+00:00 [running]> on host 92f426e0583c
[2024-10-02T13:32:33.472+0000] {taskinstance.py:3131} INFO - Exporting env vars: AIRFLOW_CTX_DAG_OWNER='Haziq' AIRFLOW_CTX_DAG_ID='reddit_pipeline' AIRFLOW_CTX_TASK_ID='s3_upload' AIRFLOW_CTX_EXECUTION_DATE='2024-10-01T00:00:00+00:00' AIRFLOW_CTX_TRY_NUMBER='1' AIRFLOW_CTX_DAG_RUN_ID='scheduled__2024-10-01T00:00:00+00:00'
[2024-10-02T13:32:33.475+0000] {taskinstance.py:731} INFO - ::endgroup::
[2024-10-02T13:32:33.516+0000] {logging_mixin.py:190} INFO - connected successfully to s3
[2024-10-02T13:32:34.490+0000] {logging_mixin.py:190} INFO - bucket already exist
[2024-10-02T13:32:35.188+0000] {logging_mixin.py:190} INFO - file uploaded successfully
[2024-10-02T13:32:35.191+0000] {python.py:240} INFO - Done. Returned value was: /opt/airflow/data/output/reddit_20241002.csv
[2024-10-02T13:32:35.222+0000] {taskinstance.py:340} INFO - ::group::Post task execution logs
[2024-10-02T13:32:35.224+0000] {taskinstance.py:352} INFO - Marking task as SUCCESS. dag_id=reddit_pipeline, task_id=s3_upload, run_id=scheduled__2024-10-01T00:00:00+00:00, execution_date=20241001T000000, start_date=20241002T133233, end_date=20241002T133235
[2024-10-02T13:32:35.266+0000] {local_task_job_runner.py:266} INFO - Task exited with return code 0
[2024-10-02T13:32:35.286+0000] {taskinstance.py:3900} INFO - 0 downstream tasks scheduled from follow-on schedule check
[2024-10-02T13:32:35.292+0000] {local_task_job_runner.py:245} INFO - ::endgroup::
