[2024-09-30T18:32:38.780+0000] {local_task_job_runner.py:120} INFO - ::group::Pre task execution logs
[2024-09-30T18:32:38.799+0000] {taskinstance.py:2076} INFO - Dependencies all met for dep_context=non-requeueable deps ti=<TaskInstance: reddit_pipeline.reddit_extration manual__2024-09-30T18:32:37.229686+00:00 [queued]>
[2024-09-30T18:32:38.808+0000] {taskinstance.py:2076} INFO - Dependencies all met for dep_context=requeueable deps ti=<TaskInstance: reddit_pipeline.reddit_extration manual__2024-09-30T18:32:37.229686+00:00 [queued]>
[2024-09-30T18:32:38.809+0000] {taskinstance.py:2306} INFO - Starting attempt 1 of 1
[2024-09-30T18:32:38.819+0000] {taskinstance.py:2330} INFO - Executing <Task(PythonOperator): reddit_extration> on 2024-09-30 18:32:37.229686+00:00
[2024-09-30T18:32:38.824+0000] {standard_task_runner.py:63} INFO - Started process 81 to run task
[2024-09-30T18:32:38.827+0000] {standard_task_runner.py:90} INFO - Running: ['airflow', 'tasks', 'run', 'reddit_pipeline', 'reddit_extration', 'manual__2024-09-30T18:32:37.229686+00:00', '--job-id', '16', '--raw', '--subdir', 'DAGS_FOLDER/reddit_dag.py', '--cfg-path', '/tmp/tmp3rwl8nae']
[2024-09-30T18:32:38.828+0000] {standard_task_runner.py:91} INFO - Job 16: Subtask reddit_extration
[2024-09-30T18:32:38.867+0000] {task_command.py:426} INFO - Running <TaskInstance: reddit_pipeline.reddit_extration manual__2024-09-30T18:32:37.229686+00:00 [running]> on host d18f347f1f63
[2024-09-30T18:32:38.946+0000] {taskinstance.py:2648} INFO - Exporting env vars: AIRFLOW_CTX_DAG_OWNER='Haziq' AIRFLOW_CTX_DAG_ID='reddit_pipeline' AIRFLOW_CTX_TASK_ID='reddit_extration' AIRFLOW_CTX_EXECUTION_DATE='2024-09-30T18:32:37.229686+00:00' AIRFLOW_CTX_TRY_NUMBER='1' AIRFLOW_CTX_DAG_RUN_ID='manual__2024-09-30T18:32:37.229686+00:00'
[2024-09-30T18:32:38.948+0000] {taskinstance.py:430} INFO - ::endgroup::
[2024-09-30T18:32:38.959+0000] {logging_mixin.py:188} INFO - connected to reddit hello
[2024-09-30T18:32:40.150+0000] {logging_mixin.py:188} INFO - 1fsroq7
[2024-09-30T18:32:40.151+0000] {logging_mixin.py:188} INFO - 1fsbdf6
[2024-09-30T18:32:40.151+0000] {logging_mixin.py:188} INFO - 1fst02k
[2024-09-30T18:32:40.151+0000] {logging_mixin.py:188} INFO - 1fsi3yl
[2024-09-30T18:32:40.152+0000] {logging_mixin.py:188} INFO - 1fsycps
[2024-09-30T18:32:40.152+0000] {logging_mixin.py:188} INFO - 1fsepoy
[2024-09-30T18:32:40.152+0000] {logging_mixin.py:188} INFO - 1fsu963
[2024-09-30T18:32:40.153+0000] {logging_mixin.py:188} INFO - 1fsuflw
[2024-09-30T18:32:40.153+0000] {logging_mixin.py:188} INFO - 1fszcxn
[2024-09-30T18:32:40.153+0000] {logging_mixin.py:188} INFO - 1fsred6
[2024-09-30T18:32:40.153+0000] {logging_mixin.py:188} INFO - 1ft0c9v
[2024-09-30T18:32:40.154+0000] {logging_mixin.py:188} INFO - 1ft07un
[2024-09-30T18:32:40.154+0000] {logging_mixin.py:188} INFO - 1fsp967
[2024-09-30T18:32:40.154+0000] {logging_mixin.py:188} INFO - 1ft1pml
[2024-09-30T18:32:40.155+0000] {logging_mixin.py:188} INFO - 1fst04f
[2024-09-30T18:32:40.156+0000] {logging_mixin.py:188} INFO - 1fsotpp
[2024-09-30T18:32:40.156+0000] {logging_mixin.py:188} INFO - 1fskl5v
[2024-09-30T18:32:40.156+0000] {logging_mixin.py:188} INFO - 1fsuqhf
[2024-09-30T18:32:40.156+0000] {logging_mixin.py:188} INFO - 1fspf3e
[2024-09-30T18:32:40.157+0000] {python.py:237} INFO - Done. Returned value was: None
[2024-09-30T18:32:40.157+0000] {taskinstance.py:441} INFO - ::group::Post task execution logs
[2024-09-30T18:32:40.165+0000] {taskinstance.py:1206} INFO - Marking task as SUCCESS. dag_id=reddit_pipeline, task_id=reddit_extration, run_id=manual__2024-09-30T18:32:37.229686+00:00, execution_date=20240930T183237, start_date=20240930T183238, end_date=20240930T183240
[2024-09-30T18:32:40.206+0000] {local_task_job_runner.py:240} INFO - Task exited with return code 0
[2024-09-30T18:32:40.222+0000] {taskinstance.py:3503} INFO - 0 downstream tasks scheduled from follow-on schedule check
[2024-09-30T18:32:40.225+0000] {local_task_job_runner.py:222} INFO - ::endgroup::
