[2024-10-03T12:11:33.309+0000] {local_task_job_runner.py:123} INFO - ::group::Pre task execution logs
[2024-10-03T12:11:33.335+0000] {taskinstance.py:2612} INFO - Dependencies all met for dep_context=non-requeueable deps ti=<TaskInstance: youtube_pipeline.s3_upload scheduled__2024-10-02T00:00:00+00:00 [queued]>
[2024-10-03T12:11:33.350+0000] {taskinstance.py:2612} INFO - Dependencies all met for dep_context=requeueable deps ti=<TaskInstance: youtube_pipeline.s3_upload scheduled__2024-10-02T00:00:00+00:00 [queued]>
[2024-10-03T12:11:33.353+0000] {taskinstance.py:2865} INFO - Starting attempt 1 of 1
[2024-10-03T12:11:33.372+0000] {taskinstance.py:2888} INFO - Executing <Task(PythonOperator): s3_upload> on 2024-10-02 00:00:00+00:00
[2024-10-03T12:11:33.380+0000] {standard_task_runner.py:72} INFO - Started process 62 to run task
[2024-10-03T12:11:33.385+0000] {standard_task_runner.py:104} INFO - Running: ['airflow', 'tasks', 'run', 'youtube_pipeline', 's3_upload', 'scheduled__2024-10-02T00:00:00+00:00', '--job-id', '4', '--raw', '--subdir', 'DAGS_FOLDER/youtube_dag.py', '--cfg-path', '/tmp/tmprgu_nfvb']
[2024-10-03T12:11:33.390+0000] {standard_task_runner.py:105} INFO - Job 4: Subtask s3_upload
[2024-10-03T12:11:33.465+0000] {task_command.py:467} INFO - Running <TaskInstance: youtube_pipeline.s3_upload scheduled__2024-10-02T00:00:00+00:00 [running]> on host 4d91c6c5073f
[2024-10-03T12:11:33.571+0000] {taskinstance.py:3131} INFO - Exporting env vars: AIRFLOW_CTX_DAG_OWNER='Haziq' AIRFLOW_CTX_DAG_ID='youtube_pipeline' AIRFLOW_CTX_TASK_ID='s3_upload' AIRFLOW_CTX_EXECUTION_DATE='2024-10-02T00:00:00+00:00' AIRFLOW_CTX_TRY_NUMBER='1' AIRFLOW_CTX_DAG_RUN_ID='scheduled__2024-10-02T00:00:00+00:00'
[2024-10-03T12:11:33.575+0000] {taskinstance.py:731} INFO - ::endgroup::
[2024-10-03T12:11:33.592+0000] {logging_mixin.py:190} INFO - connected successfully to s3
[2024-10-03T12:11:37.109+0000] {logging_mixin.py:190} INFO - bucket already exist
[2024-10-03T12:11:39.484+0000] {logging_mixin.py:190} INFO - Access Denied
[2024-10-03T12:11:39.487+0000] {python.py:240} INFO - Done. Returned value was: /opt/airflow/data/output
[2024-10-03T12:11:39.518+0000] {taskinstance.py:340} INFO - ::group::Post task execution logs
[2024-10-03T12:11:39.522+0000] {taskinstance.py:352} INFO - Marking task as SUCCESS. dag_id=youtube_pipeline, task_id=s3_upload, run_id=scheduled__2024-10-02T00:00:00+00:00, execution_date=20241002T000000, start_date=20241003T121133, end_date=20241003T121139
[2024-10-03T12:11:39.571+0000] {local_task_job_runner.py:266} INFO - Task exited with return code 0
[2024-10-03T12:11:39.592+0000] {taskinstance.py:3900} INFO - 0 downstream tasks scheduled from follow-on schedule check
[2024-10-03T12:11:39.598+0000] {local_task_job_runner.py:245} INFO - ::endgroup::
