[2024-10-03T12:05:43.731+0000] {local_task_job_runner.py:123} INFO - ::group::Pre task execution logs
[2024-10-03T12:05:43.752+0000] {taskinstance.py:2612} INFO - Dependencies all met for dep_context=non-requeueable deps ti=<TaskInstance: youtube_pipeline.s3_upload manual__2024-10-03T12:05:12.724536+00:00 [queued]>
[2024-10-03T12:05:43.768+0000] {taskinstance.py:2612} INFO - Dependencies all met for dep_context=requeueable deps ti=<TaskInstance: youtube_pipeline.s3_upload manual__2024-10-03T12:05:12.724536+00:00 [queued]>
[2024-10-03T12:05:43.771+0000] {taskinstance.py:2865} INFO - Starting attempt 1 of 1
[2024-10-03T12:05:43.791+0000] {taskinstance.py:2888} INFO - Executing <Task(PythonOperator): s3_upload> on 2024-10-03 12:05:12.724536+00:00
[2024-10-03T12:05:43.800+0000] {standard_task_runner.py:72} INFO - Started process 110 to run task
[2024-10-03T12:05:43.804+0000] {standard_task_runner.py:104} INFO - Running: ['airflow', 'tasks', 'run', 'youtube_pipeline', 's3_upload', 'manual__2024-10-03T12:05:12.724536+00:00', '--job-id', '59', '--raw', '--subdir', 'DAGS_FOLDER/youtube_dag.py', '--cfg-path', '/tmp/tmp887u1rxt']
[2024-10-03T12:05:43.810+0000] {standard_task_runner.py:105} INFO - Job 59: Subtask s3_upload
[2024-10-03T12:05:43.876+0000] {task_command.py:467} INFO - Running <TaskInstance: youtube_pipeline.s3_upload manual__2024-10-03T12:05:12.724536+00:00 [running]> on host da25242427ee
[2024-10-03T12:05:43.977+0000] {taskinstance.py:3131} INFO - Exporting env vars: AIRFLOW_CTX_DAG_OWNER='Haziq' AIRFLOW_CTX_DAG_ID='youtube_pipeline' AIRFLOW_CTX_TASK_ID='s3_upload' AIRFLOW_CTX_EXECUTION_DATE='2024-10-03T12:05:12.724536+00:00' AIRFLOW_CTX_TRY_NUMBER='1' AIRFLOW_CTX_DAG_RUN_ID='manual__2024-10-03T12:05:12.724536+00:00'
[2024-10-03T12:05:43.981+0000] {taskinstance.py:731} INFO - ::endgroup::
[2024-10-03T12:05:44.002+0000] {logging_mixin.py:190} INFO - connected successfully to s3
[2024-10-03T12:05:47.555+0000] {logging_mixin.py:190} INFO - bucket already exist
[2024-10-03T12:05:49.793+0000] {logging_mixin.py:190} INFO - Access Denied
[2024-10-03T12:05:49.796+0000] {python.py:240} INFO - Done. Returned value was: /opt/airflow/data/output
[2024-10-03T12:05:49.829+0000] {taskinstance.py:340} INFO - ::group::Post task execution logs
[2024-10-03T12:05:49.833+0000] {taskinstance.py:352} INFO - Marking task as SUCCESS. dag_id=youtube_pipeline, task_id=s3_upload, run_id=manual__2024-10-03T12:05:12.724536+00:00, execution_date=20241003T120512, start_date=20241003T120543, end_date=20241003T120549
[2024-10-03T12:05:49.878+0000] {local_task_job_runner.py:266} INFO - Task exited with return code 0
[2024-10-03T12:05:49.906+0000] {taskinstance.py:3900} INFO - 0 downstream tasks scheduled from follow-on schedule check
[2024-10-03T12:05:49.912+0000] {local_task_job_runner.py:245} INFO - ::endgroup::
