[2024-10-05T09:25:25.417+0000] {local_task_job_runner.py:123} INFO - ::group::Pre task execution logs
[2024-10-05T09:25:25.442+0000] {taskinstance.py:2612} INFO - Dependencies all met for dep_context=non-requeueable deps ti=<TaskInstance: youtube_pipeline.youtube_extration manual__2024-10-05T09:25:23.186016+00:00 [queued]>
[2024-10-05T09:25:25.455+0000] {taskinstance.py:2612} INFO - Dependencies all met for dep_context=requeueable deps ti=<TaskInstance: youtube_pipeline.youtube_extration manual__2024-10-05T09:25:23.186016+00:00 [queued]>
[2024-10-05T09:25:25.457+0000] {taskinstance.py:2865} INFO - Starting attempt 1 of 1
[2024-10-05T09:25:25.473+0000] {taskinstance.py:2888} INFO - Executing <Task(PythonOperator): youtube_extration> on 2024-10-05 09:25:23.186016+00:00
[2024-10-05T09:25:25.480+0000] {standard_task_runner.py:72} INFO - Started process 85 to run task
[2024-10-05T09:25:25.484+0000] {standard_task_runner.py:104} INFO - Running: ['airflow', 'tasks', 'run', 'youtube_pipeline', 'youtube_extration', 'manual__2024-10-05T09:25:23.186016+00:00', '--job-id', '8', '--raw', '--subdir', 'DAGS_FOLDER/youtube_dag.py', '--cfg-path', '/tmp/tmpnwk9t4qk']
[2024-10-05T09:25:25.487+0000] {standard_task_runner.py:105} INFO - Job 8: Subtask youtube_extration
[2024-10-05T09:25:25.539+0000] {task_command.py:467} INFO - Running <TaskInstance: youtube_pipeline.youtube_extration manual__2024-10-05T09:25:23.186016+00:00 [running]> on host 4715c926778f
[2024-10-05T09:25:25.630+0000] {taskinstance.py:3131} INFO - Exporting env vars: AIRFLOW_CTX_DAG_OWNER='Haziq' AIRFLOW_CTX_DAG_ID='youtube_pipeline' AIRFLOW_CTX_TASK_ID='youtube_extration' AIRFLOW_CTX_EXECUTION_DATE='2024-10-05T09:25:23.186016+00:00' AIRFLOW_CTX_TRY_NUMBER='1' AIRFLOW_CTX_DAG_RUN_ID='manual__2024-10-05T09:25:23.186016+00:00'
[2024-10-05T09:25:25.633+0000] {taskinstance.py:731} INFO - ::endgroup::
[2024-10-05T09:25:25.657+0000] {__init__.py:49} INFO - file_cache is only supported with oauth2client<4.0.0
[2024-10-05T09:25:27.591+0000] {logging_mixin.py:190} INFO - playlist id isUUX6OQ3DkcsbYNE6H8uQQuVA
[2024-10-05T09:25:30.481+0000] {logging_mixin.py:190} INFO - 300
[2024-10-05T09:26:44.772+0000] {logging_mixin.py:190} INFO - {'viewCount': '60144649959', 'subscriberCount': '319000000', 'videoCount': '819'}
[2024-10-05T09:26:44.816+0000] {python.py:240} INFO - Done. Returned value was: /opt/airflow/data/output
[2024-10-05T09:26:44.850+0000] {taskinstance.py:340} INFO - ::group::Post task execution logs
[2024-10-05T09:26:44.853+0000] {taskinstance.py:352} INFO - Marking task as SUCCESS. dag_id=youtube_pipeline, task_id=youtube_extration, run_id=manual__2024-10-05T09:25:23.186016+00:00, execution_date=20241005T092523, start_date=20241005T092525, end_date=20241005T092644
[2024-10-05T09:26:44.921+0000] {local_task_job_runner.py:266} INFO - Task exited with return code 0
[2024-10-05T09:26:44.949+0000] {taskinstance.py:3900} INFO - 1 downstream tasks scheduled from follow-on schedule check
[2024-10-05T09:26:44.952+0000] {local_task_job_runner.py:245} INFO - ::endgroup::
