[2024-09-30T19:00:31.680+0000] {local_task_job_runner.py:120} INFO - ::group::Pre task execution logs
[2024-09-30T19:00:31.702+0000] {taskinstance.py:2076} INFO - Dependencies all met for dep_context=non-requeueable deps ti=<TaskInstance: reddit_pipeline.reddit_extration manual__2024-09-30T19:00:30.133551+00:00 [queued]>
[2024-09-30T19:00:31.711+0000] {taskinstance.py:2076} INFO - Dependencies all met for dep_context=requeueable deps ti=<TaskInstance: reddit_pipeline.reddit_extration manual__2024-09-30T19:00:30.133551+00:00 [queued]>
[2024-09-30T19:00:31.712+0000] {taskinstance.py:2306} INFO - Starting attempt 1 of 1
[2024-09-30T19:00:31.723+0000] {taskinstance.py:2330} INFO - Executing <Task(PythonOperator): reddit_extration> on 2024-09-30 19:00:30.133551+00:00
[2024-09-30T19:00:31.729+0000] {standard_task_runner.py:63} INFO - Started process 97 to run task
[2024-09-30T19:00:31.731+0000] {standard_task_runner.py:90} INFO - Running: ['airflow', 'tasks', 'run', 'reddit_pipeline', 'reddit_extration', 'manual__2024-09-30T19:00:30.133551+00:00', '--job-id', '22', '--raw', '--subdir', 'DAGS_FOLDER/reddit_dag.py', '--cfg-path', '/tmp/tmpo53z_5v3']
[2024-09-30T19:00:31.733+0000] {standard_task_runner.py:91} INFO - Job 22: Subtask reddit_extration
[2024-09-30T19:00:31.775+0000] {task_command.py:426} INFO - Running <TaskInstance: reddit_pipeline.reddit_extration manual__2024-09-30T19:00:30.133551+00:00 [running]> on host d18f347f1f63
[2024-09-30T19:00:31.852+0000] {taskinstance.py:2648} INFO - Exporting env vars: AIRFLOW_CTX_DAG_OWNER='Haziq' AIRFLOW_CTX_DAG_ID='reddit_pipeline' AIRFLOW_CTX_TASK_ID='reddit_extration' AIRFLOW_CTX_EXECUTION_DATE='2024-09-30T19:00:30.133551+00:00' AIRFLOW_CTX_TRY_NUMBER='1' AIRFLOW_CTX_DAG_RUN_ID='manual__2024-09-30T19:00:30.133551+00:00'
[2024-09-30T19:00:31.853+0000] {taskinstance.py:430} INFO - ::endgroup::
[2024-09-30T19:00:31.866+0000] {logging_mixin.py:188} INFO - connected to reddit hello
[2024-09-30T19:00:32.974+0000] {logging_mixin.py:188} INFO -          id  ... stickied
0   1fsroq7  ...    False
1   1fsbdf6  ...    False
2   1fst02k  ...    False
3   1fsi3yl  ...    False
4   1fsycps  ...    False
5   1fsepoy  ...    False
6   1fsu963  ...    False
7   1fsuflw  ...    False
8   1fszcxn  ...    False
9   1fsred6  ...    False
10  1ft0c9v  ...    False
11  1ft07un  ...    False
12  1fsp967  ...    False
13  1ft1pml  ...    False
14  1fst04f  ...    False
15  1fsotpp  ...    False
16  1fskl5v  ...    False
17  1fsuqhf  ...    False
18  1fspf3e  ...    False

[19 rows x 11 columns]
[2024-09-30T19:00:32.975+0000] {python.py:237} INFO - Done. Returned value was: None
[2024-09-30T19:00:32.976+0000] {taskinstance.py:441} INFO - ::group::Post task execution logs
[2024-09-30T19:00:32.984+0000] {taskinstance.py:1206} INFO - Marking task as SUCCESS. dag_id=reddit_pipeline, task_id=reddit_extration, run_id=manual__2024-09-30T19:00:30.133551+00:00, execution_date=20240930T190030, start_date=20240930T190031, end_date=20240930T190032
[2024-09-30T19:00:33.030+0000] {local_task_job_runner.py:240} INFO - Task exited with return code 0
[2024-09-30T19:00:33.045+0000] {taskinstance.py:3503} INFO - 0 downstream tasks scheduled from follow-on schedule check
[2024-09-30T19:00:33.047+0000] {local_task_job_runner.py:222} INFO - ::endgroup::
