[2024-10-04T15:15:07.427+0000] {local_task_job_runner.py:123} INFO - ::group::Pre task execution logs
[2024-10-04T15:15:07.447+0000] {taskinstance.py:2612} INFO - Dependencies all met for dep_context=non-requeueable deps ti=<TaskInstance: youtube_pipeline.youtube_extration manual__2024-10-04T15:15:05.303055+00:00 [queued]>
[2024-10-04T15:15:07.460+0000] {taskinstance.py:2612} INFO - Dependencies all met for dep_context=requeueable deps ti=<TaskInstance: youtube_pipeline.youtube_extration manual__2024-10-04T15:15:05.303055+00:00 [queued]>
[2024-10-04T15:15:07.462+0000] {taskinstance.py:2865} INFO - Starting attempt 1 of 1
[2024-10-04T15:15:07.477+0000] {taskinstance.py:2888} INFO - Executing <Task(PythonOperator): youtube_extration> on 2024-10-04 15:15:05.303055+00:00
[2024-10-04T15:15:07.486+0000] {standard_task_runner.py:72} INFO - Started process 198 to run task
[2024-10-04T15:15:07.490+0000] {standard_task_runner.py:104} INFO - Running: ['airflow', 'tasks', 'run', 'youtube_pipeline', 'youtube_extration', 'manual__2024-10-04T15:15:05.303055+00:00', '--job-id', '28', '--raw', '--subdir', 'DAGS_FOLDER/youtube_dag.py', '--cfg-path', '/tmp/tmpc7ajyjwe']
[2024-10-04T15:15:07.493+0000] {standard_task_runner.py:105} INFO - Job 28: Subtask youtube_extration
[2024-10-04T15:15:07.545+0000] {task_command.py:467} INFO - Running <TaskInstance: youtube_pipeline.youtube_extration manual__2024-10-04T15:15:05.303055+00:00 [running]> on host 4d91c6c5073f
[2024-10-04T15:15:07.627+0000] {taskinstance.py:3131} INFO - Exporting env vars: AIRFLOW_CTX_DAG_OWNER='Haziq' AIRFLOW_CTX_DAG_ID='youtube_pipeline' AIRFLOW_CTX_TASK_ID='youtube_extration' AIRFLOW_CTX_EXECUTION_DATE='2024-10-04T15:15:05.303055+00:00' AIRFLOW_CTX_TRY_NUMBER='1' AIRFLOW_CTX_DAG_RUN_ID='manual__2024-10-04T15:15:05.303055+00:00'
[2024-10-04T15:15:07.629+0000] {taskinstance.py:731} INFO - ::endgroup::
[2024-10-04T15:15:07.649+0000] {__init__.py:49} INFO - file_cache is only supported with oauth2client<4.0.0
[2024-10-04T15:15:09.690+0000] {logging_mixin.py:190} INFO - playlist id isUUX6OQ3DkcsbYNE6H8uQQuVA
[2024-10-04T15:15:10.248+0000] {logging_mixin.py:190} INFO - ['IHNQhb-mjZc', 'vDrSCXFMAKk', 'snX5YyflrGw', 'nbzQdlWrcnk', '8krJy31Diow', 'aRcUVhVlSHg', 'Jo7sfpeWqwE', 'QtD-CeUdRUQ', 'ndAQfTzlVjc', 'AydS-vA3qa4', 'UPrkC1LdlLY', '8bTQMDM4qvY', '4SNThp0YiU4', 'XhuisK0bTSA', 'lkCRPp7cnP8', 'KkCXLABwHP0', 'PWirijQkH4M', 'U_LlX4t0A9I', 'T8I165Qxeo8', 'i-9V21MqlhY', 'f0cXJ6mJxGc', 'F6PqxbvOCUI', 'oA4LSZvX4iE', 'ZKxnjszkZto', '8_gdcaX9Xqk', 'snUyLbGx6U4', 'Pv0iVoSZzN8', 'CWbV3NItSdY', 'l-nMKJ5J3Uc', 'XE1Qyss8GIY', '6GzHPS0rEgc', 'imhY0pe-Sd8', 'erLbbextvlY', 'OnTTThIzuNU', 'mKdjycj-7eE', 'tWYsfOSY9vY', 'sH48lKbayNU', 'AFXoSFNMwIA', 'AjwAdtlRKf8', 'KOEfDvr4DcQ', 'krsBRQbOPQ4', '7ESeQBeikKs', 'K_CbgLpvH9E', 'lOKASgtr6kU', '9RhWXPcKBI8', 'ZVt9ZJfWV1c', 'rWBOITBjitE', 'tnTPaLOaHz8', 'Wdjh81uH6FU', '7dYTw-jAYkY']
[2024-10-04T15:15:25.866+0000] {logging_mixin.py:190} INFO - {'viewCount': '60065943543', 'subscriberCount': '318000000', 'videoCount': '819'}
[2024-10-04T15:15:25.885+0000] {python.py:240} INFO - Done. Returned value was: /opt/airflow/data/output
[2024-10-04T15:15:25.909+0000] {taskinstance.py:340} INFO - ::group::Post task execution logs
[2024-10-04T15:15:25.911+0000] {taskinstance.py:352} INFO - Marking task as SUCCESS. dag_id=youtube_pipeline, task_id=youtube_extration, run_id=manual__2024-10-04T15:15:05.303055+00:00, execution_date=20241004T151505, start_date=20241004T151507, end_date=20241004T151525
[2024-10-04T15:15:25.938+0000] {local_task_job_runner.py:266} INFO - Task exited with return code 0
[2024-10-04T15:15:25.962+0000] {taskinstance.py:3900} INFO - 1 downstream tasks scheduled from follow-on schedule check
[2024-10-04T15:15:25.966+0000] {local_task_job_runner.py:245} INFO - ::endgroup::
