[2024-10-04T21:38:48.064+0000] {local_task_job_runner.py:123} INFO - ::group::Pre task execution logs
[2024-10-04T21:38:48.086+0000] {taskinstance.py:2612} INFO - Dependencies all met for dep_context=non-requeueable deps ti=<TaskInstance: youtube_pipeline.s3_upload manual__2024-10-04T21:36:45.162388+00:00 [queued]>
[2024-10-04T21:38:48.099+0000] {taskinstance.py:2612} INFO - Dependencies all met for dep_context=requeueable deps ti=<TaskInstance: youtube_pipeline.s3_upload manual__2024-10-04T21:36:45.162388+00:00 [queued]>
[2024-10-04T21:38:48.102+0000] {taskinstance.py:2865} INFO - Starting attempt 1 of 1
[2024-10-04T21:38:48.119+0000] {taskinstance.py:2888} INFO - Executing <Task(PythonOperator): s3_upload> on 2024-10-04 21:36:45.162388+00:00
[2024-10-04T21:38:48.127+0000] {standard_task_runner.py:72} INFO - Started process 65 to run task
[2024-10-04T21:38:48.131+0000] {standard_task_runner.py:104} INFO - Running: ['airflow', 'tasks', 'run', 'youtube_pipeline', 's3_upload', 'manual__2024-10-04T21:36:45.162388+00:00', '--job-id', '5', '--raw', '--subdir', 'DAGS_FOLDER/youtube_dag.py', '--cfg-path', '/tmp/tmp5ymvgnb1']
[2024-10-04T21:38:48.135+0000] {standard_task_runner.py:105} INFO - Job 5: Subtask s3_upload
[2024-10-04T21:38:48.192+0000] {task_command.py:467} INFO - Running <TaskInstance: youtube_pipeline.s3_upload manual__2024-10-04T21:36:45.162388+00:00 [running]> on host 4715c926778f
[2024-10-04T21:38:48.292+0000] {taskinstance.py:3131} INFO - Exporting env vars: AIRFLOW_CTX_DAG_OWNER='Haziq' AIRFLOW_CTX_DAG_ID='youtube_pipeline' AIRFLOW_CTX_TASK_ID='s3_upload' AIRFLOW_CTX_EXECUTION_DATE='2024-10-04T21:36:45.162388+00:00' AIRFLOW_CTX_TRY_NUMBER='1' AIRFLOW_CTX_DAG_RUN_ID='manual__2024-10-04T21:36:45.162388+00:00'
[2024-10-04T21:38:48.295+0000] {taskinstance.py:731} INFO - ::endgroup::
[2024-10-04T21:38:48.326+0000] {logging_mixin.py:190} INFO - connected successfully to s3
[2024-10-04T21:38:50.205+0000] {logging_mixin.py:190} INFO - bucket already exist
[2024-10-04T21:38:50.212+0000] {logging_mixin.py:190} INFO - /opt/airflow/data/output/top_videos_stats.csv
[2024-10-04T21:38:50.214+0000] {logging_mixin.py:190} INFO - destination is s3-reddit-storage-haziq/raw/top_videos_stats.csv
[2024-10-04T21:38:51.285+0000] {logging_mixin.py:190} INFO - file uploaded successfully
[2024-10-04T21:38:51.287+0000] {logging_mixin.py:190} INFO - /opt/airflow/data/output/view_stats.csv
[2024-10-04T21:38:51.289+0000] {logging_mixin.py:190} INFO - destination is s3-reddit-storage-haziq/raw/view_stats.csv
[2024-10-04T21:38:52.315+0000] {logging_mixin.py:190} INFO - file uploaded successfully
[2024-10-04T21:38:52.316+0000] {python.py:240} INFO - Done. Returned value was: /opt/airflow/data/output
[2024-10-04T21:38:52.343+0000] {taskinstance.py:340} INFO - ::group::Post task execution logs
[2024-10-04T21:38:52.346+0000] {taskinstance.py:352} INFO - Marking task as SUCCESS. dag_id=youtube_pipeline, task_id=s3_upload, run_id=manual__2024-10-04T21:36:45.162388+00:00, execution_date=20241004T213645, start_date=20241004T213848, end_date=20241004T213852
[2024-10-04T21:38:52.410+0000] {local_task_job_runner.py:266} INFO - Task exited with return code 0
[2024-10-04T21:38:52.429+0000] {taskinstance.py:3900} INFO - 0 downstream tasks scheduled from follow-on schedule check
[2024-10-04T21:38:52.434+0000] {local_task_job_runner.py:245} INFO - ::endgroup::
