[2024-10-01T18:21:22.840+0000] {local_task_job_runner.py:123} INFO - ::group::Pre task execution logs
[2024-10-01T18:21:22.863+0000] {taskinstance.py:2612} INFO - Dependencies all met for dep_context=non-requeueable deps ti=<TaskInstance: reddit_pipeline.s3_upload manual__2024-10-01T18:21:09.695213+00:00 [queued]>
[2024-10-01T18:21:22.876+0000] {taskinstance.py:2612} INFO - Dependencies all met for dep_context=requeueable deps ti=<TaskInstance: reddit_pipeline.s3_upload manual__2024-10-01T18:21:09.695213+00:00 [queued]>
[2024-10-01T18:21:22.880+0000] {taskinstance.py:2865} INFO - Starting attempt 1 of 1
[2024-10-01T18:21:22.898+0000] {taskinstance.py:2888} INFO - Executing <Task(PythonOperator): s3_upload> on 2024-10-01 18:21:09.695213+00:00
[2024-10-01T18:21:22.907+0000] {standard_task_runner.py:72} INFO - Started process 78 to run task
[2024-10-01T18:21:22.910+0000] {standard_task_runner.py:104} INFO - Running: ['airflow', 'tasks', 'run', 'reddit_pipeline', 's3_upload', 'manual__2024-10-01T18:21:09.695213+00:00', '--job-id', '7', '--raw', '--subdir', 'DAGS_FOLDER/reddit_dag.py', '--cfg-path', '/tmp/tmp51h7tj7l']
[2024-10-01T18:21:22.914+0000] {standard_task_runner.py:105} INFO - Job 7: Subtask s3_upload
[2024-10-01T18:21:22.980+0000] {task_command.py:467} INFO - Running <TaskInstance: reddit_pipeline.s3_upload manual__2024-10-01T18:21:09.695213+00:00 [running]> on host 92f426e0583c
[2024-10-01T18:21:23.087+0000] {taskinstance.py:3131} INFO - Exporting env vars: AIRFLOW_CTX_DAG_OWNER='Haziq' AIRFLOW_CTX_DAG_ID='reddit_pipeline' AIRFLOW_CTX_TASK_ID='s3_upload' AIRFLOW_CTX_EXECUTION_DATE='2024-10-01T18:21:09.695213+00:00' AIRFLOW_CTX_TRY_NUMBER='1' AIRFLOW_CTX_DAG_RUN_ID='manual__2024-10-01T18:21:09.695213+00:00'
[2024-10-01T18:21:23.091+0000] {taskinstance.py:731} INFO - ::endgroup::
[2024-10-01T18:21:23.125+0000] {logging_mixin.py:190} INFO - connected successfully to s3
[2024-10-01T18:21:24.001+0000] {logging_mixin.py:190} INFO - bucket already exist
[2024-10-01T18:21:24.922+0000] {logging_mixin.py:190} INFO - file uploaded successfully
[2024-10-01T18:21:24.926+0000] {python.py:240} INFO - Done. Returned value was: /opt/airflow/data/output/reddit_20241001.csv
[2024-10-01T18:21:24.970+0000] {taskinstance.py:340} INFO - ::group::Post task execution logs
[2024-10-01T18:21:24.975+0000] {taskinstance.py:352} INFO - Marking task as SUCCESS. dag_id=reddit_pipeline, task_id=s3_upload, run_id=manual__2024-10-01T18:21:09.695213+00:00, execution_date=20241001T182109, start_date=20241001T182122, end_date=20241001T182124
[2024-10-01T18:21:25.021+0000] {local_task_job_runner.py:266} INFO - Task exited with return code 0
[2024-10-01T18:21:25.046+0000] {taskinstance.py:3900} INFO - 0 downstream tasks scheduled from follow-on schedule check
[2024-10-01T18:21:25.053+0000] {local_task_job_runner.py:245} INFO - ::endgroup::
