[2024-10-03T12:35:17.597+0000] {local_task_job_runner.py:123} INFO - ::group::Pre task execution logs
[2024-10-03T12:35:17.615+0000] {taskinstance.py:2612} INFO - Dependencies all met for dep_context=non-requeueable deps ti=<TaskInstance: youtube_pipeline.s3_upload manual__2024-10-03T12:34:48.769160+00:00 [queued]>
[2024-10-03T12:35:17.626+0000] {taskinstance.py:2612} INFO - Dependencies all met for dep_context=requeueable deps ti=<TaskInstance: youtube_pipeline.s3_upload manual__2024-10-03T12:34:48.769160+00:00 [queued]>
[2024-10-03T12:35:17.629+0000] {taskinstance.py:2865} INFO - Starting attempt 1 of 1
[2024-10-03T12:35:17.645+0000] {taskinstance.py:2888} INFO - Executing <Task(PythonOperator): s3_upload> on 2024-10-03 12:34:48.769160+00:00
[2024-10-03T12:35:17.653+0000] {standard_task_runner.py:72} INFO - Started process 132 to run task
[2024-10-03T12:35:17.657+0000] {standard_task_runner.py:104} INFO - Running: ['airflow', 'tasks', 'run', 'youtube_pipeline', 's3_upload', 'manual__2024-10-03T12:34:48.769160+00:00', '--job-id', '15', '--raw', '--subdir', 'DAGS_FOLDER/youtube_dag.py', '--cfg-path', '/tmp/tmpyqsia_ch']
[2024-10-03T12:35:17.661+0000] {standard_task_runner.py:105} INFO - Job 15: Subtask s3_upload
[2024-10-03T12:35:17.714+0000] {task_command.py:467} INFO - Running <TaskInstance: youtube_pipeline.s3_upload manual__2024-10-03T12:34:48.769160+00:00 [running]> on host 4d91c6c5073f
[2024-10-03T12:35:17.805+0000] {taskinstance.py:3131} INFO - Exporting env vars: AIRFLOW_CTX_DAG_OWNER='Haziq' AIRFLOW_CTX_DAG_ID='youtube_pipeline' AIRFLOW_CTX_TASK_ID='s3_upload' AIRFLOW_CTX_EXECUTION_DATE='2024-10-03T12:34:48.769160+00:00' AIRFLOW_CTX_TRY_NUMBER='1' AIRFLOW_CTX_DAG_RUN_ID='manual__2024-10-03T12:34:48.769160+00:00'
[2024-10-03T12:35:17.809+0000] {taskinstance.py:731} INFO - ::endgroup::
[2024-10-03T12:35:17.830+0000] {logging_mixin.py:190} INFO - connected successfully to s3
[2024-10-03T12:35:21.373+0000] {logging_mixin.py:190} INFO - bucket already exist
[2024-10-03T12:35:21.381+0000] {logging_mixin.py:190} INFO - /opt/airflow/data/output/top_videos_stats.csv
[2024-10-03T12:35:21.384+0000] {logging_mixin.py:190} INFO - destination iss3-reddit-storage-haziq/raw/top_videos_stats.csv
[2024-10-03T12:35:23.500+0000] {logging_mixin.py:190} INFO - file uploaded successfully
[2024-10-03T12:35:23.503+0000] {logging_mixin.py:190} INFO - /opt/airflow/data/output/view_stats.csv
[2024-10-03T12:35:23.505+0000] {logging_mixin.py:190} INFO - destination iss3-reddit-storage-haziq/raw/top_videos_stats.csv
[2024-10-03T12:35:25.448+0000] {logging_mixin.py:190} INFO - file uploaded successfully
[2024-10-03T12:35:25.450+0000] {python.py:240} INFO - Done. Returned value was: /opt/airflow/data/output
[2024-10-03T12:35:25.478+0000] {taskinstance.py:340} INFO - ::group::Post task execution logs
[2024-10-03T12:35:25.481+0000] {taskinstance.py:352} INFO - Marking task as SUCCESS. dag_id=youtube_pipeline, task_id=s3_upload, run_id=manual__2024-10-03T12:34:48.769160+00:00, execution_date=20241003T123448, start_date=20241003T123517, end_date=20241003T123525
[2024-10-03T12:35:25.525+0000] {local_task_job_runner.py:266} INFO - Task exited with return code 0
[2024-10-03T12:35:25.542+0000] {taskinstance.py:3900} INFO - 0 downstream tasks scheduled from follow-on schedule check
[2024-10-03T12:35:25.546+0000] {local_task_job_runner.py:245} INFO - ::endgroup::
