[2024-10-04T20:41:51.049+0000] {local_task_job_runner.py:123} INFO - ::group::Pre task execution logs
[2024-10-04T20:41:51.070+0000] {taskinstance.py:2612} INFO - Dependencies all met for dep_context=non-requeueable deps ti=<TaskInstance: youtube_pipeline.s3_upload manual__2024-10-04T20:41:27.686360+00:00 [queued]>
[2024-10-04T20:41:51.083+0000] {taskinstance.py:2612} INFO - Dependencies all met for dep_context=requeueable deps ti=<TaskInstance: youtube_pipeline.s3_upload manual__2024-10-04T20:41:27.686360+00:00 [queued]>
[2024-10-04T20:41:51.085+0000] {taskinstance.py:2865} INFO - Starting attempt 1 of 1
[2024-10-04T20:41:51.102+0000] {taskinstance.py:2888} INFO - Executing <Task(PythonOperator): s3_upload> on 2024-10-04 20:41:27.686360+00:00
[2024-10-04T20:41:51.110+0000] {standard_task_runner.py:72} INFO - Started process 78 to run task
[2024-10-04T20:41:51.113+0000] {standard_task_runner.py:104} INFO - Running: ['airflow', 'tasks', 'run', 'youtube_pipeline', 's3_upload', 'manual__2024-10-04T20:41:27.686360+00:00', '--job-id', '7', '--raw', '--subdir', 'DAGS_FOLDER/youtube_dag.py', '--cfg-path', '/tmp/tmpv5jbwyb8']
[2024-10-04T20:41:51.117+0000] {standard_task_runner.py:105} INFO - Job 7: Subtask s3_upload
[2024-10-04T20:41:51.173+0000] {task_command.py:467} INFO - Running <TaskInstance: youtube_pipeline.s3_upload manual__2024-10-04T20:41:27.686360+00:00 [running]> on host 85380cf6bf50
[2024-10-04T20:41:51.258+0000] {taskinstance.py:3131} INFO - Exporting env vars: AIRFLOW_CTX_DAG_OWNER='Haziq' AIRFLOW_CTX_DAG_ID='youtube_pipeline' AIRFLOW_CTX_TASK_ID='s3_upload' AIRFLOW_CTX_EXECUTION_DATE='2024-10-04T20:41:27.686360+00:00' AIRFLOW_CTX_TRY_NUMBER='1' AIRFLOW_CTX_DAG_RUN_ID='manual__2024-10-04T20:41:27.686360+00:00'
[2024-10-04T20:41:51.262+0000] {taskinstance.py:731} INFO - ::endgroup::
[2024-10-04T20:41:51.289+0000] {logging_mixin.py:190} INFO - connected successfully to s3
[2024-10-04T20:41:53.123+0000] {logging_mixin.py:190} INFO - bucket already exist
[2024-10-04T20:41:53.130+0000] {logging_mixin.py:190} INFO - /opt/airflow/data/output/top_videos_stats.csv
[2024-10-04T20:41:53.132+0000] {logging_mixin.py:190} INFO - destination is s3-reddit-storage-haziq/raw/top_videos_stats.csv
[2024-10-04T20:41:54.278+0000] {logging_mixin.py:190} INFO - file uploaded successfully
[2024-10-04T20:41:54.280+0000] {logging_mixin.py:190} INFO - /opt/airflow/data/output/view_stats.csv
[2024-10-04T20:41:54.282+0000] {logging_mixin.py:190} INFO - destination is s3-reddit-storage-haziq/raw/view_stats.csv
[2024-10-04T20:41:55.326+0000] {logging_mixin.py:190} INFO - file uploaded successfully
[2024-10-04T20:41:55.328+0000] {python.py:240} INFO - Done. Returned value was: /opt/airflow/data/output
[2024-10-04T20:41:55.354+0000] {taskinstance.py:340} INFO - ::group::Post task execution logs
[2024-10-04T20:41:55.357+0000] {taskinstance.py:352} INFO - Marking task as SUCCESS. dag_id=youtube_pipeline, task_id=s3_upload, run_id=manual__2024-10-04T20:41:27.686360+00:00, execution_date=20241004T204127, start_date=20241004T204151, end_date=20241004T204155
[2024-10-04T20:41:55.396+0000] {local_task_job_runner.py:266} INFO - Task exited with return code 0
[2024-10-04T20:41:55.413+0000] {taskinstance.py:3900} INFO - 0 downstream tasks scheduled from follow-on schedule check
[2024-10-04T20:41:55.417+0000] {local_task_job_runner.py:245} INFO - ::endgroup::
