[2024-09-30T18:32:07.452+0000] {local_task_job_runner.py:120} INFO - ::group::Pre task execution logs
[2024-09-30T18:32:07.476+0000] {taskinstance.py:2076} INFO - Dependencies all met for dep_context=non-requeueable deps ti=<TaskInstance: reddit_pipeline.reddit_extration manual__2024-09-30T18:32:06.542451+00:00 [queued]>
[2024-09-30T18:32:07.485+0000] {taskinstance.py:2076} INFO - Dependencies all met for dep_context=requeueable deps ti=<TaskInstance: reddit_pipeline.reddit_extration manual__2024-09-30T18:32:06.542451+00:00 [queued]>
[2024-09-30T18:32:07.487+0000] {taskinstance.py:2306} INFO - Starting attempt 1 of 1
[2024-09-30T18:32:07.499+0000] {taskinstance.py:2330} INFO - Executing <Task(PythonOperator): reddit_extration> on 2024-09-30 18:32:06.542451+00:00
[2024-09-30T18:32:07.504+0000] {standard_task_runner.py:63} INFO - Started process 79 to run task
[2024-09-30T18:32:07.507+0000] {standard_task_runner.py:90} INFO - Running: ['airflow', 'tasks', 'run', 'reddit_pipeline', 'reddit_extration', 'manual__2024-09-30T18:32:06.542451+00:00', '--job-id', '15', '--raw', '--subdir', 'DAGS_FOLDER/reddit_dag.py', '--cfg-path', '/tmp/tmpetfn1w17']
[2024-09-30T18:32:07.508+0000] {standard_task_runner.py:91} INFO - Job 15: Subtask reddit_extration
[2024-09-30T18:32:07.550+0000] {task_command.py:426} INFO - Running <TaskInstance: reddit_pipeline.reddit_extration manual__2024-09-30T18:32:06.542451+00:00 [running]> on host d18f347f1f63
[2024-09-30T18:32:07.626+0000] {taskinstance.py:2648} INFO - Exporting env vars: AIRFLOW_CTX_DAG_OWNER='Haziq' AIRFLOW_CTX_DAG_ID='reddit_pipeline' AIRFLOW_CTX_TASK_ID='reddit_extration' AIRFLOW_CTX_EXECUTION_DATE='2024-09-30T18:32:06.542451+00:00' AIRFLOW_CTX_TRY_NUMBER='1' AIRFLOW_CTX_DAG_RUN_ID='manual__2024-09-30T18:32:06.542451+00:00'
[2024-09-30T18:32:07.627+0000] {taskinstance.py:430} INFO - ::endgroup::
[2024-09-30T18:32:07.639+0000] {logging_mixin.py:188} INFO - connected to reddit hello
[2024-09-30T18:32:08.729+0000] {logging_mixin.py:188} INFO - <generator object extract_post.<locals>.<genexpr> at 0x7fded8b040b0>
[2024-09-30T18:32:08.730+0000] {logging_mixin.py:188} INFO - <generator object extract_post.<locals>.<genexpr> at 0x7fded8b04b30>
[2024-09-30T18:32:08.730+0000] {logging_mixin.py:188} INFO - <generator object extract_post.<locals>.<genexpr> at 0x7fded8b04ac0>
[2024-09-30T18:32:08.731+0000] {logging_mixin.py:188} INFO - <generator object extract_post.<locals>.<genexpr> at 0x7fded8b040b0>
[2024-09-30T18:32:08.731+0000] {logging_mixin.py:188} INFO - <generator object extract_post.<locals>.<genexpr> at 0x7fded8b04b30>
[2024-09-30T18:32:08.732+0000] {logging_mixin.py:188} INFO - <generator object extract_post.<locals>.<genexpr> at 0x7fded8b04ac0>
[2024-09-30T18:32:08.732+0000] {logging_mixin.py:188} INFO - <generator object extract_post.<locals>.<genexpr> at 0x7fded8b040b0>
[2024-09-30T18:32:08.732+0000] {logging_mixin.py:188} INFO - <generator object extract_post.<locals>.<genexpr> at 0x7fded8b04b30>
[2024-09-30T18:32:08.733+0000] {logging_mixin.py:188} INFO - <generator object extract_post.<locals>.<genexpr> at 0x7fded8b04ac0>
[2024-09-30T18:32:08.734+0000] {logging_mixin.py:188} INFO - <generator object extract_post.<locals>.<genexpr> at 0x7fded8b040b0>
[2024-09-30T18:32:08.734+0000] {logging_mixin.py:188} INFO - <generator object extract_post.<locals>.<genexpr> at 0x7fded8b04b30>
[2024-09-30T18:32:08.734+0000] {logging_mixin.py:188} INFO - <generator object extract_post.<locals>.<genexpr> at 0x7fded8b04ac0>
[2024-09-30T18:32:08.735+0000] {logging_mixin.py:188} INFO - <generator object extract_post.<locals>.<genexpr> at 0x7fded8b040b0>
[2024-09-30T18:32:08.735+0000] {logging_mixin.py:188} INFO - <generator object extract_post.<locals>.<genexpr> at 0x7fded8b04b30>
[2024-09-30T18:32:08.735+0000] {logging_mixin.py:188} INFO - <generator object extract_post.<locals>.<genexpr> at 0x7fded8b04ac0>
[2024-09-30T18:32:08.736+0000] {logging_mixin.py:188} INFO - <generator object extract_post.<locals>.<genexpr> at 0x7fded8b040b0>
[2024-09-30T18:32:08.736+0000] {logging_mixin.py:188} INFO - <generator object extract_post.<locals>.<genexpr> at 0x7fded8b04b30>
[2024-09-30T18:32:08.736+0000] {logging_mixin.py:188} INFO - <generator object extract_post.<locals>.<genexpr> at 0x7fded8b04ac0>
[2024-09-30T18:32:08.736+0000] {logging_mixin.py:188} INFO - <generator object extract_post.<locals>.<genexpr> at 0x7fded8b040b0>
[2024-09-30T18:32:08.737+0000] {python.py:237} INFO - Done. Returned value was: None
[2024-09-30T18:32:08.737+0000] {taskinstance.py:441} INFO - ::group::Post task execution logs
[2024-09-30T18:32:08.745+0000] {taskinstance.py:1206} INFO - Marking task as SUCCESS. dag_id=reddit_pipeline, task_id=reddit_extration, run_id=manual__2024-09-30T18:32:06.542451+00:00, execution_date=20240930T183206, start_date=20240930T183207, end_date=20240930T183208
[2024-09-30T18:32:08.767+0000] {local_task_job_runner.py:240} INFO - Task exited with return code 0
[2024-09-30T18:32:08.782+0000] {taskinstance.py:3503} INFO - 0 downstream tasks scheduled from follow-on schedule check
[2024-09-30T18:32:08.783+0000] {local_task_job_runner.py:222} INFO - ::endgroup::
