[2024-09-30T17:43:25.263+0000] {local_task_job_runner.py:120} INFO - ::group::Pre task execution logs
[2024-09-30T17:43:25.293+0000] {taskinstance.py:2076} INFO - Dependencies all met for dep_context=non-requeueable deps ti=<TaskInstance: reddit_pipeline.reddit_extration manual__2024-09-30T17:43:24.436481+00:00 [queued]>
[2024-09-30T17:43:25.306+0000] {taskinstance.py:2076} INFO - Dependencies all met for dep_context=requeueable deps ti=<TaskInstance: reddit_pipeline.reddit_extration manual__2024-09-30T17:43:24.436481+00:00 [queued]>
[2024-09-30T17:43:25.307+0000] {taskinstance.py:2306} INFO - Starting attempt 1 of 1
[2024-09-30T17:43:25.323+0000] {taskinstance.py:2330} INFO - Executing <Task(PythonOperator): reddit_extration> on 2024-09-30 17:43:24.436481+00:00
[2024-09-30T17:43:25.328+0000] {standard_task_runner.py:63} INFO - Started process 67 to run task
[2024-09-30T17:43:25.331+0000] {standard_task_runner.py:90} INFO - Running: ['airflow', 'tasks', 'run', 'reddit_pipeline', 'reddit_extration', 'manual__2024-09-30T17:43:24.436481+00:00', '--job-id', '9', '--raw', '--subdir', 'DAGS_FOLDER/reddit_dag.py', '--cfg-path', '/tmp/tmpwc5kp9kk']
[2024-09-30T17:43:25.332+0000] {standard_task_runner.py:91} INFO - Job 9: Subtask reddit_extration
[2024-09-30T17:43:25.374+0000] {task_command.py:426} INFO - Running <TaskInstance: reddit_pipeline.reddit_extration manual__2024-09-30T17:43:24.436481+00:00 [running]> on host d18f347f1f63
[2024-09-30T17:43:25.451+0000] {taskinstance.py:2648} INFO - Exporting env vars: AIRFLOW_CTX_DAG_OWNER='Haziq' AIRFLOW_CTX_DAG_ID='reddit_pipeline' AIRFLOW_CTX_TASK_ID='reddit_extration' AIRFLOW_CTX_EXECUTION_DATE='2024-09-30T17:43:24.436481+00:00' AIRFLOW_CTX_TRY_NUMBER='1' AIRFLOW_CTX_DAG_RUN_ID='manual__2024-09-30T17:43:24.436481+00:00'
[2024-09-30T17:43:25.452+0000] {taskinstance.py:430} INFO - ::endgroup::
[2024-09-30T17:43:25.464+0000] {logging_mixin.py:188} INFO - connected to reddit hello
[2024-09-30T17:43:26.710+0000] {logging_mixin.py:188} INFO - t2_4gzaf8mv
[2024-09-30T17:43:26.712+0000] {logging_mixin.py:188} INFO - t2_13hch2
[2024-09-30T17:43:26.712+0000] {logging_mixin.py:188} INFO - t2_hydrppjg
[2024-09-30T17:43:26.713+0000] {logging_mixin.py:188} INFO - t2_yppbt10z0
[2024-09-30T17:43:26.713+0000] {logging_mixin.py:188} INFO - t2_zybaevfvl
[2024-09-30T17:43:26.713+0000] {logging_mixin.py:188} INFO - t2_r8um2zbq
[2024-09-30T17:43:26.716+0000] {logging_mixin.py:188} INFO - t2_793tedn0
[2024-09-30T17:43:26.716+0000] {logging_mixin.py:188} INFO - t2_54l95kw8
[2024-09-30T17:43:26.717+0000] {logging_mixin.py:188} INFO - t2_baajg5kk
[2024-09-30T17:43:26.717+0000] {logging_mixin.py:188} INFO - t2_5dsqe79d
[2024-09-30T17:43:26.718+0000] {logging_mixin.py:188} INFO - t2_bdhprh7p
[2024-09-30T17:43:26.718+0000] {logging_mixin.py:188} INFO - t2_e5a6k
[2024-09-30T17:43:26.718+0000] {logging_mixin.py:188} INFO - t2_hdne94r2
[2024-09-30T17:43:26.718+0000] {logging_mixin.py:188} INFO - t2_11ag5dtv7k
[2024-09-30T17:43:26.719+0000] {logging_mixin.py:188} INFO - t2_zgymrtu17
[2024-09-30T17:43:26.719+0000] {logging_mixin.py:188} INFO - t2_uduoa3p8
[2024-09-30T17:43:26.719+0000] {logging_mixin.py:188} INFO - t2_dda8zr28
[2024-09-30T17:43:26.720+0000] {logging_mixin.py:188} INFO - t2_im18zolz5
[2024-09-30T17:43:26.720+0000] {logging_mixin.py:188} INFO - t2_3m4ael9f
[2024-09-30T17:43:26.720+0000] {logging_mixin.py:188} INFO - t2_8f3fcvxo
[2024-09-30T17:43:26.721+0000] {logging_mixin.py:188} INFO - t2_6ajx8
[2024-09-30T17:43:26.721+0000] {python.py:237} INFO - Done. Returned value was: None
[2024-09-30T17:43:26.722+0000] {taskinstance.py:441} INFO - ::group::Post task execution logs
[2024-09-30T17:43:26.731+0000] {taskinstance.py:1206} INFO - Marking task as SUCCESS. dag_id=reddit_pipeline, task_id=reddit_extration, run_id=manual__2024-09-30T17:43:24.436481+00:00, execution_date=20240930T174324, start_date=20240930T174325, end_date=20240930T174326
[2024-09-30T17:43:26.749+0000] {local_task_job_runner.py:240} INFO - Task exited with return code 0
[2024-09-30T17:43:26.763+0000] {taskinstance.py:3503} INFO - 0 downstream tasks scheduled from follow-on schedule check
[2024-09-30T17:43:26.765+0000] {local_task_job_runner.py:222} INFO - ::endgroup::
