[2024-09-30T17:21:04.337+0000] {local_task_job_runner.py:120} INFO - ::group::Pre task execution logs
[2024-09-30T17:21:04.356+0000] {taskinstance.py:2076} INFO - Dependencies all met for dep_context=non-requeueable deps ti=<TaskInstance: reddit_pipeline.reddit_extration manual__2024-09-30T17:21:03.439575+00:00 [queued]>
[2024-09-30T17:21:04.364+0000] {taskinstance.py:2076} INFO - Dependencies all met for dep_context=requeueable deps ti=<TaskInstance: reddit_pipeline.reddit_extration manual__2024-09-30T17:21:03.439575+00:00 [queued]>
[2024-09-30T17:21:04.365+0000] {taskinstance.py:2306} INFO - Starting attempt 1 of 1
[2024-09-30T17:21:04.376+0000] {taskinstance.py:2330} INFO - Executing <Task(PythonOperator): reddit_extration> on 2024-09-30 17:21:03.439575+00:00
[2024-09-30T17:21:04.382+0000] {standard_task_runner.py:63} INFO - Started process 55 to run task
[2024-09-30T17:21:04.386+0000] {standard_task_runner.py:90} INFO - Running: ['airflow', 'tasks', 'run', 'reddit_pipeline', 'reddit_extration', 'manual__2024-09-30T17:21:03.439575+00:00', '--job-id', '3', '--raw', '--subdir', 'DAGS_FOLDER/reddit_dag.py', '--cfg-path', '/tmp/tmpa1t5nw78']
[2024-09-30T17:21:04.387+0000] {standard_task_runner.py:91} INFO - Job 3: Subtask reddit_extration
[2024-09-30T17:21:04.430+0000] {task_command.py:426} INFO - Running <TaskInstance: reddit_pipeline.reddit_extration manual__2024-09-30T17:21:03.439575+00:00 [running]> on host d18f347f1f63
[2024-09-30T17:21:04.509+0000] {taskinstance.py:2648} INFO - Exporting env vars: AIRFLOW_CTX_DAG_OWNER='Haziq' AIRFLOW_CTX_DAG_ID='reddit_pipeline' AIRFLOW_CTX_TASK_ID='reddit_extration' AIRFLOW_CTX_EXECUTION_DATE='2024-09-30T17:21:03.439575+00:00' AIRFLOW_CTX_TRY_NUMBER='1' AIRFLOW_CTX_DAG_RUN_ID='manual__2024-09-30T17:21:03.439575+00:00'
[2024-09-30T17:21:04.510+0000] {taskinstance.py:430} INFO - ::endgroup::
[2024-09-30T17:21:04.523+0000] {logging_mixin.py:188} INFO - connected to reddit hello
[2024-09-30T17:21:05.702+0000] {logging_mixin.py:188} INFO - 1fsroq7
[2024-09-30T17:21:05.702+0000] {logging_mixin.py:188} INFO - 1fs9gft
[2024-09-30T17:21:05.703+0000] {logging_mixin.py:188} INFO - 1fsbdf6
[2024-09-30T17:21:05.703+0000] {logging_mixin.py:188} INFO - 1fst02k
[2024-09-30T17:21:05.704+0000] {logging_mixin.py:188} INFO - 1fsi3yl
[2024-09-30T17:21:05.704+0000] {logging_mixin.py:188} INFO - 1fsepoy
[2024-09-30T17:21:05.704+0000] {logging_mixin.py:188} INFO - 1fsycps
[2024-09-30T17:21:05.705+0000] {logging_mixin.py:188} INFO - 1ft07un
[2024-09-30T17:21:05.705+0000] {logging_mixin.py:188} INFO - 1fsuflw
[2024-09-30T17:21:05.705+0000] {logging_mixin.py:188} INFO - 1fszcxn
[2024-09-30T17:21:05.705+0000] {logging_mixin.py:188} INFO - 1fsu963
[2024-09-30T17:21:05.706+0000] {logging_mixin.py:188} INFO - 1fsred6
[2024-09-30T17:21:05.706+0000] {logging_mixin.py:188} INFO - 1ft0c9v
[2024-09-30T17:21:05.706+0000] {logging_mixin.py:188} INFO - 1fszs6e
[2024-09-30T17:21:05.707+0000] {logging_mixin.py:188} INFO - 1fst04f
[2024-09-30T17:21:05.707+0000] {logging_mixin.py:188} INFO - 1fsp967
[2024-09-30T17:21:05.707+0000] {logging_mixin.py:188} INFO - 1fsotpp
[2024-09-30T17:21:05.707+0000] {logging_mixin.py:188} INFO - 1fsy5qu
[2024-09-30T17:21:05.708+0000] {logging_mixin.py:188} INFO - 1fsrr49
[2024-09-30T17:21:05.708+0000] {logging_mixin.py:188} INFO - 1fskl5v
[2024-09-30T17:21:05.708+0000] {logging_mixin.py:188} INFO - 1fspf3e
[2024-09-30T17:21:05.709+0000] {logging_mixin.py:188} INFO - 1fsuqhf
[2024-09-30T17:21:05.709+0000] {python.py:237} INFO - Done. Returned value was: None
[2024-09-30T17:21:05.710+0000] {taskinstance.py:441} INFO - ::group::Post task execution logs
[2024-09-30T17:21:05.720+0000] {taskinstance.py:1206} INFO - Marking task as SUCCESS. dag_id=reddit_pipeline, task_id=reddit_extration, run_id=manual__2024-09-30T17:21:03.439575+00:00, execution_date=20240930T172103, start_date=20240930T172104, end_date=20240930T172105
[2024-09-30T17:21:05.765+0000] {local_task_job_runner.py:240} INFO - Task exited with return code 0
[2024-09-30T17:21:05.779+0000] {taskinstance.py:3503} INFO - 0 downstream tasks scheduled from follow-on schedule check
[2024-09-30T17:21:05.781+0000] {local_task_job_runner.py:222} INFO - ::endgroup::
