[2024-10-05T09:31:43.446+0000] {local_task_job_runner.py:123} INFO - ::group::Pre task execution logs
[2024-10-05T09:31:43.464+0000] {taskinstance.py:2612} INFO - Dependencies all met for dep_context=non-requeueable deps ti=<TaskInstance: youtube_pipeline.youtube_extration manual__2024-10-05T09:31:42.112171+00:00 [queued]>
[2024-10-05T09:31:43.473+0000] {taskinstance.py:2612} INFO - Dependencies all met for dep_context=requeueable deps ti=<TaskInstance: youtube_pipeline.youtube_extration manual__2024-10-05T09:31:42.112171+00:00 [queued]>
[2024-10-05T09:31:43.475+0000] {taskinstance.py:2865} INFO - Starting attempt 1 of 1
[2024-10-05T09:31:43.490+0000] {taskinstance.py:2888} INFO - Executing <Task(PythonOperator): youtube_extration> on 2024-10-05 09:31:42.112171+00:00
[2024-10-05T09:31:43.497+0000] {standard_task_runner.py:72} INFO - Started process 95 to run task
[2024-10-05T09:31:43.501+0000] {standard_task_runner.py:104} INFO - Running: ['airflow', 'tasks', 'run', 'youtube_pipeline', 'youtube_extration', 'manual__2024-10-05T09:31:42.112171+00:00', '--job-id', '10', '--raw', '--subdir', 'DAGS_FOLDER/youtube_dag.py', '--cfg-path', '/tmp/tmpi3e8rjhz']
[2024-10-05T09:31:43.504+0000] {standard_task_runner.py:105} INFO - Job 10: Subtask youtube_extration
[2024-10-05T09:31:43.557+0000] {task_command.py:467} INFO - Running <TaskInstance: youtube_pipeline.youtube_extration manual__2024-10-05T09:31:42.112171+00:00 [running]> on host 4715c926778f
[2024-10-05T09:31:43.641+0000] {taskinstance.py:3131} INFO - Exporting env vars: AIRFLOW_CTX_DAG_OWNER='Haziq' AIRFLOW_CTX_DAG_ID='youtube_pipeline' AIRFLOW_CTX_TASK_ID='youtube_extration' AIRFLOW_CTX_EXECUTION_DATE='2024-10-05T09:31:42.112171+00:00' AIRFLOW_CTX_TRY_NUMBER='1' AIRFLOW_CTX_DAG_RUN_ID='manual__2024-10-05T09:31:42.112171+00:00'
[2024-10-05T09:31:43.644+0000] {taskinstance.py:731} INFO - ::endgroup::
[2024-10-05T09:31:43.663+0000] {__init__.py:49} INFO - file_cache is only supported with oauth2client<4.0.0
[2024-10-05T09:31:45.653+0000] {logging_mixin.py:190} INFO - playlist id isUUX6OQ3DkcsbYNE6H8uQQuVA
[2024-10-05T09:31:53.587+0000] {logging_mixin.py:190} INFO - 819
[2024-10-05T09:33:18.906+0000] {logging_mixin.py:190} INFO - 'commentCount'
[2024-10-05T09:33:18.909+0000] {logging_mixin.py:190} INFO - {'viewCount': '60144649959', 'subscriberCount': '319000000', 'videoCount': '819'}
[2024-10-05T09:33:18.938+0000] {python.py:240} INFO - Done. Returned value was: /opt/airflow/data/output
[2024-10-05T09:33:18.961+0000] {taskinstance.py:340} INFO - ::group::Post task execution logs
[2024-10-05T09:33:18.963+0000] {taskinstance.py:352} INFO - Marking task as SUCCESS. dag_id=youtube_pipeline, task_id=youtube_extration, run_id=manual__2024-10-05T09:31:42.112171+00:00, execution_date=20241005T093142, start_date=20241005T093143, end_date=20241005T093318
[2024-10-05T09:33:19.010+0000] {local_task_job_runner.py:266} INFO - Task exited with return code 0
[2024-10-05T09:33:19.029+0000] {taskinstance.py:3900} INFO - 0 downstream tasks scheduled from follow-on schedule check
[2024-10-05T09:33:19.032+0000] {local_task_job_runner.py:245} INFO - ::endgroup::
