[2024-09-30T17:45:08.834+0000] {local_task_job_runner.py:120} INFO - ::group::Pre task execution logs
[2024-09-30T17:45:08.858+0000] {taskinstance.py:2076} INFO - Dependencies all met for dep_context=non-requeueable deps ti=<TaskInstance: reddit_pipeline.reddit_extration manual__2024-09-30T17:45:08.047081+00:00 [queued]>
[2024-09-30T17:45:08.879+0000] {taskinstance.py:2076} INFO - Dependencies all met for dep_context=requeueable deps ti=<TaskInstance: reddit_pipeline.reddit_extration manual__2024-09-30T17:45:08.047081+00:00 [queued]>
[2024-09-30T17:45:08.882+0000] {taskinstance.py:2306} INFO - Starting attempt 1 of 1
[2024-09-30T17:45:08.900+0000] {taskinstance.py:2330} INFO - Executing <Task(PythonOperator): reddit_extration> on 2024-09-30 17:45:08.047081+00:00
[2024-09-30T17:45:08.905+0000] {standard_task_runner.py:63} INFO - Started process 71 to run task
[2024-09-30T17:45:08.907+0000] {standard_task_runner.py:90} INFO - Running: ['airflow', 'tasks', 'run', 'reddit_pipeline', 'reddit_extration', 'manual__2024-09-30T17:45:08.047081+00:00', '--job-id', '11', '--raw', '--subdir', 'DAGS_FOLDER/reddit_dag.py', '--cfg-path', '/tmp/tmp80ba5snm']
[2024-09-30T17:45:08.909+0000] {standard_task_runner.py:91} INFO - Job 11: Subtask reddit_extration
[2024-09-30T17:45:08.953+0000] {task_command.py:426} INFO - Running <TaskInstance: reddit_pipeline.reddit_extration manual__2024-09-30T17:45:08.047081+00:00 [running]> on host d18f347f1f63
[2024-09-30T17:45:09.033+0000] {taskinstance.py:2648} INFO - Exporting env vars: AIRFLOW_CTX_DAG_OWNER='Haziq' AIRFLOW_CTX_DAG_ID='reddit_pipeline' AIRFLOW_CTX_TASK_ID='reddit_extration' AIRFLOW_CTX_EXECUTION_DATE='2024-09-30T17:45:08.047081+00:00' AIRFLOW_CTX_TRY_NUMBER='1' AIRFLOW_CTX_DAG_RUN_ID='manual__2024-09-30T17:45:08.047081+00:00'
[2024-09-30T17:45:09.034+0000] {taskinstance.py:430} INFO - ::endgroup::
[2024-09-30T17:45:09.046+0000] {logging_mixin.py:188} INFO - connected to reddit hello
[2024-09-30T17:45:10.286+0000] {logging_mixin.py:188} INFO - t2_4gzaf8mv
[2024-09-30T17:45:10.287+0000] {logging_mixin.py:188} INFO - t2_13hch2
[2024-09-30T17:45:10.287+0000] {logging_mixin.py:188} INFO - t2_hydrppjg
[2024-09-30T17:45:10.288+0000] {logging_mixin.py:188} INFO - t2_yppbt10z0
[2024-09-30T17:45:10.289+0000] {logging_mixin.py:188} INFO - t2_zybaevfvl
[2024-09-30T17:45:10.289+0000] {logging_mixin.py:188} INFO - t2_r8um2zbq
[2024-09-30T17:45:10.289+0000] {logging_mixin.py:188} INFO - t2_793tedn0
[2024-09-30T17:45:10.290+0000] {logging_mixin.py:188} INFO - t2_54l95kw8
[2024-09-30T17:45:10.290+0000] {logging_mixin.py:188} INFO - t2_baajg5kk
[2024-09-30T17:45:10.290+0000] {logging_mixin.py:188} INFO - t2_5dsqe79d
[2024-09-30T17:45:10.291+0000] {logging_mixin.py:188} INFO - t2_bdhprh7p
[2024-09-30T17:45:10.291+0000] {logging_mixin.py:188} INFO - t2_e5a6k
[2024-09-30T17:45:10.292+0000] {logging_mixin.py:188} INFO - t2_hdne94r2
[2024-09-30T17:45:10.292+0000] {logging_mixin.py:188} INFO - t2_11ag5dtv7k
[2024-09-30T17:45:10.292+0000] {logging_mixin.py:188} INFO - t2_zgymrtu17
[2024-09-30T17:45:10.292+0000] {logging_mixin.py:188} INFO - t2_uduoa3p8
[2024-09-30T17:45:10.294+0000] {logging_mixin.py:188} INFO - t2_dda8zr28
[2024-09-30T17:45:10.294+0000] {logging_mixin.py:188} INFO - t2_im18zolz5
[2024-09-30T17:45:10.294+0000] {logging_mixin.py:188} INFO - t2_3m4ael9f
[2024-09-30T17:45:10.295+0000] {logging_mixin.py:188} INFO - t2_8f3fcvxo
[2024-09-30T17:45:10.295+0000] {logging_mixin.py:188} INFO - t2_6ajx8
[2024-09-30T17:45:10.295+0000] {python.py:237} INFO - Done. Returned value was: None
[2024-09-30T17:45:10.296+0000] {taskinstance.py:441} INFO - ::group::Post task execution logs
[2024-09-30T17:45:10.306+0000] {taskinstance.py:1206} INFO - Marking task as SUCCESS. dag_id=reddit_pipeline, task_id=reddit_extration, run_id=manual__2024-09-30T17:45:08.047081+00:00, execution_date=20240930T174508, start_date=20240930T174508, end_date=20240930T174510
[2024-09-30T17:45:10.326+0000] {local_task_job_runner.py:240} INFO - Task exited with return code 0
[2024-09-30T17:45:10.340+0000] {taskinstance.py:3503} INFO - 0 downstream tasks scheduled from follow-on schedule check
[2024-09-30T17:45:10.343+0000] {local_task_job_runner.py:222} INFO - ::endgroup::
