[2024-09-30T19:01:43.375+0000] {local_task_job_runner.py:120} INFO - ::group::Pre task execution logs
[2024-09-30T19:01:43.396+0000] {taskinstance.py:2076} INFO - Dependencies all met for dep_context=non-requeueable deps ti=<TaskInstance: reddit_pipeline.reddit_extration manual__2024-09-30T19:01:42.066560+00:00 [queued]>
[2024-09-30T19:01:43.403+0000] {taskinstance.py:2076} INFO - Dependencies all met for dep_context=requeueable deps ti=<TaskInstance: reddit_pipeline.reddit_extration manual__2024-09-30T19:01:42.066560+00:00 [queued]>
[2024-09-30T19:01:43.404+0000] {taskinstance.py:2306} INFO - Starting attempt 1 of 1
[2024-09-30T19:01:43.414+0000] {taskinstance.py:2330} INFO - Executing <Task(PythonOperator): reddit_extration> on 2024-09-30 19:01:42.066560+00:00
[2024-09-30T19:01:43.419+0000] {standard_task_runner.py:63} INFO - Started process 106 to run task
[2024-09-30T19:01:43.422+0000] {standard_task_runner.py:90} INFO - Running: ['airflow', 'tasks', 'run', 'reddit_pipeline', 'reddit_extration', 'manual__2024-09-30T19:01:42.066560+00:00', '--job-id', '25', '--raw', '--subdir', 'DAGS_FOLDER/reddit_dag.py', '--cfg-path', '/tmp/tmpnx4hke3e']
[2024-09-30T19:01:43.424+0000] {standard_task_runner.py:91} INFO - Job 25: Subtask reddit_extration
[2024-09-30T19:01:43.463+0000] {task_command.py:426} INFO - Running <TaskInstance: reddit_pipeline.reddit_extration manual__2024-09-30T19:01:42.066560+00:00 [running]> on host d18f347f1f63
[2024-09-30T19:01:43.533+0000] {taskinstance.py:2648} INFO - Exporting env vars: AIRFLOW_CTX_DAG_OWNER='Haziq' AIRFLOW_CTX_DAG_ID='reddit_pipeline' AIRFLOW_CTX_TASK_ID='reddit_extration' AIRFLOW_CTX_EXECUTION_DATE='2024-09-30T19:01:42.066560+00:00' AIRFLOW_CTX_TRY_NUMBER='1' AIRFLOW_CTX_DAG_RUN_ID='manual__2024-09-30T19:01:42.066560+00:00'
[2024-09-30T19:01:43.535+0000] {taskinstance.py:430} INFO - ::endgroup::
[2024-09-30T19:01:43.546+0000] {logging_mixin.py:188} INFO - connected to reddit hello
[2024-09-30T19:01:44.768+0000] {taskinstance.py:441} INFO - ::group::Post task execution logs
[2024-09-30T19:01:44.769+0000] {taskinstance.py:2905} ERROR - Task failed with exception
Traceback (most recent call last):
  File "/home/airflow/.local/lib/python3.9/site-packages/airflow/models/taskinstance.py", line 465, in _execute_task
    result = _execute_callable(context=context, **execute_callable_kwargs)
  File "/home/airflow/.local/lib/python3.9/site-packages/airflow/models/taskinstance.py", line 432, in _execute_callable
    return execute_callable(context=context, **execute_callable_kwargs)
  File "/home/airflow/.local/lib/python3.9/site-packages/airflow/models/baseoperator.py", line 401, in wrapper
    return func(self, *args, **kwargs)
  File "/home/airflow/.local/lib/python3.9/site-packages/airflow/operators/python.py", line 235, in execute
    return_value = self.execute_callable()
  File "/home/airflow/.local/lib/python3.9/site-packages/airflow/operators/python.py", line 252, in execute_callable
    return self.python_callable(*self.op_args, **self.op_kwargs)
  File "/opt/airflow/pipelines/reddit_pipeline.py", line 18, in reddit_pipeline
    load_data_to_csv(post_df, OUTPUT_PATH)
  File "/opt/airflow/etls/reddit_etl.py", line 51, in load_data_to_csv
    data.to_csv(path, index=False)
  File "/home/airflow/.local/lib/python3.9/site-packages/pandas/util/_decorators.py", line 333, in wrapper
    return func(*args, **kwargs)
  File "/home/airflow/.local/lib/python3.9/site-packages/pandas/core/generic.py", line 3967, in to_csv
    return DataFrameRenderer(formatter).to_csv(
  File "/home/airflow/.local/lib/python3.9/site-packages/pandas/io/formats/format.py", line 1014, in to_csv
    csv_formatter.save()
  File "/home/airflow/.local/lib/python3.9/site-packages/pandas/io/formats/csvs.py", line 251, in save
    with get_handle(
  File "/home/airflow/.local/lib/python3.9/site-packages/pandas/io/common.py", line 873, in get_handle
    handle = open(
IsADirectoryError: [Errno 21] Is a directory: '/opt/airflow/data/output'
[2024-09-30T19:01:44.788+0000] {taskinstance.py:1206} INFO - Marking task as FAILED. dag_id=reddit_pipeline, task_id=reddit_extration, run_id=manual__2024-09-30T19:01:42.066560+00:00, execution_date=20240930T190142, start_date=20240930T190143, end_date=20240930T190144
[2024-09-30T19:01:44.800+0000] {standard_task_runner.py:110} ERROR - Failed to execute job 25 for task reddit_extration ([Errno 21] Is a directory: '/opt/airflow/data/output'; 106)
[2024-09-30T19:01:44.840+0000] {local_task_job_runner.py:240} INFO - Task exited with return code 1
[2024-09-30T19:01:44.855+0000] {taskinstance.py:3503} INFO - 0 downstream tasks scheduled from follow-on schedule check
[2024-09-30T19:01:44.858+0000] {local_task_job_runner.py:222} INFO - ::endgroup::
