[2024-10-05T09:26:46.175+0000] {local_task_job_runner.py:123} INFO - ::group::Pre task execution logs
[2024-10-05T09:26:46.192+0000] {taskinstance.py:2612} INFO - Dependencies all met for dep_context=non-requeueable deps ti=<TaskInstance: youtube_pipeline.s3_upload manual__2024-10-05T09:25:23.186016+00:00 [queued]>
[2024-10-05T09:26:46.202+0000] {taskinstance.py:2612} INFO - Dependencies all met for dep_context=requeueable deps ti=<TaskInstance: youtube_pipeline.s3_upload manual__2024-10-05T09:25:23.186016+00:00 [queued]>
[2024-10-05T09:26:46.205+0000] {taskinstance.py:2865} INFO - Starting attempt 1 of 1
[2024-10-05T09:26:46.218+0000] {taskinstance.py:2888} INFO - Executing <Task(PythonOperator): s3_upload> on 2024-10-05 09:25:23.186016+00:00
[2024-10-05T09:26:46.225+0000] {standard_task_runner.py:72} INFO - Started process 89 to run task
[2024-10-05T09:26:46.228+0000] {standard_task_runner.py:104} INFO - Running: ['airflow', 'tasks', 'run', 'youtube_pipeline', 's3_upload', 'manual__2024-10-05T09:25:23.186016+00:00', '--job-id', '9', '--raw', '--subdir', 'DAGS_FOLDER/youtube_dag.py', '--cfg-path', '/tmp/tmpdpk45r48']
[2024-10-05T09:26:46.231+0000] {standard_task_runner.py:105} INFO - Job 9: Subtask s3_upload
[2024-10-05T09:26:46.275+0000] {task_command.py:467} INFO - Running <TaskInstance: youtube_pipeline.s3_upload manual__2024-10-05T09:25:23.186016+00:00 [running]> on host 4715c926778f
[2024-10-05T09:26:46.345+0000] {taskinstance.py:3131} INFO - Exporting env vars: AIRFLOW_CTX_DAG_OWNER='Haziq' AIRFLOW_CTX_DAG_ID='youtube_pipeline' AIRFLOW_CTX_TASK_ID='s3_upload' AIRFLOW_CTX_EXECUTION_DATE='2024-10-05T09:25:23.186016+00:00' AIRFLOW_CTX_TRY_NUMBER='1' AIRFLOW_CTX_DAG_RUN_ID='manual__2024-10-05T09:25:23.186016+00:00'
[2024-10-05T09:26:46.348+0000] {taskinstance.py:731} INFO - ::endgroup::
[2024-10-05T09:26:46.387+0000] {logging_mixin.py:190} INFO - connected successfully to s3
[2024-10-05T09:26:48.335+0000] {logging_mixin.py:190} INFO - bucket already exist
[2024-10-05T09:26:48.341+0000] {logging_mixin.py:190} INFO - /opt/airflow/data/output/top_videos_stats.csv
[2024-10-05T09:26:48.342+0000] {logging_mixin.py:190} INFO - destination is s3-reddit-storage-haziq/raw/top_videos_stats.csv
[2024-10-05T09:26:49.552+0000] {logging_mixin.py:190} INFO - file uploaded successfully
[2024-10-05T09:26:49.554+0000] {logging_mixin.py:190} INFO - /opt/airflow/data/output/view_stats.csv
[2024-10-05T09:26:49.556+0000] {logging_mixin.py:190} INFO - destination is s3-reddit-storage-haziq/raw/view_stats.csv
[2024-10-05T09:26:50.559+0000] {logging_mixin.py:190} INFO - file uploaded successfully
[2024-10-05T09:26:50.561+0000] {python.py:240} INFO - Done. Returned value was: /opt/airflow/data/output
[2024-10-05T09:26:50.587+0000] {taskinstance.py:340} INFO - ::group::Post task execution logs
[2024-10-05T09:26:50.591+0000] {taskinstance.py:352} INFO - Marking task as SUCCESS. dag_id=youtube_pipeline, task_id=s3_upload, run_id=manual__2024-10-05T09:25:23.186016+00:00, execution_date=20241005T092523, start_date=20241005T092646, end_date=20241005T092650
[2024-10-05T09:26:50.626+0000] {local_task_job_runner.py:266} INFO - Task exited with return code 0
[2024-10-05T09:26:50.652+0000] {taskinstance.py:3900} INFO - 0 downstream tasks scheduled from follow-on schedule check
[2024-10-05T09:26:50.657+0000] {local_task_job_runner.py:245} INFO - ::endgroup::
