[2024-10-01T16:47:42.661+0000] {local_task_job_runner.py:123} INFO - ::group::Pre task execution logs
[2024-10-01T16:47:42.676+0000] {taskinstance.py:2612} INFO - Dependencies all met for dep_context=non-requeueable deps ti=<TaskInstance: reddit_pipeline.s3_upload manual__2024-10-01T16:47:38.829656+00:00 [queued]>
[2024-10-01T16:47:42.686+0000] {taskinstance.py:2612} INFO - Dependencies all met for dep_context=requeueable deps ti=<TaskInstance: reddit_pipeline.s3_upload manual__2024-10-01T16:47:38.829656+00:00 [queued]>
[2024-10-01T16:47:42.688+0000] {taskinstance.py:2865} INFO - Starting attempt 1 of 1
[2024-10-01T16:47:42.699+0000] {taskinstance.py:2888} INFO - Executing <Task(PythonOperator): s3_upload> on 2024-10-01 16:47:38.829656+00:00
[2024-10-01T16:47:42.705+0000] {standard_task_runner.py:72} INFO - Started process 168 to run task
[2024-10-01T16:47:42.708+0000] {standard_task_runner.py:104} INFO - Running: ['airflow', 'tasks', 'run', 'reddit_pipeline', 's3_upload', 'manual__2024-10-01T16:47:38.829656+00:00', '--job-id', '58', '--raw', '--subdir', 'DAGS_FOLDER/reddit_dag.py', '--cfg-path', '/tmp/tmp7ltgwp8d']
[2024-10-01T16:47:42.711+0000] {standard_task_runner.py:105} INFO - Job 58: Subtask s3_upload
[2024-10-01T16:47:42.748+0000] {task_command.py:467} INFO - Running <TaskInstance: reddit_pipeline.s3_upload manual__2024-10-01T16:47:38.829656+00:00 [running]> on host 0e63f9394fb3
[2024-10-01T16:47:42.810+0000] {taskinstance.py:3131} INFO - Exporting env vars: AIRFLOW_CTX_DAG_OWNER='Haziq' AIRFLOW_CTX_DAG_ID='reddit_pipeline' AIRFLOW_CTX_TASK_ID='s3_upload' AIRFLOW_CTX_EXECUTION_DATE='2024-10-01T16:47:38.829656+00:00' AIRFLOW_CTX_TRY_NUMBER='1' AIRFLOW_CTX_DAG_RUN_ID='manual__2024-10-01T16:47:38.829656+00:00'
[2024-10-01T16:47:42.813+0000] {taskinstance.py:731} INFO - ::endgroup::
[2024-10-01T16:47:42.835+0000] {logging_mixin.py:190} INFO - connected successfully to s3
[2024-10-01T16:47:43.549+0000] {logging_mixin.py:190} INFO - bucket already exist
[2024-10-01T16:47:44.212+0000] {logging_mixin.py:190} INFO - file uploaded successfully
[2024-10-01T16:47:44.214+0000] {python.py:240} INFO - Done. Returned value was: hello
[2024-10-01T16:47:44.233+0000] {taskinstance.py:340} INFO - ::group::Post task execution logs
[2024-10-01T16:47:44.234+0000] {taskinstance.py:352} INFO - Marking task as SUCCESS. dag_id=reddit_pipeline, task_id=s3_upload, run_id=manual__2024-10-01T16:47:38.829656+00:00, execution_date=20241001T164738, start_date=20241001T164742, end_date=20241001T164744
[2024-10-01T16:47:44.289+0000] {local_task_job_runner.py:266} INFO - Task exited with return code 0
[2024-10-01T16:47:44.303+0000] {taskinstance.py:3900} INFO - 0 downstream tasks scheduled from follow-on schedule check
[2024-10-01T16:47:44.305+0000] {local_task_job_runner.py:245} INFO - ::endgroup::
