[2024-10-05T09:47:59.063+0000] {local_task_job_runner.py:123} INFO - ::group::Pre task execution logs
[2024-10-05T09:47:59.080+0000] {taskinstance.py:2612} INFO - Dependencies all met for dep_context=non-requeueable deps ti=<TaskInstance: youtube_pipeline.s3_upload manual__2024-10-05T09:46:19.794469+00:00 [queued]>
[2024-10-05T09:47:59.090+0000] {taskinstance.py:2612} INFO - Dependencies all met for dep_context=requeueable deps ti=<TaskInstance: youtube_pipeline.s3_upload manual__2024-10-05T09:46:19.794469+00:00 [queued]>
[2024-10-05T09:47:59.091+0000] {taskinstance.py:2865} INFO - Starting attempt 1 of 1
[2024-10-05T09:47:59.103+0000] {taskinstance.py:2888} INFO - Executing <Task(PythonOperator): s3_upload> on 2024-10-05 09:46:19.794469+00:00
[2024-10-05T09:47:59.109+0000] {standard_task_runner.py:72} INFO - Started process 113 to run task
[2024-10-05T09:47:59.112+0000] {standard_task_runner.py:104} INFO - Running: ['airflow', 'tasks', 'run', 'youtube_pipeline', 's3_upload', 'manual__2024-10-05T09:46:19.794469+00:00', '--job-id', '14', '--raw', '--subdir', 'DAGS_FOLDER/youtube_dag.py', '--cfg-path', '/tmp/tmpt18xcqk1']
[2024-10-05T09:47:59.115+0000] {standard_task_runner.py:105} INFO - Job 14: Subtask s3_upload
[2024-10-05T09:47:59.154+0000] {task_command.py:467} INFO - Running <TaskInstance: youtube_pipeline.s3_upload manual__2024-10-05T09:46:19.794469+00:00 [running]> on host 4715c926778f
[2024-10-05T09:47:59.219+0000] {taskinstance.py:3131} INFO - Exporting env vars: AIRFLOW_CTX_DAG_OWNER='Haziq' AIRFLOW_CTX_DAG_ID='youtube_pipeline' AIRFLOW_CTX_TASK_ID='s3_upload' AIRFLOW_CTX_EXECUTION_DATE='2024-10-05T09:46:19.794469+00:00' AIRFLOW_CTX_TRY_NUMBER='1' AIRFLOW_CTX_DAG_RUN_ID='manual__2024-10-05T09:46:19.794469+00:00'
[2024-10-05T09:47:59.221+0000] {taskinstance.py:731} INFO - ::endgroup::
[2024-10-05T09:47:59.244+0000] {logging_mixin.py:190} INFO - connected successfully to s3
[2024-10-05T09:48:00.958+0000] {logging_mixin.py:190} INFO - bucket already exist
[2024-10-05T09:48:00.962+0000] {logging_mixin.py:190} INFO - /opt/airflow/data/output/top_videos_stats.csv
[2024-10-05T09:48:00.963+0000] {logging_mixin.py:190} INFO - destination is s3-reddit-storage-haziq/raw/top_videos_stats.csv
[2024-10-05T09:48:01.951+0000] {logging_mixin.py:190} INFO - file uploaded successfully
[2024-10-05T09:48:01.952+0000] {logging_mixin.py:190} INFO - /opt/airflow/data/output/view_stats.csv
[2024-10-05T09:48:01.953+0000] {logging_mixin.py:190} INFO - destination is s3-reddit-storage-haziq/raw/view_stats.csv
[2024-10-05T09:48:02.928+0000] {logging_mixin.py:190} INFO - file uploaded successfully
[2024-10-05T09:48:02.930+0000] {python.py:240} INFO - Done. Returned value was: /opt/airflow/data/output
[2024-10-05T09:48:02.949+0000] {taskinstance.py:340} INFO - ::group::Post task execution logs
[2024-10-05T09:48:02.950+0000] {taskinstance.py:352} INFO - Marking task as SUCCESS. dag_id=youtube_pipeline, task_id=s3_upload, run_id=manual__2024-10-05T09:46:19.794469+00:00, execution_date=20241005T094619, start_date=20241005T094759, end_date=20241005T094802
[2024-10-05T09:48:02.983+0000] {local_task_job_runner.py:266} INFO - Task exited with return code 0
[2024-10-05T09:48:02.998+0000] {taskinstance.py:3900} INFO - 0 downstream tasks scheduled from follow-on schedule check
[2024-10-05T09:48:03.001+0000] {local_task_job_runner.py:245} INFO - ::endgroup::
