[2024-10-04T15:16:17.027+0000] {local_task_job_runner.py:123} INFO - ::group::Pre task execution logs
[2024-10-04T15:16:17.047+0000] {taskinstance.py:2612} INFO - Dependencies all met for dep_context=non-requeueable deps ti=<TaskInstance: youtube_pipeline.s3_upload manual__2024-10-04T15:15:54.900699+00:00 [queued]>
[2024-10-04T15:16:17.059+0000] {taskinstance.py:2612} INFO - Dependencies all met for dep_context=requeueable deps ti=<TaskInstance: youtube_pipeline.s3_upload manual__2024-10-04T15:15:54.900699+00:00 [queued]>
[2024-10-04T15:16:17.061+0000] {taskinstance.py:2865} INFO - Starting attempt 1 of 1
[2024-10-04T15:16:17.078+0000] {taskinstance.py:2888} INFO - Executing <Task(PythonOperator): s3_upload> on 2024-10-04 15:15:54.900699+00:00
[2024-10-04T15:16:17.084+0000] {standard_task_runner.py:72} INFO - Started process 212 to run task
[2024-10-04T15:16:17.087+0000] {standard_task_runner.py:104} INFO - Running: ['airflow', 'tasks', 'run', 'youtube_pipeline', 's3_upload', 'manual__2024-10-04T15:15:54.900699+00:00', '--job-id', '31', '--raw', '--subdir', 'DAGS_FOLDER/youtube_dag.py', '--cfg-path', '/tmp/tmpq1l4lk3d']
[2024-10-04T15:16:17.090+0000] {standard_task_runner.py:105} INFO - Job 31: Subtask s3_upload
[2024-10-04T15:16:17.149+0000] {task_command.py:467} INFO - Running <TaskInstance: youtube_pipeline.s3_upload manual__2024-10-04T15:15:54.900699+00:00 [running]> on host 4d91c6c5073f
[2024-10-04T15:16:17.236+0000] {taskinstance.py:3131} INFO - Exporting env vars: AIRFLOW_CTX_DAG_OWNER='Haziq' AIRFLOW_CTX_DAG_ID='youtube_pipeline' AIRFLOW_CTX_TASK_ID='s3_upload' AIRFLOW_CTX_EXECUTION_DATE='2024-10-04T15:15:54.900699+00:00' AIRFLOW_CTX_TRY_NUMBER='1' AIRFLOW_CTX_DAG_RUN_ID='manual__2024-10-04T15:15:54.900699+00:00'
[2024-10-04T15:16:17.239+0000] {taskinstance.py:731} INFO - ::endgroup::
[2024-10-04T15:16:17.269+0000] {logging_mixin.py:190} INFO - connected successfully to s3
[2024-10-04T15:16:19.153+0000] {logging_mixin.py:190} INFO - bucket already exist
[2024-10-04T15:16:19.156+0000] {logging_mixin.py:190} INFO - /opt/airflow/data/output/top_videos_stats.csv
[2024-10-04T15:16:19.158+0000] {logging_mixin.py:190} INFO - destination is s3-reddit-storage-haziq/raw/top_videos_stats.csv
[2024-10-04T15:16:20.334+0000] {logging_mixin.py:190} INFO - file uploaded successfully
[2024-10-04T15:16:20.335+0000] {logging_mixin.py:190} INFO - /opt/airflow/data/output/view_stats.csv
[2024-10-04T15:16:20.338+0000] {logging_mixin.py:190} INFO - destination is s3-reddit-storage-haziq/raw/view_stats.csv
[2024-10-04T15:16:21.358+0000] {logging_mixin.py:190} INFO - file uploaded successfully
[2024-10-04T15:16:21.359+0000] {python.py:240} INFO - Done. Returned value was: /opt/airflow/data/output
[2024-10-04T15:16:21.382+0000] {taskinstance.py:340} INFO - ::group::Post task execution logs
[2024-10-04T15:16:21.384+0000] {taskinstance.py:352} INFO - Marking task as SUCCESS. dag_id=youtube_pipeline, task_id=s3_upload, run_id=manual__2024-10-04T15:15:54.900699+00:00, execution_date=20241004T151554, start_date=20241004T151617, end_date=20241004T151621
[2024-10-04T15:16:21.426+0000] {local_task_job_runner.py:266} INFO - Task exited with return code 0
[2024-10-04T15:16:21.441+0000] {taskinstance.py:3900} INFO - 0 downstream tasks scheduled from follow-on schedule check
[2024-10-04T15:16:21.445+0000] {local_task_job_runner.py:245} INFO - ::endgroup::
