[2024-10-05T09:00:47.247+0000] {local_task_job_runner.py:123} INFO - ::group::Pre task execution logs
[2024-10-05T09:00:47.266+0000] {taskinstance.py:2612} INFO - Dependencies all met for dep_context=non-requeueable deps ti=<TaskInstance: youtube_pipeline.youtube_extration scheduled__2024-10-04T00:00:00+00:00 [queued]>
[2024-10-05T09:00:47.279+0000] {taskinstance.py:2612} INFO - Dependencies all met for dep_context=requeueable deps ti=<TaskInstance: youtube_pipeline.youtube_extration scheduled__2024-10-04T00:00:00+00:00 [queued]>
[2024-10-05T09:00:47.281+0000] {taskinstance.py:2865} INFO - Starting attempt 1 of 1
[2024-10-05T09:00:47.298+0000] {taskinstance.py:2888} INFO - Executing <Task(PythonOperator): youtube_extration> on 2024-10-04 00:00:00+00:00
[2024-10-05T09:00:47.306+0000] {standard_task_runner.py:72} INFO - Started process 75 to run task
[2024-10-05T09:00:47.310+0000] {standard_task_runner.py:104} INFO - Running: ['airflow', 'tasks', 'run', 'youtube_pipeline', 'youtube_extration', 'scheduled__2024-10-04T00:00:00+00:00', '--job-id', '6', '--raw', '--subdir', 'DAGS_FOLDER/youtube_dag.py', '--cfg-path', '/tmp/tmp58sd7xx1']
[2024-10-05T09:00:47.314+0000] {standard_task_runner.py:105} INFO - Job 6: Subtask youtube_extration
[2024-10-05T09:00:47.399+0000] {task_command.py:467} INFO - Running <TaskInstance: youtube_pipeline.youtube_extration scheduled__2024-10-04T00:00:00+00:00 [running]> on host 4715c926778f
[2024-10-05T09:00:47.518+0000] {taskinstance.py:3131} INFO - Exporting env vars: AIRFLOW_CTX_DAG_OWNER='Haziq' AIRFLOW_CTX_DAG_ID='youtube_pipeline' AIRFLOW_CTX_TASK_ID='youtube_extration' AIRFLOW_CTX_EXECUTION_DATE='2024-10-04T00:00:00+00:00' AIRFLOW_CTX_TRY_NUMBER='1' AIRFLOW_CTX_DAG_RUN_ID='scheduled__2024-10-04T00:00:00+00:00'
[2024-10-05T09:00:47.521+0000] {taskinstance.py:731} INFO - ::endgroup::
[2024-10-05T09:00:47.552+0000] {__init__.py:49} INFO - file_cache is only supported with oauth2client<4.0.0
[2024-10-05T09:00:50.415+0000] {logging_mixin.py:190} INFO - playlist id isUUX6OQ3DkcsbYNE6H8uQQuVA
[2024-10-05T09:00:58.551+0000] {logging_mixin.py:190} INFO - 819
[2024-10-05T09:02:24.500+0000] {logging_mixin.py:190} INFO - 'commentCount'
[2024-10-05T09:02:24.504+0000] {logging_mixin.py:190} INFO - {'viewCount': '60144649959', 'subscriberCount': '319000000', 'videoCount': '819'}
[2024-10-05T09:02:24.520+0000] {python.py:240} INFO - Done. Returned value was: /opt/airflow/data/output
[2024-10-05T09:02:24.544+0000] {taskinstance.py:340} INFO - ::group::Post task execution logs
[2024-10-05T09:02:24.545+0000] {taskinstance.py:352} INFO - Marking task as SUCCESS. dag_id=youtube_pipeline, task_id=youtube_extration, run_id=scheduled__2024-10-04T00:00:00+00:00, execution_date=20241004T000000, start_date=20241005T090047, end_date=20241005T090224
[2024-10-05T09:02:24.589+0000] {local_task_job_runner.py:266} INFO - Task exited with return code 0
[2024-10-05T09:02:24.613+0000] {taskinstance.py:3900} INFO - 1 downstream tasks scheduled from follow-on schedule check
[2024-10-05T09:02:24.615+0000] {local_task_job_runner.py:245} INFO - ::endgroup::
