[2024-10-03T12:43:09.603+0000] {local_task_job_runner.py:123} INFO - ::group::Pre task execution logs
[2024-10-03T12:43:09.622+0000] {taskinstance.py:2612} INFO - Dependencies all met for dep_context=non-requeueable deps ti=<TaskInstance: youtube_pipeline.youtube_extration manual__2024-10-03T12:43:08.373526+00:00 [queued]>
[2024-10-03T12:43:09.636+0000] {taskinstance.py:2612} INFO - Dependencies all met for dep_context=requeueable deps ti=<TaskInstance: youtube_pipeline.youtube_extration manual__2024-10-03T12:43:08.373526+00:00 [queued]>
[2024-10-03T12:43:09.640+0000] {taskinstance.py:2865} INFO - Starting attempt 1 of 1
[2024-10-03T12:43:09.657+0000] {taskinstance.py:2888} INFO - Executing <Task(PythonOperator): youtube_extration> on 2024-10-03 12:43:08.373526+00:00
[2024-10-03T12:43:09.665+0000] {standard_task_runner.py:72} INFO - Started process 138 to run task
[2024-10-03T12:43:09.670+0000] {standard_task_runner.py:104} INFO - Running: ['airflow', 'tasks', 'run', 'youtube_pipeline', 'youtube_extration', 'manual__2024-10-03T12:43:08.373526+00:00', '--job-id', '16', '--raw', '--subdir', 'DAGS_FOLDER/youtube_dag.py', '--cfg-path', '/tmp/tmpbu_0xee_']
[2024-10-03T12:43:09.675+0000] {standard_task_runner.py:105} INFO - Job 16: Subtask youtube_extration
[2024-10-03T12:43:09.738+0000] {task_command.py:467} INFO - Running <TaskInstance: youtube_pipeline.youtube_extration manual__2024-10-03T12:43:08.373526+00:00 [running]> on host 4d91c6c5073f
[2024-10-03T12:43:09.831+0000] {taskinstance.py:3131} INFO - Exporting env vars: AIRFLOW_CTX_DAG_OWNER='Haziq' AIRFLOW_CTX_DAG_ID='youtube_pipeline' AIRFLOW_CTX_TASK_ID='youtube_extration' AIRFLOW_CTX_EXECUTION_DATE='2024-10-03T12:43:08.373526+00:00' AIRFLOW_CTX_TRY_NUMBER='1' AIRFLOW_CTX_DAG_RUN_ID='manual__2024-10-03T12:43:08.373526+00:00'
[2024-10-03T12:43:09.835+0000] {taskinstance.py:731} INFO - ::endgroup::
[2024-10-03T12:43:09.863+0000] {__init__.py:49} INFO - file_cache is only supported with oauth2client<4.0.0
[2024-10-03T12:43:13.506+0000] {logging_mixin.py:190} INFO - playlist id isUUX6OQ3DkcsbYNE6H8uQQuVA
[2024-10-03T12:43:14.228+0000] {logging_mixin.py:190} INFO - ['vDrSCXFMAKk', 'snX5YyflrGw', 'nbzQdlWrcnk', '8krJy31Diow', 'aRcUVhVlSHg', 'Jo7sfpeWqwE', 'QtD-CeUdRUQ', 'ndAQfTzlVjc', 'AydS-vA3qa4', 'UPrkC1LdlLY', '8bTQMDM4qvY', '4SNThp0YiU4', 'XhuisK0bTSA', 'lkCRPp7cnP8', 'KkCXLABwHP0', 'PWirijQkH4M', 'U_LlX4t0A9I', 'T8I165Qxeo8', 'i-9V21MqlhY', 'f0cXJ6mJxGc', 'F6PqxbvOCUI', 'oA4LSZvX4iE', 'ZKxnjszkZto', '8_gdcaX9Xqk', 'snUyLbGx6U4', 'Pv0iVoSZzN8', 'CWbV3NItSdY', 'l-nMKJ5J3Uc', 'XE1Qyss8GIY', '6GzHPS0rEgc', 'imhY0pe-Sd8', 'erLbbextvlY', 'OnTTThIzuNU', 'mKdjycj-7eE', 'tWYsfOSY9vY', 'sH48lKbayNU', 'AFXoSFNMwIA', 'AjwAdtlRKf8', 'KOEfDvr4DcQ', 'krsBRQbOPQ4', '7ESeQBeikKs', 'K_CbgLpvH9E', 'lOKASgtr6kU', '9RhWXPcKBI8', 'ZVt9ZJfWV1c', 'rWBOITBjitE', 'tnTPaLOaHz8', 'Wdjh81uH6FU', '7dYTw-jAYkY', 'AjZDwxt7S8w']
[2024-10-03T12:43:36.552+0000] {logging_mixin.py:190} INFO - {'viewCount': '60005966102', 'subscriberCount': '318000000', 'videoCount': '818'}
[2024-10-03T12:43:36.576+0000] {python.py:240} INFO - Done. Returned value was: /opt/airflow/data/output
[2024-10-03T12:43:36.603+0000] {taskinstance.py:340} INFO - ::group::Post task execution logs
[2024-10-03T12:43:36.605+0000] {taskinstance.py:352} INFO - Marking task as SUCCESS. dag_id=youtube_pipeline, task_id=youtube_extration, run_id=manual__2024-10-03T12:43:08.373526+00:00, execution_date=20241003T124308, start_date=20241003T124309, end_date=20241003T124336
[2024-10-03T12:43:36.648+0000] {local_task_job_runner.py:266} INFO - Task exited with return code 0
[2024-10-03T12:43:36.672+0000] {taskinstance.py:3900} INFO - 1 downstream tasks scheduled from follow-on schedule check
[2024-10-03T12:43:36.676+0000] {local_task_job_runner.py:245} INFO - ::endgroup::
