[2024-09-30T18:31:11.642+0000] {local_task_job_runner.py:120} INFO - ::group::Pre task execution logs
[2024-09-30T18:31:11.663+0000] {taskinstance.py:2076} INFO - Dependencies all met for dep_context=non-requeueable deps ti=<TaskInstance: reddit_pipeline.reddit_extration manual__2024-09-30T18:31:11.051407+00:00 [queued]>
[2024-09-30T18:31:11.670+0000] {taskinstance.py:2076} INFO - Dependencies all met for dep_context=requeueable deps ti=<TaskInstance: reddit_pipeline.reddit_extration manual__2024-09-30T18:31:11.051407+00:00 [queued]>
[2024-09-30T18:31:11.671+0000] {taskinstance.py:2306} INFO - Starting attempt 1 of 1
[2024-09-30T18:31:11.685+0000] {taskinstance.py:2330} INFO - Executing <Task(PythonOperator): reddit_extration> on 2024-09-30 18:31:11.051407+00:00
[2024-09-30T18:31:11.689+0000] {standard_task_runner.py:63} INFO - Started process 75 to run task
[2024-09-30T18:31:11.692+0000] {standard_task_runner.py:90} INFO - Running: ['airflow', 'tasks', 'run', 'reddit_pipeline', 'reddit_extration', 'manual__2024-09-30T18:31:11.051407+00:00', '--job-id', '13', '--raw', '--subdir', 'DAGS_FOLDER/reddit_dag.py', '--cfg-path', '/tmp/tmpir1678pe']
[2024-09-30T18:31:11.693+0000] {standard_task_runner.py:91} INFO - Job 13: Subtask reddit_extration
[2024-09-30T18:31:11.736+0000] {task_command.py:426} INFO - Running <TaskInstance: reddit_pipeline.reddit_extration manual__2024-09-30T18:31:11.051407+00:00 [running]> on host d18f347f1f63
[2024-09-30T18:31:11.816+0000] {taskinstance.py:2648} INFO - Exporting env vars: AIRFLOW_CTX_DAG_OWNER='Haziq' AIRFLOW_CTX_DAG_ID='reddit_pipeline' AIRFLOW_CTX_TASK_ID='reddit_extration' AIRFLOW_CTX_EXECUTION_DATE='2024-09-30T18:31:11.051407+00:00' AIRFLOW_CTX_TRY_NUMBER='1' AIRFLOW_CTX_DAG_RUN_ID='manual__2024-09-30T18:31:11.051407+00:00'
[2024-09-30T18:31:11.817+0000] {taskinstance.py:430} INFO - ::endgroup::
[2024-09-30T18:31:11.828+0000] {logging_mixin.py:188} INFO - connected to reddit hello
[2024-09-30T18:31:13.152+0000] {logging_mixin.py:188} INFO - <generator object extract_post.<locals>.<genexpr> at 0x7fded8b060b0>
[2024-09-30T18:31:13.153+0000] {logging_mixin.py:188} INFO - <generator object extract_post.<locals>.<genexpr> at 0x7fded8b060b0>
[2024-09-30T18:31:13.155+0000] {logging_mixin.py:188} INFO - <generator object extract_post.<locals>.<genexpr> at 0x7fded8b060b0>
[2024-09-30T18:31:13.155+0000] {logging_mixin.py:188} INFO - <generator object extract_post.<locals>.<genexpr> at 0x7fded8b060b0>
[2024-09-30T18:31:13.156+0000] {logging_mixin.py:188} INFO - <generator object extract_post.<locals>.<genexpr> at 0x7fded8b060b0>
[2024-09-30T18:31:13.156+0000] {logging_mixin.py:188} INFO - <generator object extract_post.<locals>.<genexpr> at 0x7fded8b060b0>
[2024-09-30T18:31:13.157+0000] {logging_mixin.py:188} INFO - <generator object extract_post.<locals>.<genexpr> at 0x7fded8b060b0>
[2024-09-30T18:31:13.157+0000] {logging_mixin.py:188} INFO - <generator object extract_post.<locals>.<genexpr> at 0x7fded8b060b0>
[2024-09-30T18:31:13.158+0000] {logging_mixin.py:188} INFO - <generator object extract_post.<locals>.<genexpr> at 0x7fded8b060b0>
[2024-09-30T18:31:13.158+0000] {logging_mixin.py:188} INFO - <generator object extract_post.<locals>.<genexpr> at 0x7fded8b060b0>
[2024-09-30T18:31:13.158+0000] {logging_mixin.py:188} INFO - <generator object extract_post.<locals>.<genexpr> at 0x7fded8b060b0>
[2024-09-30T18:31:13.159+0000] {logging_mixin.py:188} INFO - <generator object extract_post.<locals>.<genexpr> at 0x7fded8b060b0>
[2024-09-30T18:31:13.159+0000] {logging_mixin.py:188} INFO - <generator object extract_post.<locals>.<genexpr> at 0x7fded8b060b0>
[2024-09-30T18:31:13.159+0000] {logging_mixin.py:188} INFO - <generator object extract_post.<locals>.<genexpr> at 0x7fded8b060b0>
[2024-09-30T18:31:13.160+0000] {logging_mixin.py:188} INFO - <generator object extract_post.<locals>.<genexpr> at 0x7fded8b060b0>
[2024-09-30T18:31:13.160+0000] {logging_mixin.py:188} INFO - <generator object extract_post.<locals>.<genexpr> at 0x7fded8b060b0>
[2024-09-30T18:31:13.160+0000] {logging_mixin.py:188} INFO - <generator object extract_post.<locals>.<genexpr> at 0x7fded8b060b0>
[2024-09-30T18:31:13.160+0000] {logging_mixin.py:188} INFO - <generator object extract_post.<locals>.<genexpr> at 0x7fded8b060b0>
[2024-09-30T18:31:13.161+0000] {logging_mixin.py:188} INFO - <generator object extract_post.<locals>.<genexpr> at 0x7fded8b060b0>
[2024-09-30T18:31:13.161+0000] {python.py:237} INFO - Done. Returned value was: None
[2024-09-30T18:31:13.161+0000] {taskinstance.py:441} INFO - ::group::Post task execution logs
[2024-09-30T18:31:13.168+0000] {taskinstance.py:1206} INFO - Marking task as SUCCESS. dag_id=reddit_pipeline, task_id=reddit_extration, run_id=manual__2024-09-30T18:31:11.051407+00:00, execution_date=20240930T183111, start_date=20240930T183111, end_date=20240930T183113
[2024-09-30T18:31:13.192+0000] {local_task_job_runner.py:240} INFO - Task exited with return code 0
[2024-09-30T18:31:13.206+0000] {taskinstance.py:3503} INFO - 0 downstream tasks scheduled from follow-on schedule check
[2024-09-30T18:31:13.208+0000] {local_task_job_runner.py:222} INFO - ::endgroup::
