[2024-10-04T14:59:30.468+0000] {local_task_job_runner.py:123} INFO - ::group::Pre task execution logs
[2024-10-04T14:59:30.489+0000] {taskinstance.py:2612} INFO - Dependencies all met for dep_context=non-requeueable deps ti=<TaskInstance: youtube_pipeline.s3_upload scheduled__2024-10-03T00:00:00+00:00 [queued]>
[2024-10-04T14:59:30.504+0000] {taskinstance.py:2612} INFO - Dependencies all met for dep_context=requeueable deps ti=<TaskInstance: youtube_pipeline.s3_upload scheduled__2024-10-03T00:00:00+00:00 [queued]>
[2024-10-04T14:59:30.506+0000] {taskinstance.py:2865} INFO - Starting attempt 1 of 1
[2024-10-04T14:59:30.524+0000] {taskinstance.py:2888} INFO - Executing <Task(PythonOperator): s3_upload> on 2024-10-03 00:00:00+00:00
[2024-10-04T14:59:30.532+0000] {standard_task_runner.py:72} INFO - Started process 192 to run task
[2024-10-04T14:59:30.536+0000] {standard_task_runner.py:104} INFO - Running: ['airflow', 'tasks', 'run', 'youtube_pipeline', 's3_upload', 'scheduled__2024-10-03T00:00:00+00:00', '--job-id', '27', '--raw', '--subdir', 'DAGS_FOLDER/youtube_dag.py', '--cfg-path', '/tmp/tmpoy03yzak']
[2024-10-04T14:59:30.540+0000] {standard_task_runner.py:105} INFO - Job 27: Subtask s3_upload
[2024-10-04T14:59:30.613+0000] {task_command.py:467} INFO - Running <TaskInstance: youtube_pipeline.s3_upload scheduled__2024-10-03T00:00:00+00:00 [running]> on host 4d91c6c5073f
[2024-10-04T14:59:30.812+0000] {taskinstance.py:3131} INFO - Exporting env vars: AIRFLOW_CTX_DAG_OWNER='Haziq' AIRFLOW_CTX_DAG_ID='youtube_pipeline' AIRFLOW_CTX_TASK_ID='s3_upload' AIRFLOW_CTX_EXECUTION_DATE='2024-10-03T00:00:00+00:00' AIRFLOW_CTX_TRY_NUMBER='1' AIRFLOW_CTX_DAG_RUN_ID='scheduled__2024-10-03T00:00:00+00:00'
[2024-10-04T14:59:30.815+0000] {taskinstance.py:731} INFO - ::endgroup::
[2024-10-04T14:59:30.858+0000] {logging_mixin.py:190} INFO - connected successfully to s3
[2024-10-04T14:59:51.254+0000] {logging_mixin.py:190} INFO - bucket already exist
[2024-10-04T14:59:51.258+0000] {logging_mixin.py:190} INFO - /opt/airflow/data/output/top_videos_stats.csv
[2024-10-04T14:59:51.259+0000] {logging_mixin.py:190} INFO - destination is s3-reddit-storage-haziq/raw/top_videos_stats.csv
[2024-10-04T14:59:57.671+0000] {logging_mixin.py:190} INFO - file uploaded successfully
[2024-10-04T14:59:57.673+0000] {logging_mixin.py:190} INFO - /opt/airflow/data/output/view_stats.csv
[2024-10-04T14:59:57.675+0000] {logging_mixin.py:190} INFO - destination is s3-reddit-storage-haziq/raw/view_stats.csv
[2024-10-04T14:59:58.737+0000] {logging_mixin.py:190} INFO - file uploaded successfully
[2024-10-04T14:59:58.739+0000] {python.py:240} INFO - Done. Returned value was: /opt/airflow/data/output
[2024-10-04T14:59:58.763+0000] {taskinstance.py:340} INFO - ::group::Post task execution logs
[2024-10-04T14:59:58.766+0000] {taskinstance.py:352} INFO - Marking task as SUCCESS. dag_id=youtube_pipeline, task_id=s3_upload, run_id=scheduled__2024-10-03T00:00:00+00:00, execution_date=20241003T000000, start_date=20241004T145930, end_date=20241004T145958
[2024-10-04T14:59:58.830+0000] {local_task_job_runner.py:266} INFO - Task exited with return code 0
[2024-10-04T14:59:58.846+0000] {taskinstance.py:3900} INFO - 0 downstream tasks scheduled from follow-on schedule check
[2024-10-04T14:59:58.849+0000] {local_task_job_runner.py:245} INFO - ::endgroup::
[2024-10-04T20:26:43.337+0000] {local_task_job_runner.py:123} INFO - ::group::Pre task execution logs
[2024-10-04T20:26:43.355+0000] {taskinstance.py:2612} INFO - Dependencies all met for dep_context=non-requeueable deps ti=<TaskInstance: youtube_pipeline.s3_upload scheduled__2024-10-03T00:00:00+00:00 [queued]>
[2024-10-04T20:26:43.368+0000] {taskinstance.py:2612} INFO - Dependencies all met for dep_context=requeueable deps ti=<TaskInstance: youtube_pipeline.s3_upload scheduled__2024-10-03T00:00:00+00:00 [queued]>
[2024-10-04T20:26:43.371+0000] {taskinstance.py:2865} INFO - Starting attempt 1 of 1
[2024-10-04T20:26:43.389+0000] {taskinstance.py:2888} INFO - Executing <Task(PythonOperator): s3_upload> on 2024-10-03 00:00:00+00:00
[2024-10-04T20:26:43.395+0000] {standard_task_runner.py:72} INFO - Started process 62 to run task
[2024-10-04T20:26:43.398+0000] {standard_task_runner.py:104} INFO - Running: ['airflow', 'tasks', 'run', 'youtube_pipeline', 's3_upload', 'scheduled__2024-10-03T00:00:00+00:00', '--job-id', '4', '--raw', '--subdir', 'DAGS_FOLDER/youtube_dag.py', '--cfg-path', '/tmp/tmpumvvqzaq']
[2024-10-04T20:26:43.401+0000] {standard_task_runner.py:105} INFO - Job 4: Subtask s3_upload
[2024-10-04T20:26:43.474+0000] {task_command.py:467} INFO - Running <TaskInstance: youtube_pipeline.s3_upload scheduled__2024-10-03T00:00:00+00:00 [running]> on host 85380cf6bf50
[2024-10-04T20:26:43.586+0000] {taskinstance.py:3131} INFO - Exporting env vars: AIRFLOW_CTX_DAG_OWNER='Haziq' AIRFLOW_CTX_DAG_ID='youtube_pipeline' AIRFLOW_CTX_TASK_ID='s3_upload' AIRFLOW_CTX_EXECUTION_DATE='2024-10-03T00:00:00+00:00' AIRFLOW_CTX_TRY_NUMBER='1' AIRFLOW_CTX_DAG_RUN_ID='scheduled__2024-10-03T00:00:00+00:00'
[2024-10-04T20:26:43.589+0000] {taskinstance.py:731} INFO - ::endgroup::
[2024-10-04T20:26:43.616+0000] {logging_mixin.py:190} INFO - connected successfully to s3
[2024-10-04T20:26:45.537+0000] {logging_mixin.py:190} INFO - bucket already exist
[2024-10-04T20:26:45.542+0000] {logging_mixin.py:190} INFO - /opt/airflow/data/output/top_videos_stats.csv
[2024-10-04T20:26:45.545+0000] {logging_mixin.py:190} INFO - destination is s3-reddit-storage-haziq/raw/top_videos_stats.csv
[2024-10-04T20:26:46.744+0000] {logging_mixin.py:190} INFO - file uploaded successfully
[2024-10-04T20:26:46.746+0000] {logging_mixin.py:190} INFO - /opt/airflow/data/output/view_stats.csv
[2024-10-04T20:26:46.748+0000] {logging_mixin.py:190} INFO - destination is s3-reddit-storage-haziq/raw/view_stats.csv
[2024-10-04T20:26:47.787+0000] {logging_mixin.py:190} INFO - file uploaded successfully
[2024-10-04T20:26:47.789+0000] {python.py:240} INFO - Done. Returned value was: /opt/airflow/data/output
[2024-10-04T20:26:47.822+0000] {taskinstance.py:340} INFO - ::group::Post task execution logs
[2024-10-04T20:26:47.825+0000] {taskinstance.py:352} INFO - Marking task as SUCCESS. dag_id=youtube_pipeline, task_id=s3_upload, run_id=scheduled__2024-10-03T00:00:00+00:00, execution_date=20241003T000000, start_date=20241004T202643, end_date=20241004T202647
[2024-10-04T20:26:47.884+0000] {local_task_job_runner.py:266} INFO - Task exited with return code 0
[2024-10-04T20:26:47.907+0000] {taskinstance.py:3900} INFO - 0 downstream tasks scheduled from follow-on schedule check
[2024-10-04T20:26:47.911+0000] {local_task_job_runner.py:245} INFO - ::endgroup::
[2024-10-04T21:38:48.065+0000] {local_task_job_runner.py:123} INFO - ::group::Pre task execution logs
[2024-10-04T21:38:48.086+0000] {taskinstance.py:2612} INFO - Dependencies all met for dep_context=non-requeueable deps ti=<TaskInstance: youtube_pipeline.s3_upload scheduled__2024-10-03T00:00:00+00:00 [queued]>
[2024-10-04T21:38:48.099+0000] {taskinstance.py:2612} INFO - Dependencies all met for dep_context=requeueable deps ti=<TaskInstance: youtube_pipeline.s3_upload scheduled__2024-10-03T00:00:00+00:00 [queued]>
[2024-10-04T21:38:48.102+0000] {taskinstance.py:2865} INFO - Starting attempt 1 of 1
[2024-10-04T21:38:48.119+0000] {taskinstance.py:2888} INFO - Executing <Task(PythonOperator): s3_upload> on 2024-10-03 00:00:00+00:00
[2024-10-04T21:38:48.127+0000] {standard_task_runner.py:72} INFO - Started process 64 to run task
[2024-10-04T21:38:48.131+0000] {standard_task_runner.py:104} INFO - Running: ['airflow', 'tasks', 'run', 'youtube_pipeline', 's3_upload', 'scheduled__2024-10-03T00:00:00+00:00', '--job-id', '4', '--raw', '--subdir', 'DAGS_FOLDER/youtube_dag.py', '--cfg-path', '/tmp/tmprzd_wwx8']
[2024-10-04T21:38:48.135+0000] {standard_task_runner.py:105} INFO - Job 4: Subtask s3_upload
[2024-10-04T21:38:48.195+0000] {task_command.py:467} INFO - Running <TaskInstance: youtube_pipeline.s3_upload scheduled__2024-10-03T00:00:00+00:00 [running]> on host 4715c926778f
[2024-10-04T21:38:48.285+0000] {taskinstance.py:3131} INFO - Exporting env vars: AIRFLOW_CTX_DAG_OWNER='Haziq' AIRFLOW_CTX_DAG_ID='youtube_pipeline' AIRFLOW_CTX_TASK_ID='s3_upload' AIRFLOW_CTX_EXECUTION_DATE='2024-10-03T00:00:00+00:00' AIRFLOW_CTX_TRY_NUMBER='1' AIRFLOW_CTX_DAG_RUN_ID='scheduled__2024-10-03T00:00:00+00:00'
[2024-10-04T21:38:48.289+0000] {taskinstance.py:731} INFO - ::endgroup::
[2024-10-04T21:38:48.322+0000] {logging_mixin.py:190} INFO - connected successfully to s3
[2024-10-04T21:38:50.217+0000] {logging_mixin.py:190} INFO - bucket already exist
[2024-10-04T21:38:50.224+0000] {logging_mixin.py:190} INFO - /opt/airflow/data/output/top_videos_stats.csv
[2024-10-04T21:38:50.227+0000] {logging_mixin.py:190} INFO - destination is s3-reddit-storage-haziq/raw/top_videos_stats.csv
[2024-10-04T21:38:51.292+0000] {logging_mixin.py:190} INFO - file uploaded successfully
[2024-10-04T21:38:51.295+0000] {logging_mixin.py:190} INFO - /opt/airflow/data/output/view_stats.csv
[2024-10-04T21:38:51.297+0000] {logging_mixin.py:190} INFO - destination is s3-reddit-storage-haziq/raw/view_stats.csv
[2024-10-04T21:38:52.328+0000] {logging_mixin.py:190} INFO - file uploaded successfully
[2024-10-04T21:38:52.330+0000] {python.py:240} INFO - Done. Returned value was: /opt/airflow/data/output
[2024-10-04T21:38:52.355+0000] {taskinstance.py:340} INFO - ::group::Post task execution logs
[2024-10-04T21:38:52.357+0000] {taskinstance.py:352} INFO - Marking task as SUCCESS. dag_id=youtube_pipeline, task_id=s3_upload, run_id=scheduled__2024-10-03T00:00:00+00:00, execution_date=20241003T000000, start_date=20241004T213848, end_date=20241004T213852
[2024-10-04T21:38:52.410+0000] {local_task_job_runner.py:266} INFO - Task exited with return code 0
[2024-10-04T21:38:52.428+0000] {taskinstance.py:3900} INFO - 0 downstream tasks scheduled from follow-on schedule check
[2024-10-04T21:38:52.433+0000] {local_task_job_runner.py:245} INFO - ::endgroup::
